{"/home/ewerton/Projetos/prime/backend/src/app.controller.ts": {"path":"/home/ewerton/Projetos/prime/backend/src/app.controller.ts","statementMap":{"0":{"start":{"line":1,"column":0},"end":{"line":1,"column":49}},"1":{"start":{"line":2,"column":0},"end":{"line":2,"column":43}},"2":{"start":{"line":5,"column":7},"end":{"line":12,"column":null}},"3":{"start":{"line":6,"column":31},"end":{"line":6,"column":43}},"4":{"start":{"line":10,"column":4},"end":{"line":10,"column":38}},"5":{"start":{"line":5,"column":13},"end":{"line":5,"column":26}},"6":{"start":{"line":9,"column":2},"end":{"line":11,"column":null}},"7":{"start":{"line":5,"column":13},"end":{"line":12,"column":null}}},"fnMap":{"0":{"name":"(anonymous_2)","decl":{"start":{"line":6,"column":2},"end":{"line":6,"column":31}},"loc":{"start":{"line":6,"column":53},"end":{"line":6,"column":57}}},"1":{"name":"(anonymous_3)","decl":{"start":{"line":9,"column":2},"end":{"line":9,"column":10}},"loc":{"start":{"line":9,"column":10},"end":{"line":11,"column":3}}}},"branchMap":{},"s":{"0":1,"1":1,"2":1,"3":1,"4":1,"5":1,"6":1,"7":1},"f":{"0":1,"1":1},"b":{}}
,"/home/ewerton/Projetos/prime/backend/src/app.module.ts": {"path":"/home/ewerton/Projetos/prime/backend/src/app.module.ts","statementMap":{"0":{"start":{"line":1,"column":0},"end":{"line":1,"column":40}},"1":{"start":{"line":2,"column":0},"end":{"line":2,"column":61}},"2":{"start":{"line":3,"column":0},"end":{"line":3,"column":48}},"3":{"start":{"line":4,"column":0},"end":{"line":4,"column":53}},"4":{"start":{"line":5,"column":0},"end":{"line":5,"column":49}},"5":{"start":{"line":6,"column":0},"end":{"line":6,"column":43}},"6":{"start":{"line":7,"column":0},"end":{"line":7,"column":61}},"7":{"start":{"line":8,"column":0},"end":{"line":8,"column":56}},"8":{"start":{"line":9,"column":0},"end":{"line":9,"column":74}},"9":{"start":{"line":10,"column":0},"end":{"line":10,"column":68}},"10":{"start":{"line":11,"column":0},"end":{"line":11,"column":97}},"11":{"start":{"line":12,"column":0},"end":{"line":12,"column":59}},"12":{"start":{"line":13,"column":0},"end":{"line":13,"column":59}},"13":{"start":{"line":14,"column":0},"end":{"line":14,"column":62}},"14":{"start":{"line":15,"column":0},"end":{"line":15,"column":86}},"15":{"start":{"line":16,"column":0},"end":{"line":16,"column":76}},"16":{"start":{"line":17,"column":0},"end":{"line":17,"column":62}},"17":{"start":{"line":18,"column":0},"end":{"line":18,"column":77}},"18":{"start":{"line":61,"column":7},"end":{"line":61,"column":null}},"19":{"start":{"line":61,"column":13},"end":{"line":61,"column":22}},"20":{"start":{"line":61,"column":13},"end":{"line":61,"column":null}},"21":{"start":{"line":31,"column":8},"end":{"line":31,"column":40}}},"fnMap":{"0":{"name":"(anonymous_1)","decl":{"start":{"line":30,"column":18},"end":{"line":30,"column":19}},"loc":{"start":{"line":31,"column":8},"end":{"line":31,"column":40}}}},"branchMap":{},"s":{"0":0,"1":0,"2":0,"3":0,"4":0,"5":0,"6":0,"7":0,"8":0,"9":0,"10":0,"11":0,"12":0,"13":0,"14":0,"15":0,"16":0,"17":0,"18":0,"19":0,"20":0,"21":0},"f":{"0":0},"b":{}}
,"/home/ewerton/Projetos/prime/backend/src/app.service.ts": {"path":"/home/ewerton/Projetos/prime/backend/src/app.service.ts","statementMap":{"0":{"start":{"line":1,"column":0},"end":{"line":1,"column":44}},"1":{"start":{"line":4,"column":7},"end":{"line":8,"column":null}},"2":{"start":{"line":6,"column":4},"end":{"line":6,"column":26}},"3":{"start":{"line":4,"column":13},"end":{"line":4,"column":23}},"4":{"start":{"line":4,"column":13},"end":{"line":8,"column":null}}},"fnMap":{"0":{"name":"(anonymous_1)","decl":{"start":{"line":5,"column":2},"end":{"line":5,"column":10}},"loc":{"start":{"line":5,"column":10},"end":{"line":7,"column":3}}}},"branchMap":{},"s":{"0":1,"1":1,"2":1,"3":1,"4":1},"f":{"0":1},"b":{}}
,"/home/ewerton/Projetos/prime/backend/src/main.ts": {"path":"/home/ewerton/Projetos/prime/backend/src/main.ts","statementMap":{"0":{"start":{"line":1,"column":0},"end":{"line":1,"column":43}},"1":{"start":{"line":2,"column":0},"end":{"line":2,"column":48}},"2":{"start":{"line":3,"column":0},"end":{"line":3,"column":47}},"3":{"start":{"line":4,"column":0},"end":{"line":4,"column":65}},"4":{"start":{"line":5,"column":0},"end":{"line":5,"column":28}},"5":{"start":{"line":6,"column":0},"end":{"line":6,"column":41}},"6":{"start":{"line":7,"column":0},"end":{"line":7,"column":49}},"7":{"start":{"line":10,"column":14},"end":{"line":10,"column":49}},"8":{"start":{"line":13,"column":24},"end":{"line":13,"column":46}},"9":{"start":{"line":14,"column":18},"end":{"line":14,"column":72}},"10":{"start":{"line":15,"column":23},"end":{"line":15,"column":47}},"11":{"start":{"line":18,"column":2},"end":{"line":21,"column":6}},"12":{"start":{"line":24,"column":2},"end":{"line":24,"column":45}},"13":{"start":{"line":27,"column":20},"end":{"line":27,"column":71}},"14":{"start":{"line":28,"column":2},"end":{"line":28,"column":33}},"15":{"start":{"line":31,"column":24},"end":{"line":31,"column":91}},"16":{"start":{"line":32,"column":25},"end":{"line":32,"column":94}},"17":{"start":{"line":32,"column":64},"end":{"line":32,"column":77}},"18":{"start":{"line":34,"column":2},"end":{"line":80,"column":5}},"19":{"start":{"line":39,"column":6},"end":{"line":50,"column":7}},"20":{"start":{"line":40,"column":8},"end":{"line":44,"column":9}},"21":{"start":{"line":43,"column":10},"end":{"line":43,"column":38}},"22":{"start":{"line":46,"column":8},"end":{"line":48,"column":9}},"23":{"start":{"line":47,"column":10},"end":{"line":47,"column":90}},"24":{"start":{"line":49,"column":8},"end":{"line":49,"column":36}},"25":{"start":{"line":53,"column":6},"end":{"line":58,"column":7}},"26":{"start":{"line":54,"column":8},"end":{"line":56,"column":9}},"27":{"start":{"line":55,"column":10},"end":{"line":55,"column":55}},"28":{"start":{"line":57,"column":8},"end":{"line":57,"column":36}},"29":{"start":{"line":61,"column":6},"end":{"line":66,"column":7}},"30":{"start":{"line":62,"column":8},"end":{"line":64,"column":9}},"31":{"start":{"line":63,"column":10},"end":{"line":63,"column":72}},"32":{"start":{"line":65,"column":8},"end":{"line":65,"column":36}},"33":{"start":{"line":69,"column":6},"end":{"line":73,"column":7}},"34":{"start":{"line":70,"column":8},"end":{"line":70,"column":66}},"35":{"start":{"line":72,"column":8},"end":{"line":72,"column":53}},"36":{"start":{"line":74,"column":6},"end":{"line":74,"column":56}},"37":{"start":{"line":83,"column":2},"end":{"line":92,"column":4}},"38":{"start":{"line":95,"column":24},"end":{"line":131,"column":12}},"39":{"start":{"line":134,"column":24},"end":{"line":134,"column":95}},"40":{"start":{"line":135,"column":26},"end":{"line":135,"column":71}},"41":{"start":{"line":136,"column":26},"end":{"line":136,"column":71}},"42":{"start":{"line":138,"column":2},"end":{"line":191,"column":3}},"43":{"start":{"line":140,"column":4},"end":{"line":142,"column":5}},"44":{"start":{"line":141,"column":6},"end":{"line":141,"column":131}},"45":{"start":{"line":145,"column":4},"end":{"line":181,"column":5}},"46":{"start":{"line":146,"column":6},"end":{"line":180,"column":9}},"47":{"start":{"line":148,"column":8},"end":{"line":177,"column":9}},"48":{"start":{"line":149,"column":29},"end":{"line":149,"column":54}},"49":{"start":{"line":151,"column":10},"end":{"line":158,"column":11}},"50":{"start":{"line":152,"column":12},"end":{"line":152,"column":85}},"51":{"start":{"line":153,"column":12},"end":{"line":157,"column":15}},"52":{"start":{"line":161,"column":36},"end":{"line":161,"column":60}},"53":{"start":{"line":162,"column":30},"end":{"line":162,"column":88}},"54":{"start":{"line":163,"column":39},"end":{"line":163,"column":61}},"55":{"start":{"line":166,"column":10},"end":{"line":168,"column":11}},"56":{"start":{"line":167,"column":12},"end":{"line":167,"column":26}},"57":{"start":{"line":171,"column":10},"end":{"line":171,"column":83}},"58":{"start":{"line":172,"column":10},"end":{"line":176,"column":13}},"59":{"start":{"line":179,"column":8},"end":{"line":179,"column":22}},"60":{"start":{"line":183,"column":21},"end":{"line":183,"column":69}},"61":{"start":{"line":184,"column":4},"end":{"line":188,"column":7}},"62":{"start":{"line":189,"column":9},"end":{"line":191,"column":3}},"63":{"start":{"line":190,"column":4},"end":{"line":190,"column":102}},"64":{"start":{"line":194,"column":15},"end":{"line":194,"column":56}},"65":{"start":{"line":195,"column":2},"end":{"line":195,"column":25}},"66":{"start":{"line":198,"column":2},"end":{"line":198,"column":81}},"67":{"start":{"line":199,"column":2},"end":{"line":199,"column":79}},"68":{"start":{"line":201,"column":2},"end":{"line":207,"column":3}},"69":{"start":{"line":202,"column":4},"end":{"line":206,"column":5}},"70":{"start":{"line":203,"column":6},"end":{"line":203,"column":97}},"71":{"start":{"line":205,"column":6},"end":{"line":205,"column":138}},"72":{"start":{"line":209,"column":2},"end":{"line":215,"column":3}},"73":{"start":{"line":210,"column":4},"end":{"line":210,"column":133}},"74":{"start":{"line":211,"column":4},"end":{"line":211,"column":82}},"75":{"start":{"line":213,"column":4},"end":{"line":213,"column":105}},"76":{"start":{"line":214,"column":4},"end":{"line":214,"column":71}},"77":{"start":{"line":218,"column":0},"end":{"line":218,"column":12}}},"fnMap":{"0":{"name":"bootstrap","decl":{"start":{"line":9,"column":15},"end":{"line":9,"column":24}},"loc":{"start":{"line":9,"column":24},"end":{"line":216,"column":1}}},"1":{"name":"(anonymous_1)","decl":{"start":{"line":32,"column":54},"end":{"line":32,"column":60}},"loc":{"start":{"line":32,"column":64},"end":{"line":32,"column":77}}},"2":{"name":"(anonymous_2)","decl":{"start":{"line":35,"column":12},"end":{"line":35,"column":13}},"loc":{"start":{"line":35,"column":33},"end":{"line":75,"column":5}}},"3":{"name":"(anonymous_3)","decl":{"start":{"line":146,"column":14},"end":{"line":146,"column":15}},"loc":{"start":{"line":146,"column":33},"end":{"line":180,"column":7}}}},"branchMap":{"0":{"loc":{"start":{"line":14,"column":18},"end":{"line":14,"column":72}},"type":"binary-expr","locations":[{"start":{"line":14,"column":18},"end":{"line":14,"column":55}},{"start":{"line":14,"column":59},"end":{"line":14,"column":72}}]},"1":{"loc":{"start":{"line":27,"column":20},"end":{"line":27,"column":71}},"type":"binary-expr","locations":[{"start":{"line":27,"column":20},"end":{"line":27,"column":59}},{"start":{"line":27,"column":63},"end":{"line":27,"column":71}}]},"2":{"loc":{"start":{"line":31,"column":24},"end":{"line":31,"column":91}},"type":"binary-expr","locations":[{"start":{"line":31,"column":24},"end":{"line":31,"column":64}},{"start":{"line":31,"column":68},"end":{"line":31,"column":91}}]},"3":{"loc":{"start":{"line":39,"column":6},"end":{"line":50,"column":7}},"type":"if","locations":[{"start":{"line":39,"column":6},"end":{"line":50,"column":7}}]},"4":{"loc":{"start":{"line":40,"column":8},"end":{"line":44,"column":9}},"type":"if","locations":[{"start":{"line":40,"column":8},"end":{"line":44,"column":9}}]},"5":{"loc":{"start":{"line":46,"column":8},"end":{"line":48,"column":9}},"type":"if","locations":[{"start":{"line":46,"column":8},"end":{"line":48,"column":9}}]},"6":{"loc":{"start":{"line":53,"column":6},"end":{"line":58,"column":7}},"type":"if","locations":[{"start":{"line":53,"column":6},"end":{"line":58,"column":7}}]},"7":{"loc":{"start":{"line":54,"column":8},"end":{"line":56,"column":9}},"type":"if","locations":[{"start":{"line":54,"column":8},"end":{"line":56,"column":9}}]},"8":{"loc":{"start":{"line":61,"column":6},"end":{"line":66,"column":7}},"type":"if","locations":[{"start":{"line":61,"column":6},"end":{"line":66,"column":7}}]},"9":{"loc":{"start":{"line":61,"column":10},"end":{"line":61,"column":75}},"type":"binary-expr","locations":[{"start":{"line":61,"column":10},"end":{"line":61,"column":23}},{"start":{"line":61,"column":27},"end":{"line":61,"column":33}},{"start":{"line":61,"column":37},"end":{"line":61,"column":75}}]},"10":{"loc":{"start":{"line":62,"column":8},"end":{"line":64,"column":9}},"type":"if","locations":[{"start":{"line":62,"column":8},"end":{"line":64,"column":9}}]},"11":{"loc":{"start":{"line":69,"column":6},"end":{"line":73,"column":7}},"type":"if","locations":[{"start":{"line":69,"column":6},"end":{"line":73,"column":7}},{"start":{"line":71,"column":13},"end":{"line":73,"column":7}}]},"12":{"loc":{"start":{"line":79,"column":12},"end":{"line":79,"column":36}},"type":"cond-expr","locations":[{"start":{"line":79,"column":27},"end":{"line":79,"column":32}},{"start":{"line":79,"column":35},"end":{"line":79,"column":36}}]},"13":{"loc":{"start":{"line":134,"column":24},"end":{"line":134,"column":95}},"type":"binary-expr","locations":[{"start":{"line":134,"column":24},"end":{"line":134,"column":78}},{"start":{"line":134,"column":82},"end":{"line":134,"column":95}}]},"14":{"loc":{"start":{"line":138,"column":2},"end":{"line":191,"column":3}},"type":"if","locations":[{"start":{"line":138,"column":2},"end":{"line":191,"column":3}},{"start":{"line":189,"column":9},"end":{"line":191,"column":3}}]},"15":{"loc":{"start":{"line":140,"column":4},"end":{"line":142,"column":5}},"type":"if","locations":[{"start":{"line":140,"column":4},"end":{"line":142,"column":5}}]},"16":{"loc":{"start":{"line":140,"column":8},"end":{"line":140,"column":62}},"type":"binary-expr","locations":[{"start":{"line":140,"column":8},"end":{"line":140,"column":20}},{"start":{"line":140,"column":25},"end":{"line":140,"column":41}},{"start":{"line":140,"column":45},"end":{"line":140,"column":61}}]},"17":{"loc":{"start":{"line":145,"column":4},"end":{"line":181,"column":5}},"type":"if","locations":[{"start":{"line":145,"column":4},"end":{"line":181,"column":5}}]},"18":{"loc":{"start":{"line":145,"column":8},"end":{"line":145,"column":42}},"type":"binary-expr","locations":[{"start":{"line":145,"column":8},"end":{"line":145,"column":23}},{"start":{"line":145,"column":27},"end":{"line":145,"column":42}}]},"19":{"loc":{"start":{"line":148,"column":8},"end":{"line":177,"column":9}},"type":"if","locations":[{"start":{"line":148,"column":8},"end":{"line":177,"column":9}}]},"20":{"loc":{"start":{"line":151,"column":10},"end":{"line":158,"column":11}},"type":"if","locations":[{"start":{"line":151,"column":10},"end":{"line":158,"column":11}}]},"21":{"loc":{"start":{"line":151,"column":14},"end":{"line":151,"column":61}},"type":"binary-expr","locations":[{"start":{"line":151,"column":14},"end":{"line":151,"column":25}},{"start":{"line":151,"column":29},"end":{"line":151,"column":61}}]},"22":{"loc":{"start":{"line":166,"column":10},"end":{"line":168,"column":11}},"type":"if","locations":[{"start":{"line":166,"column":10},"end":{"line":168,"column":11}}]},"23":{"loc":{"start":{"line":166,"column":14},"end":{"line":166,"column":74}},"type":"binary-expr","locations":[{"start":{"line":166,"column":14},"end":{"line":166,"column":42}},{"start":{"line":166,"column":46},"end":{"line":166,"column":74}}]},"24":{"loc":{"start":{"line":189,"column":9},"end":{"line":191,"column":3}},"type":"if","locations":[{"start":{"line":189,"column":9},"end":{"line":191,"column":3}}]},"25":{"loc":{"start":{"line":194,"column":15},"end":{"line":194,"column":56}},"type":"binary-expr","locations":[{"start":{"line":194,"column":15},"end":{"line":194,"column":48}},{"start":{"line":194,"column":52},"end":{"line":194,"column":56}}]},"26":{"loc":{"start":{"line":199,"column":30},"end":{"line":199,"column":75}},"type":"cond-expr","locations":[{"start":{"line":199,"column":45},"end":{"line":199,"column":55}},{"start":{"line":199,"column":58},"end":{"line":199,"column":75}}]},"27":{"loc":{"start":{"line":201,"column":2},"end":{"line":207,"column":3}},"type":"if","locations":[{"start":{"line":201,"column":2},"end":{"line":207,"column":3}}]},"28":{"loc":{"start":{"line":202,"column":4},"end":{"line":206,"column":5}},"type":"if","locations":[{"start":{"line":202,"column":4},"end":{"line":206,"column":5}},{"start":{"line":204,"column":11},"end":{"line":206,"column":5}}]},"29":{"loc":{"start":{"line":202,"column":8},"end":{"line":202,"column":42}},"type":"binary-expr","locations":[{"start":{"line":202,"column":8},"end":{"line":202,"column":23}},{"start":{"line":202,"column":27},"end":{"line":202,"column":42}}]},"30":{"loc":{"start":{"line":209,"column":2},"end":{"line":215,"column":3}},"type":"if","locations":[{"start":{"line":209,"column":2},"end":{"line":215,"column":3}},{"start":{"line":212,"column":9},"end":{"line":215,"column":3}}]},"31":{"loc":{"start":{"line":210,"column":45},"end":{"line":210,"column":129}},"type":"cond-expr","locations":[{"start":{"line":210,"column":73},"end":{"line":210,"column":98}},{"start":{"line":210,"column":101},"end":{"line":210,"column":129}}]},"32":{"loc":{"start":{"line":213,"column":45},"end":{"line":213,"column":101}},"type":"binary-expr","locations":[{"start":{"line":213,"column":45},"end":{"line":213,"column":70}},{"start":{"line":213,"column":74},"end":{"line":213,"column":101}}]}},"s":{"0":0,"1":0,"2":0,"3":0,"4":0,"5":0,"6":0,"7":0,"8":0,"9":0,"10":0,"11":0,"12":0,"13":0,"14":0,"15":0,"16":0,"17":0,"18":0,"19":0,"20":0,"21":0,"22":0,"23":0,"24":0,"25":0,"26":0,"27":0,"28":0,"29":0,"30":0,"31":0,"32":0,"33":0,"34":0,"35":0,"36":0,"37":0,"38":0,"39":0,"40":0,"41":0,"42":0,"43":0,"44":0,"45":0,"46":0,"47":0,"48":0,"49":0,"50":0,"51":0,"52":0,"53":0,"54":0,"55":0,"56":0,"57":0,"58":0,"59":0,"60":0,"61":0,"62":0,"63":0,"64":0,"65":0,"66":0,"67":0,"68":0,"69":0,"70":0,"71":0,"72":0,"73":0,"74":0,"75":0,"76":0,"77":0},"f":{"0":0,"1":0,"2":0,"3":0},"b":{"0":[0,0],"1":[0,0],"2":[0,0],"3":[0],"4":[0],"5":[0],"6":[0],"7":[0],"8":[0],"9":[0,0,0],"10":[0],"11":[0,0],"12":[0,0],"13":[0,0],"14":[0,0],"15":[0],"16":[0,0,0],"17":[0],"18":[0,0],"19":[0],"20":[0],"21":[0,0],"22":[0],"23":[0,0],"24":[0],"25":[0,0],"26":[0,0],"27":[0],"28":[0,0],"29":[0,0],"30":[0,0],"31":[0,0],"32":[0,0]}}
,"/home/ewerton/Projetos/prime/backend/src/common/decorators/client.decorator.ts": {"path":"/home/ewerton/Projetos/prime/backend/src/common/decorators/client.decorator.ts","statementMap":{"0":{"start":{"line":1,"column":0},"end":{"line":1,"column":72}},"1":{"start":{"line":3,"column":13},"end":{"line":8,"column":2}},"2":{"start":{"line":5,"column":20},"end":{"line":5,"column":51}},"3":{"start":{"line":6,"column":4},"end":{"line":6,"column":24}}},"fnMap":{"0":{"name":"(anonymous_0)","decl":{"start":{"line":4,"column":2},"end":{"line":4,"column":3}},"loc":{"start":{"line":4,"column":43},"end":{"line":7,"column":3}}}},"branchMap":{},"s":{"0":0,"1":0,"2":0,"3":0},"f":{"0":0},"b":{}}
,"/home/ewerton/Projetos/prime/backend/src/common/decorators/public.decorator.ts": {"path":"/home/ewerton/Projetos/prime/backend/src/common/decorators/public.decorator.ts","statementMap":{"0":{"start":{"line":1,"column":0},"end":{"line":1,"column":45}},"1":{"start":{"line":3,"column":13},"end":{"line":3,"column":40}},"2":{"start":{"line":4,"column":22},"end":{"line":4,"column":60}},"3":{"start":{"line":4,"column":28},"end":{"line":4,"column":60}},"4":{"start":{"line":4,"column":13},"end":{"line":4,"column":22}}},"fnMap":{"0":{"name":"(anonymous_0)","decl":{"start":{"line":4,"column":22},"end":{"line":4,"column":25}},"loc":{"start":{"line":4,"column":28},"end":{"line":4,"column":60}}}},"branchMap":{},"s":{"0":1,"1":1,"2":1,"3":2,"4":1},"f":{"0":2},"b":{}}
,"/home/ewerton/Projetos/prime/backend/src/common/decorators/user.decorator.ts": {"path":"/home/ewerton/Projetos/prime/backend/src/common/decorators/user.decorator.ts","statementMap":{"0":{"start":{"line":1,"column":0},"end":{"line":1,"column":72}},"1":{"start":{"line":3,"column":13},"end":{"line":8,"column":2}},"2":{"start":{"line":5,"column":20},"end":{"line":5,"column":51}},"3":{"start":{"line":6,"column":4},"end":{"line":6,"column":24}}},"fnMap":{"0":{"name":"(anonymous_0)","decl":{"start":{"line":4,"column":2},"end":{"line":4,"column":3}},"loc":{"start":{"line":4,"column":43},"end":{"line":7,"column":3}}}},"branchMap":{},"s":{"0":1,"1":1,"2":0,"3":0},"f":{"0":0},"b":{}}
,"/home/ewerton/Projetos/prime/backend/src/common/filters/http-exception.filter.ts": {"path":"/home/ewerton/Projetos/prime/backend/src/common/filters/http-exception.filter.ts","statementMap":{"0":{"start":{"line":1,"column":0},"end":{"line":1,"column":null}},"1":{"start":{"line":12,"column":32},"end":{"line":139,"column":null}},"2":{"start":{"line":13,"column":19},"end":{"line":13,"column":65}},"3":{"start":{"line":16,"column":16},"end":{"line":16,"column":35}},"4":{"start":{"line":17,"column":21},"end":{"line":17,"column":48}},"5":{"start":{"line":18,"column":20},"end":{"line":18,"column":45}},"6":{"start":{"line":20,"column":17},"end":{"line":20,"column":49}},"7":{"start":{"line":21,"column":18},"end":{"line":21,"column":41}},"8":{"start":{"line":22,"column":22},"end":{"line":22,"column":26}},"9":{"start":{"line":24,"column":4},"end":{"line":43,"column":5}},"10":{"start":{"line":25,"column":6},"end":{"line":25,"column":37}},"11":{"start":{"line":26,"column":32},"end":{"line":26,"column":55}},"12":{"start":{"line":28,"column":6},"end":{"line":34,"column":7}},"13":{"start":{"line":29,"column":8},"end":{"line":30,"column":66}},"14":{"start":{"line":31,"column":8},"end":{"line":31,"column":59}},"15":{"start":{"line":33,"column":8},"end":{"line":33,"column":46}},"16":{"start":{"line":35,"column":11},"end":{"line":43,"column":5}},"17":{"start":{"line":36,"column":6},"end":{"line":36,"column":34}},"18":{"start":{"line":39,"column":6},"end":{"line":42,"column":7}},"19":{"start":{"line":40,"column":8},"end":{"line":40,"column":57}},"20":{"start":{"line":41,"column":8},"end":{"line":41,"column":65}},"21":{"start":{"line":46,"column":22},"end":{"line":46,"column":75}},"22":{"start":{"line":48,"column":4},"end":{"line":53,"column":5}},"23":{"start":{"line":49,"column":6},"end":{"line":52,"column":8}},"24":{"start":{"line":56,"column":26},"end":{"line":63,"column":6}},"25":{"start":{"line":65,"column":4},"end":{"line":65,"column":48}},"26":{"start":{"line":69,"column":17},"end":{"line":69,"column":27}},"27":{"start":{"line":71,"column":4},"end":{"line":86,"column":5}},"28":{"start":{"line":73,"column":8},"end":{"line":73,"column":35}},"29":{"start":{"line":75,"column":8},"end":{"line":75,"column":38}},"30":{"start":{"line":77,"column":8},"end":{"line":77,"column":38}},"31":{"start":{"line":79,"column":8},"end":{"line":79,"column":38}},"32":{"start":{"line":81,"column":8},"end":{"line":81,"column":38}},"33":{"start":{"line":83,"column":8},"end":{"line":83,"column":38}},"34":{"start":{"line":85,"column":8},"end":{"line":85,"column":48}},"35":{"start":{"line":90,"column":17},"end":{"line":90,"column":27}},"36":{"start":{"line":92,"column":4},"end":{"line":107,"column":5}},"37":{"start":{"line":94,"column":8},"end":{"line":94,"column":57}},"38":{"start":{"line":96,"column":8},"end":{"line":96,"column":50}},"39":{"start":{"line":98,"column":8},"end":{"line":98,"column":47}},"40":{"start":{"line":100,"column":8},"end":{"line":100,"column":55}},"41":{"start":{"line":102,"column":8},"end":{"line":102,"column":52}},"42":{"start":{"line":104,"column":8},"end":{"line":104,"column":61}},"43":{"start":{"line":106,"column":8},"end":{"line":106,"column":60}},"44":{"start":{"line":112,"column":4},"end":{"line":114,"column":5}},"45":{"start":{"line":113,"column":6},"end":{"line":113,"column":18}},"46":{"start":{"line":117,"column":4},"end":{"line":135,"column":5}},"47":{"start":{"line":118,"column":27},"end":{"line":132,"column":8}},"48":{"start":{"line":134,"column":6},"end":{"line":134,"column":61}},"49":{"start":{"line":134,"column":41},"end":{"line":134,"column":59}},"50":{"start":{"line":137,"column":4},"end":{"line":137,"column":17}},"51":{"start":{"line":12,"column":13},"end":{"line":12,"column":32}},"52":{"start":{"line":12,"column":13},"end":{"line":139,"column":null}}},"fnMap":{"0":{"name":"(anonymous_1)","decl":{"start":{"line":12,"column":7},"end":{"line":12,"column":13}},"loc":{"start":{"line":12,"column":7},"end":{"line":139,"column":1}}},"1":{"name":"(anonymous_2)","decl":{"start":{"line":15,"column":2},"end":{"line":15,"column":7}},"loc":{"start":{"line":15,"column":47},"end":{"line":66,"column":3}}},"2":{"name":"(anonymous_3)","decl":{"start":{"line":68,"column":10},"end":{"line":68,"column":26}},"loc":{"start":{"line":68,"column":37},"end":{"line":87,"column":3}}},"3":{"name":"(anonymous_4)","decl":{"start":{"line":89,"column":10},"end":{"line":89,"column":33}},"loc":{"start":{"line":89,"column":44},"end":{"line":108,"column":3}}},"4":{"name":"(anonymous_5)","decl":{"start":{"line":110,"column":10},"end":{"line":110,"column":27}},"loc":{"start":{"line":110,"column":72},"end":{"line":138,"column":3}}},"5":{"name":"(anonymous_6)","decl":{"start":{"line":134,"column":31},"end":{"line":134,"column":32}},"loc":{"start":{"line":134,"column":41},"end":{"line":134,"column":59}}}},"branchMap":{"0":{"loc":{"start":{"line":24,"column":4},"end":{"line":43,"column":5}},"type":"if","locations":[{"start":{"line":24,"column":4},"end":{"line":43,"column":5}},{"start":{"line":35,"column":11},"end":{"line":43,"column":5}}]},"1":{"loc":{"start":{"line":28,"column":6},"end":{"line":34,"column":7}},"type":"if","locations":[{"start":{"line":28,"column":6},"end":{"line":34,"column":7}},{"start":{"line":32,"column":13},"end":{"line":34,"column":7}}]},"2":{"loc":{"start":{"line":28,"column":10},"end":{"line":28,"column":77}},"type":"binary-expr","locations":[{"start":{"line":28,"column":10},"end":{"line":28,"column":47}},{"start":{"line":28,"column":51},"end":{"line":28,"column":77}}]},"3":{"loc":{"start":{"line":30,"column":11},"end":{"line":30,"column":65}},"type":"binary-expr","locations":[{"start":{"line":30,"column":11},"end":{"line":30,"column":44}},{"start":{"line":30,"column":48},"end":{"line":30,"column":65}}]},"4":{"loc":{"start":{"line":31,"column":18},"end":{"line":31,"column":58}},"type":"binary-expr","locations":[{"start":{"line":31,"column":18},"end":{"line":31,"column":50}},{"start":{"line":31,"column":54},"end":{"line":31,"column":58}}]},"5":{"loc":{"start":{"line":35,"column":11},"end":{"line":43,"column":5}},"type":"if","locations":[{"start":{"line":35,"column":11},"end":{"line":43,"column":5}}]},"6":{"loc":{"start":{"line":39,"column":6},"end":{"line":42,"column":7}},"type":"if","locations":[{"start":{"line":39,"column":6},"end":{"line":42,"column":7}}]},"7":{"loc":{"start":{"line":48,"column":4},"end":{"line":53,"column":5}},"type":"if","locations":[{"start":{"line":48,"column":4},"end":{"line":53,"column":5}}]},"8":{"loc":{"start":{"line":51,"column":8},"end":{"line":51,"column":64}},"type":"cond-expr","locations":[{"start":{"line":51,"column":37},"end":{"line":51,"column":52}},{"start":{"line":51,"column":55},"end":{"line":51,"column":64}}]},"9":{"loc":{"start":{"line":62,"column":10},"end":{"line":62,"column":30}},"type":"binary-expr","locations":[{"start":{"line":62,"column":10},"end":{"line":62,"column":16}},{"start":{"line":62,"column":20},"end":{"line":62,"column":30}}]},"10":{"loc":{"start":{"line":71,"column":4},"end":{"line":86,"column":5}},"type":"switch","locations":[{"start":{"line":72,"column":6},"end":{"line":73,"column":35}},{"start":{"line":74,"column":6},"end":{"line":75,"column":38}},{"start":{"line":76,"column":6},"end":{"line":77,"column":38}},{"start":{"line":78,"column":6},"end":{"line":79,"column":38}},{"start":{"line":80,"column":6},"end":{"line":81,"column":38}},{"start":{"line":82,"column":6},"end":{"line":83,"column":38}},{"start":{"line":84,"column":6},"end":{"line":85,"column":48}}]},"11":{"loc":{"start":{"line":92,"column":4},"end":{"line":107,"column":5}},"type":"switch","locations":[{"start":{"line":93,"column":6},"end":{"line":94,"column":57}},{"start":{"line":95,"column":6},"end":{"line":96,"column":50}},{"start":{"line":97,"column":6},"end":{"line":98,"column":47}},{"start":{"line":99,"column":6},"end":{"line":100,"column":55}},{"start":{"line":101,"column":6},"end":{"line":102,"column":52}},{"start":{"line":103,"column":6},"end":{"line":104,"column":61}},{"start":{"line":105,"column":6},"end":{"line":106,"column":60}}]},"12":{"loc":{"start":{"line":106,"column":15},"end":{"line":106,"column":59}},"type":"binary-expr","locations":[{"start":{"line":106,"column":15},"end":{"line":106,"column":28}},{"start":{"line":106,"column":32},"end":{"line":106,"column":59}}]},"13":{"loc":{"start":{"line":112,"column":4},"end":{"line":114,"column":5}},"type":"if","locations":[{"start":{"line":112,"column":4},"end":{"line":114,"column":5}}]},"14":{"loc":{"start":{"line":112,"column":8},"end":{"line":112,"column":43}},"type":"binary-expr","locations":[{"start":{"line":112,"column":8},"end":{"line":112,"column":25}},{"start":{"line":112,"column":29},"end":{"line":112,"column":43}}]},"15":{"loc":{"start":{"line":117,"column":4},"end":{"line":135,"column":5}},"type":"if","locations":[{"start":{"line":117,"column":4},"end":{"line":135,"column":5}}]}},"s":{"0":0,"1":0,"2":0,"3":0,"4":0,"5":0,"6":0,"7":0,"8":0,"9":0,"10":0,"11":0,"12":0,"13":0,"14":0,"15":0,"16":0,"17":0,"18":0,"19":0,"20":0,"21":0,"22":0,"23":0,"24":0,"25":0,"26":0,"27":0,"28":0,"29":0,"30":0,"31":0,"32":0,"33":0,"34":0,"35":0,"36":0,"37":0,"38":0,"39":0,"40":0,"41":0,"42":0,"43":0,"44":0,"45":0,"46":0,"47":0,"48":0,"49":0,"50":0,"51":0,"52":0},"f":{"0":0,"1":0,"2":0,"3":0,"4":0,"5":0},"b":{"0":[0,0],"1":[0,0],"2":[0,0],"3":[0,0],"4":[0,0],"5":[0],"6":[0],"7":[0],"8":[0,0],"9":[0,0],"10":[0,0,0,0,0,0,0],"11":[0,0,0,0,0,0,0],"12":[0,0],"13":[0],"14":[0,0],"15":[0]}}
,"/home/ewerton/Projetos/prime/backend/src/common/guards/jwt-auth.guard.ts": {"path":"/home/ewerton/Projetos/prime/backend/src/common/guards/jwt-auth.guard.ts","statementMap":{"0":{"start":{"line":1,"column":0},"end":{"line":1,"column":62}},"1":{"start":{"line":2,"column":0},"end":{"line":2,"column":45}},"2":{"start":{"line":3,"column":0},"end":{"line":3,"column":41}},"3":{"start":{"line":7,"column":7},"end":{"line":43,"column":null}},"4":{"start":{"line":9,"column":4},"end":{"line":9,"column":12}},"5":{"start":{"line":8,"column":22},"end":{"line":8,"column":33}},"6":{"start":{"line":15,"column":20},"end":{"line":15,"column":55}},"7":{"start":{"line":16,"column":16},"end":{"line":16,"column":27}},"8":{"start":{"line":19,"column":4},"end":{"line":29,"column":5}},"9":{"start":{"line":28,"column":6},"end":{"line":28,"column":18}},"10":{"start":{"line":32,"column":21},"end":{"line":35,"column":6}},"11":{"start":{"line":37,"column":4},"end":{"line":39,"column":5}},"12":{"start":{"line":38,"column":6},"end":{"line":38,"column":18}},"13":{"start":{"line":41,"column":4},"end":{"line":41,"column":38}},"14":{"start":{"line":7,"column":13},"end":{"line":7,"column":25}},"15":{"start":{"line":7,"column":13},"end":{"line":43,"column":null}}},"fnMap":{"0":{"name":"(anonymous_2)","decl":{"start":{"line":8,"column":2},"end":{"line":8,"column":22}},"loc":{"start":{"line":8,"column":42},"end":{"line":10,"column":3}}},"1":{"name":"(anonymous_3)","decl":{"start":{"line":12,"column":2},"end":{"line":12,"column":13}},"loc":{"start":{"line":13,"column":29},"end":{"line":42,"column":3}}}},"branchMap":{"0":{"loc":{"start":{"line":19,"column":4},"end":{"line":29,"column":5}},"type":"if","locations":[{"start":{"line":19,"column":4},"end":{"line":29,"column":5}}]},"1":{"loc":{"start":{"line":20,"column":6},"end":{"line":26,"column":33}},"type":"binary-expr","locations":[{"start":{"line":20,"column":6},"end":{"line":20,"column":33}},{"start":{"line":21,"column":6},"end":{"line":21,"column":34}},{"start":{"line":22,"column":6},"end":{"line":22,"column":38}},{"start":{"line":23,"column":6},"end":{"line":23,"column":38}},{"start":{"line":24,"column":6},"end":{"line":24,"column":32}},{"start":{"line":25,"column":6},"end":{"line":25,"column":34}},{"start":{"line":26,"column":6},"end":{"line":26,"column":33}}]},"2":{"loc":{"start":{"line":37,"column":4},"end":{"line":39,"column":5}},"type":"if","locations":[{"start":{"line":37,"column":4},"end":{"line":39,"column":5}}]}},"s":{"0":0,"1":0,"2":0,"3":0,"4":0,"5":0,"6":0,"7":0,"8":0,"9":0,"10":0,"11":0,"12":0,"13":0,"14":0,"15":0},"f":{"0":0,"1":0},"b":{"0":[0],"1":[0,0,0,0,0,0,0],"2":[0]}}
,"/home/ewerton/Projetos/prime/backend/src/entities/active-task-definition.entity.ts": {"path":"/home/ewerton/Projetos/prime/backend/src/entities/active-task-definition.entity.ts","statementMap":{"0":{"start":{"line":1,"column":0},"end":{"line":1,"column":99}},"1":{"start":{"line":2,"column":0},"end":{"line":2,"column":67}},"2":{"start":{"line":3,"column":0},"end":{"line":3,"column":73}},"3":{"start":{"line":4,"column":0},"end":{"line":4,"column":65}},"4":{"start":{"line":6,"column":0},"end":{"line":6,"column":null}},"5":{"start":{"line":7,"column":2},"end":{"line":7,"column":null}},"6":{"start":{"line":8,"column":2},"end":{"line":8,"column":null}},"7":{"start":{"line":9,"column":2},"end":{"line":9,"column":null}},"8":{"start":{"line":10,"column":2},"end":{"line":10,"column":null}},"9":{"start":{"line":14,"column":7},"end":{"line":66,"column":null}},"10":{"start":{"line":14,"column":13},"end":{"line":14,"column":33}},"11":{"start":{"line":17,"column":2},"end":{"line":17,"column":null}},"12":{"start":{"line":21,"column":2},"end":{"line":21,"column":null}},"13":{"start":{"line":25,"column":2},"end":{"line":25,"column":null}},"14":{"start":{"line":33,"column":2},"end":{"line":33,"column":null}},"15":{"start":{"line":37,"column":2},"end":{"line":37,"column":null}},"16":{"start":{"line":47,"column":2},"end":{"line":47,"column":null}},"17":{"start":{"line":51,"column":2},"end":{"line":51,"column":null}},"18":{"start":{"line":55,"column":2},"end":{"line":55,"column":null}},"19":{"start":{"line":59,"column":2},"end":{"line":59,"column":null}},"20":{"start":{"line":62,"column":2},"end":{"line":62,"column":null}},"21":{"start":{"line":61,"column":19},"end":{"line":61,"column":40}},"22":{"start":{"line":61,"column":52},"end":{"line":61,"column":68}},"23":{"start":{"line":65,"column":2},"end":{"line":65,"column":null}},"24":{"start":{"line":64,"column":19},"end":{"line":64,"column":36}},"25":{"start":{"line":64,"column":48},"end":{"line":64,"column":57}},"26":{"start":{"line":14,"column":13},"end":{"line":66,"column":null}}},"fnMap":{"0":{"name":"(anonymous_2)","decl":{"start":{"line":6,"column":0},"end":{"line":6,"column":12}},"loc":{"start":{"line":6,"column":24},"end":{"line":11,"column":1}}},"1":{"name":"(anonymous_3)","decl":{"start":{"line":61,"column":13},"end":{"line":61,"column":16}},"loc":{"start":{"line":61,"column":19},"end":{"line":61,"column":40}}},"2":{"name":"(anonymous_4)","decl":{"start":{"line":61,"column":42},"end":{"line":61,"column":43}},"loc":{"start":{"line":61,"column":52},"end":{"line":61,"column":68}}},"3":{"name":"(anonymous_5)","decl":{"start":{"line":64,"column":13},"end":{"line":64,"column":16}},"loc":{"start":{"line":64,"column":19},"end":{"line":64,"column":36}}},"4":{"name":"(anonymous_6)","decl":{"start":{"line":64,"column":38},"end":{"line":64,"column":39}},"loc":{"start":{"line":64,"column":48},"end":{"line":64,"column":57}}}},"branchMap":{"0":{"loc":{"start":{"line":6,"column":12},"end":{"line":6,"column":null}},"type":"binary-expr","locations":[{"start":{"line":6,"column":12},"end":{"line":6,"column":24}},{"start":{"line":6,"column":24},"end":{"line":6,"column":null}}]}},"s":{"0":4,"1":4,"2":4,"3":4,"4":4,"5":4,"6":4,"7":4,"8":4,"9":4,"10":4,"11":4,"12":4,"13":4,"14":4,"15":4,"16":4,"17":4,"18":4,"19":4,"20":4,"21":0,"22":0,"23":4,"24":0,"25":0,"26":4},"f":{"0":4,"1":0,"2":0,"3":0,"4":0},"b":{"0":[4,4]}}
,"/home/ewerton/Projetos/prime/backend/src/entities/anthropometric-data.entity.ts": {"path":"/home/ewerton/Projetos/prime/backend/src/entities/anthropometric-data.entity.ts","statementMap":{"0":{"start":{"line":1,"column":0},"end":{"line":1,"column":null}},"1":{"start":{"line":10,"column":0},"end":{"line":10,"column":55}},"2":{"start":{"line":13,"column":7},"end":{"line":66,"column":null}},"3":{"start":{"line":13,"column":13},"end":{"line":13,"column":31}},"4":{"start":{"line":15,"column":2},"end":{"line":15,"column":null}},"5":{"start":{"line":18,"column":2},"end":{"line":18,"column":null}},"6":{"start":{"line":21,"column":2},"end":{"line":21,"column":null}},"7":{"start":{"line":24,"column":2},"end":{"line":24,"column":null}},"8":{"start":{"line":35,"column":2},"end":{"line":35,"column":null}},"9":{"start":{"line":38,"column":2},"end":{"line":38,"column":null}},"10":{"start":{"line":41,"column":2},"end":{"line":41,"column":null}},"11":{"start":{"line":52,"column":2},"end":{"line":52,"column":null}},"12":{"start":{"line":55,"column":2},"end":{"line":55,"column":null}},"13":{"start":{"line":58,"column":2},"end":{"line":58,"column":null}},"14":{"start":{"line":65,"column":2},"end":{"line":65,"column":null}},"15":{"start":{"line":61,"column":18},"end":{"line":61,"column":31}},"16":{"start":{"line":61,"column":52},"end":{"line":61,"column":85}},"17":{"start":{"line":13,"column":13},"end":{"line":66,"column":null}}},"fnMap":{"0":{"name":"(anonymous_2)","decl":{"start":{"line":61,"column":12},"end":{"line":61,"column":15}},"loc":{"start":{"line":61,"column":18},"end":{"line":61,"column":31}}},"1":{"name":"(anonymous_3)","decl":{"start":{"line":61,"column":33},"end":{"line":61,"column":34}},"loc":{"start":{"line":61,"column":52},"end":{"line":61,"column":85}}}},"branchMap":{},"s":{"0":4,"1":4,"2":4,"3":4,"4":4,"5":4,"6":4,"7":4,"8":4,"9":4,"10":4,"11":4,"12":4,"13":4,"14":4,"15":0,"16":0,"17":4},"f":{"0":0,"1":0},"b":{}}
,"/home/ewerton/Projetos/prime/backend/src/entities/binary-collection.entity.ts": {"path":"/home/ewerton/Projetos/prime/backend/src/entities/binary-collection.entity.ts","statementMap":{"0":{"start":{"line":1,"column":0},"end":{"line":1,"column":null}},"1":{"start":{"line":8,"column":0},"end":{"line":8,"column":55}},"2":{"start":{"line":9,"column":0},"end":{"line":9,"column":71}},"3":{"start":{"line":11,"column":0},"end":{"line":11,"column":null}},"4":{"start":{"line":12,"column":2},"end":{"line":12,"column":null}},"5":{"start":{"line":13,"column":2},"end":{"line":13,"column":null}},"6":{"start":{"line":14,"column":2},"end":{"line":14,"column":null}},"7":{"start":{"line":15,"column":2},"end":{"line":15,"column":null}},"8":{"start":{"line":16,"column":2},"end":{"line":16,"column":null}},"9":{"start":{"line":19,"column":0},"end":{"line":19,"column":null}},"10":{"start":{"line":20,"column":2},"end":{"line":20,"column":null}},"11":{"start":{"line":21,"column":2},"end":{"line":21,"column":null}},"12":{"start":{"line":22,"column":2},"end":{"line":22,"column":null}},"13":{"start":{"line":23,"column":2},"end":{"line":23,"column":null}},"14":{"start":{"line":27,"column":7},"end":{"line":100,"column":null}},"15":{"start":{"line":27,"column":13},"end":{"line":27,"column":29}},"16":{"start":{"line":29,"column":2},"end":{"line":29,"column":null}},"17":{"start":{"line":32,"column":2},"end":{"line":32,"column":null}},"18":{"start":{"line":35,"column":2},"end":{"line":35,"column":null}},"19":{"start":{"line":38,"column":2},"end":{"line":38,"column":null}},"20":{"start":{"line":41,"column":2},"end":{"line":41,"column":null}},"21":{"start":{"line":44,"column":2},"end":{"line":44,"column":null}},"22":{"start":{"line":47,"column":2},"end":{"line":47,"column":null}},"23":{"start":{"line":50,"column":2},"end":{"line":50,"column":null}},"24":{"start":{"line":57,"column":2},"end":{"line":57,"column":null}},"25":{"start":{"line":60,"column":2},"end":{"line":60,"column":null}},"26":{"start":{"line":63,"column":2},"end":{"line":63,"column":null}},"27":{"start":{"line":66,"column":2},"end":{"line":66,"column":null}},"28":{"start":{"line":69,"column":2},"end":{"line":69,"column":null}},"29":{"start":{"line":68,"column":46},"end":{"line":68,"column":65}},"30":{"start":{"line":72,"column":2},"end":{"line":72,"column":null}},"31":{"start":{"line":71,"column":46},"end":{"line":71,"column":65}},"32":{"start":{"line":75,"column":2},"end":{"line":75,"column":null}},"33":{"start":{"line":82,"column":2},"end":{"line":82,"column":null}},"34":{"start":{"line":85,"column":2},"end":{"line":85,"column":null}},"35":{"start":{"line":88,"column":2},"end":{"line":88,"column":null}},"36":{"start":{"line":95,"column":2},"end":{"line":95,"column":null}},"37":{"start":{"line":91,"column":19},"end":{"line":91,"column":32}},"38":{"start":{"line":91,"column":53},"end":{"line":91,"column":85}},"39":{"start":{"line":99,"column":2},"end":{"line":99,"column":null}},"40":{"start":{"line":97,"column":19},"end":{"line":97,"column":39}},"41":{"start":{"line":27,"column":13},"end":{"line":100,"column":null}}},"fnMap":{"0":{"name":"(anonymous_2)","decl":{"start":{"line":11,"column":0},"end":{"line":11,"column":12}},"loc":{"start":{"line":11,"column":26},"end":{"line":17,"column":1}}},"1":{"name":"(anonymous_3)","decl":{"start":{"line":19,"column":0},"end":{"line":19,"column":12}},"loc":{"start":{"line":19,"column":28},"end":{"line":24,"column":1}}},"2":{"name":"(anonymous_4)","decl":{"start":{"line":68,"column":40},"end":{"line":68,"column":43}},"loc":{"start":{"line":68,"column":46},"end":{"line":68,"column":65}}},"3":{"name":"(anonymous_5)","decl":{"start":{"line":71,"column":40},"end":{"line":71,"column":43}},"loc":{"start":{"line":71,"column":46},"end":{"line":71,"column":65}}},"4":{"name":"(anonymous_6)","decl":{"start":{"line":91,"column":13},"end":{"line":91,"column":16}},"loc":{"start":{"line":91,"column":19},"end":{"line":91,"column":32}}},"5":{"name":"(anonymous_7)","decl":{"start":{"line":91,"column":34},"end":{"line":91,"column":35}},"loc":{"start":{"line":91,"column":53},"end":{"line":91,"column":85}}},"6":{"name":"(anonymous_8)","decl":{"start":{"line":97,"column":13},"end":{"line":97,"column":16}},"loc":{"start":{"line":97,"column":19},"end":{"line":97,"column":39}}}},"branchMap":{"0":{"loc":{"start":{"line":11,"column":12},"end":{"line":11,"column":null}},"type":"binary-expr","locations":[{"start":{"line":11,"column":12},"end":{"line":11,"column":26}},{"start":{"line":11,"column":26},"end":{"line":11,"column":null}}]},"1":{"loc":{"start":{"line":19,"column":12},"end":{"line":19,"column":null}},"type":"binary-expr","locations":[{"start":{"line":19,"column":12},"end":{"line":19,"column":28}},{"start":{"line":19,"column":28},"end":{"line":19,"column":null}}]}},"s":{"0":4,"1":4,"2":4,"3":4,"4":4,"5":4,"6":4,"7":4,"8":4,"9":4,"10":4,"11":4,"12":4,"13":4,"14":4,"15":4,"16":4,"17":4,"18":4,"19":4,"20":4,"21":4,"22":4,"23":4,"24":4,"25":4,"26":4,"27":4,"28":4,"29":0,"30":4,"31":0,"32":4,"33":4,"34":4,"35":4,"36":4,"37":0,"38":0,"39":4,"40":0,"41":4},"f":{"0":4,"1":4,"2":0,"3":0,"4":0,"5":0,"6":0},"b":{"0":[4,4],"1":[4,4]}}
,"/home/ewerton/Projetos/prime/backend/src/entities/clinical-assessment.entity.ts": {"path":"/home/ewerton/Projetos/prime/backend/src/entities/clinical-assessment.entity.ts","statementMap":{"0":{"start":{"line":1,"column":0},"end":{"line":1,"column":null}},"1":{"start":{"line":10,"column":0},"end":{"line":10,"column":55}},"2":{"start":{"line":13,"column":7},"end":{"line":116,"column":null}},"3":{"start":{"line":13,"column":13},"end":{"line":13,"column":31}},"4":{"start":{"line":15,"column":2},"end":{"line":15,"column":null}},"5":{"start":{"line":18,"column":2},"end":{"line":18,"column":null}},"6":{"start":{"line":22,"column":2},"end":{"line":22,"column":null}},"7":{"start":{"line":25,"column":2},"end":{"line":25,"column":null}},"8":{"start":{"line":28,"column":2},"end":{"line":28,"column":null}},"9":{"start":{"line":31,"column":2},"end":{"line":31,"column":null}},"10":{"start":{"line":35,"column":2},"end":{"line":35,"column":null}},"11":{"start":{"line":38,"column":2},"end":{"line":38,"column":null}},"12":{"start":{"line":41,"column":2},"end":{"line":41,"column":null}},"13":{"start":{"line":45,"column":2},"end":{"line":45,"column":null}},"14":{"start":{"line":48,"column":2},"end":{"line":48,"column":null}},"15":{"start":{"line":52,"column":2},"end":{"line":52,"column":null}},"16":{"start":{"line":55,"column":2},"end":{"line":55,"column":null}},"17":{"start":{"line":58,"column":2},"end":{"line":58,"column":null}},"18":{"start":{"line":61,"column":2},"end":{"line":61,"column":null}},"19":{"start":{"line":64,"column":2},"end":{"line":64,"column":null}},"20":{"start":{"line":67,"column":2},"end":{"line":67,"column":null}},"21":{"start":{"line":70,"column":2},"end":{"line":70,"column":null}},"22":{"start":{"line":73,"column":2},"end":{"line":73,"column":null}},"23":{"start":{"line":77,"column":2},"end":{"line":77,"column":null}},"24":{"start":{"line":81,"column":2},"end":{"line":81,"column":null}},"25":{"start":{"line":84,"column":2},"end":{"line":84,"column":null}},"26":{"start":{"line":87,"column":2},"end":{"line":87,"column":null}},"27":{"start":{"line":90,"column":2},"end":{"line":90,"column":null}},"28":{"start":{"line":94,"column":2},"end":{"line":94,"column":null}},"29":{"start":{"line":97,"column":2},"end":{"line":97,"column":null}},"30":{"start":{"line":100,"column":2},"end":{"line":100,"column":null}},"31":{"start":{"line":103,"column":2},"end":{"line":103,"column":null}},"32":{"start":{"line":106,"column":2},"end":{"line":106,"column":null}},"33":{"start":{"line":105,"column":56},"end":{"line":105,"column":75}},"34":{"start":{"line":109,"column":2},"end":{"line":109,"column":null}},"35":{"start":{"line":108,"column":56},"end":{"line":108,"column":75}},"36":{"start":{"line":115,"column":2},"end":{"line":115,"column":null}},"37":{"start":{"line":111,"column":18},"end":{"line":111,"column":31}},"38":{"start":{"line":111,"column":40},"end":{"line":111,"column":61}},"39":{"start":{"line":13,"column":13},"end":{"line":116,"column":null}}},"fnMap":{"0":{"name":"(anonymous_2)","decl":{"start":{"line":105,"column":50},"end":{"line":105,"column":53}},"loc":{"start":{"line":105,"column":56},"end":{"line":105,"column":75}}},"1":{"name":"(anonymous_3)","decl":{"start":{"line":108,"column":50},"end":{"line":108,"column":53}},"loc":{"start":{"line":108,"column":56},"end":{"line":108,"column":75}}},"2":{"name":"(anonymous_4)","decl":{"start":{"line":111,"column":12},"end":{"line":111,"column":15}},"loc":{"start":{"line":111,"column":18},"end":{"line":111,"column":31}}},"3":{"name":"(anonymous_5)","decl":{"start":{"line":111,"column":33},"end":{"line":111,"column":34}},"loc":{"start":{"line":111,"column":40},"end":{"line":111,"column":61}}}},"branchMap":{},"s":{"0":4,"1":4,"2":4,"3":4,"4":4,"5":4,"6":4,"7":4,"8":4,"9":4,"10":4,"11":4,"12":4,"13":4,"14":4,"15":4,"16":4,"17":4,"18":4,"19":4,"20":4,"21":4,"22":4,"23":4,"24":4,"25":4,"26":4,"27":4,"28":4,"29":4,"30":4,"31":4,"32":4,"33":0,"34":4,"35":0,"36":4,"37":0,"38":0,"39":4},"f":{"0":0,"1":0,"2":0,"3":0},"b":{}}
,"/home/ewerton/Projetos/prime/backend/src/entities/clinical-impression.entity.ts": {"path":"/home/ewerton/Projetos/prime/backend/src/entities/clinical-impression.entity.ts","statementMap":{"0":{"start":{"line":1,"column":0},"end":{"line":1,"column":87}},"1":{"start":{"line":2,"column":0},"end":{"line":2,"column":55}},"2":{"start":{"line":5,"column":7},"end":{"line":18,"column":null}},"3":{"start":{"line":5,"column":13},"end":{"line":5,"column":31}},"4":{"start":{"line":7,"column":2},"end":{"line":7,"column":null}},"5":{"start":{"line":10,"column":2},"end":{"line":10,"column":null}},"6":{"start":{"line":13,"column":2},"end":{"line":13,"column":null}},"7":{"start":{"line":17,"column":2},"end":{"line":17,"column":null}},"8":{"start":{"line":15,"column":18},"end":{"line":15,"column":31}},"9":{"start":{"line":15,"column":40},"end":{"line":15,"column":61}},"10":{"start":{"line":5,"column":13},"end":{"line":18,"column":null}}},"fnMap":{"0":{"name":"(anonymous_2)","decl":{"start":{"line":15,"column":12},"end":{"line":15,"column":15}},"loc":{"start":{"line":15,"column":18},"end":{"line":15,"column":31}}},"1":{"name":"(anonymous_3)","decl":{"start":{"line":15,"column":33},"end":{"line":15,"column":34}},"loc":{"start":{"line":15,"column":40},"end":{"line":15,"column":61}}}},"branchMap":{},"s":{"0":4,"1":4,"2":4,"3":4,"4":4,"5":4,"6":4,"7":4,"8":0,"9":0,"10":4},"f":{"0":0,"1":0},"b":{}}
,"/home/ewerton/Projetos/prime/backend/src/entities/collection-form-type.entity.ts": {"path":"/home/ewerton/Projetos/prime/backend/src/entities/collection-form-type.entity.ts","statementMap":{"0":{"start":{"line":1,"column":0},"end":{"line":1,"column":65}},"1":{"start":{"line":4,"column":7},"end":{"line":13,"column":null}},"2":{"start":{"line":4,"column":13},"end":{"line":4,"column":31}},"3":{"start":{"line":6,"column":2},"end":{"line":6,"column":null}},"4":{"start":{"line":9,"column":2},"end":{"line":9,"column":null}},"5":{"start":{"line":12,"column":2},"end":{"line":12,"column":null}},"6":{"start":{"line":4,"column":13},"end":{"line":13,"column":null}}},"fnMap":{},"branchMap":{},"s":{"0":0,"1":0,"2":0,"3":0,"4":0,"5":0,"6":0},"f":{},"b":{}}
,"/home/ewerton/Projetos/prime/backend/src/entities/dyskinesia-type.entity.ts": {"path":"/home/ewerton/Projetos/prime/backend/src/entities/dyskinesia-type.entity.ts","statementMap":{"0":{"start":{"line":1,"column":0},"end":{"line":1,"column":65}},"1":{"start":{"line":4,"column":7},"end":{"line":13,"column":null}},"2":{"start":{"line":4,"column":13},"end":{"line":4,"column":27}},"3":{"start":{"line":6,"column":2},"end":{"line":6,"column":null}},"4":{"start":{"line":9,"column":2},"end":{"line":9,"column":null}},"5":{"start":{"line":12,"column":2},"end":{"line":12,"column":null}},"6":{"start":{"line":4,"column":13},"end":{"line":13,"column":null}}},"fnMap":{},"branchMap":{},"s":{"0":0,"1":0,"2":0,"3":0,"4":0,"5":0,"6":0},"f":{},"b":{}}
,"/home/ewerton/Projetos/prime/backend/src/entities/education-level.entity.ts": {"path":"/home/ewerton/Projetos/prime/backend/src/entities/education-level.entity.ts","statementMap":{"0":{"start":{"line":1,"column":0},"end":{"line":1,"column":65}},"1":{"start":{"line":4,"column":7},"end":{"line":19,"column":null}},"2":{"start":{"line":4,"column":13},"end":{"line":4,"column":27}},"3":{"start":{"line":6,"column":2},"end":{"line":6,"column":null}},"4":{"start":{"line":9,"column":2},"end":{"line":9,"column":null}},"5":{"start":{"line":12,"column":2},"end":{"line":12,"column":null}},"6":{"start":{"line":15,"column":2},"end":{"line":15,"column":null}},"7":{"start":{"line":18,"column":2},"end":{"line":18,"column":null}},"8":{"start":{"line":4,"column":13},"end":{"line":19,"column":null}}},"fnMap":{},"branchMap":{},"s":{"0":4,"1":4,"2":4,"3":4,"4":4,"5":4,"6":4,"7":4,"8":4},"f":{},"b":{}}
,"/home/ewerton/Projetos/prime/backend/src/entities/epworth-score.entity.ts": {"path":"/home/ewerton/Projetos/prime/backend/src/entities/epworth-score.entity.ts","statementMap":{"0":{"start":{"line":1,"column":0},"end":{"line":1,"column":87}},"1":{"start":{"line":2,"column":0},"end":{"line":2,"column":55}},"2":{"start":{"line":5,"column":7},"end":{"line":42,"column":null}},"3":{"start":{"line":5,"column":13},"end":{"line":5,"column":25}},"4":{"start":{"line":7,"column":2},"end":{"line":7,"column":null}},"5":{"start":{"line":10,"column":2},"end":{"line":10,"column":null}},"6":{"start":{"line":13,"column":2},"end":{"line":13,"column":null}},"7":{"start":{"line":16,"column":2},"end":{"line":16,"column":null}},"8":{"start":{"line":19,"column":2},"end":{"line":19,"column":null}},"9":{"start":{"line":22,"column":2},"end":{"line":22,"column":null}},"10":{"start":{"line":25,"column":2},"end":{"line":25,"column":null}},"11":{"start":{"line":28,"column":2},"end":{"line":28,"column":null}},"12":{"start":{"line":31,"column":2},"end":{"line":31,"column":null}},"13":{"start":{"line":34,"column":2},"end":{"line":34,"column":null}},"14":{"start":{"line":37,"column":2},"end":{"line":37,"column":null}},"15":{"start":{"line":41,"column":2},"end":{"line":41,"column":null}},"16":{"start":{"line":39,"column":18},"end":{"line":39,"column":31}},"17":{"start":{"line":39,"column":40},"end":{"line":39,"column":55}},"18":{"start":{"line":5,"column":13},"end":{"line":42,"column":null}}},"fnMap":{"0":{"name":"(anonymous_2)","decl":{"start":{"line":39,"column":12},"end":{"line":39,"column":15}},"loc":{"start":{"line":39,"column":18},"end":{"line":39,"column":31}}},"1":{"name":"(anonymous_3)","decl":{"start":{"line":39,"column":33},"end":{"line":39,"column":34}},"loc":{"start":{"line":39,"column":40},"end":{"line":39,"column":55}}}},"branchMap":{},"s":{"0":4,"1":4,"2":4,"3":4,"4":4,"5":4,"6":4,"7":4,"8":4,"9":4,"10":4,"11":4,"12":4,"13":4,"14":4,"15":4,"16":0,"17":0,"18":4},"f":{"0":0,"1":0},"b":{}}
,"/home/ewerton/Projetos/prime/backend/src/entities/ethnicity-type.entity.ts": {"path":"/home/ewerton/Projetos/prime/backend/src/entities/ethnicity-type.entity.ts","statementMap":{"0":{"start":{"line":1,"column":0},"end":{"line":1,"column":65}},"1":{"start":{"line":4,"column":7},"end":{"line":16,"column":null}},"2":{"start":{"line":4,"column":13},"end":{"line":4,"column":26}},"3":{"start":{"line":6,"column":2},"end":{"line":6,"column":null}},"4":{"start":{"line":9,"column":2},"end":{"line":9,"column":null}},"5":{"start":{"line":12,"column":2},"end":{"line":12,"column":null}},"6":{"start":{"line":15,"column":2},"end":{"line":15,"column":null}},"7":{"start":{"line":4,"column":13},"end":{"line":16,"column":null}}},"fnMap":{},"branchMap":{},"s":{"0":4,"1":4,"2":4,"3":4,"4":4,"5":4,"6":4,"7":4},"f":{},"b":{}}
,"/home/ewerton/Projetos/prime/backend/src/entities/evaluator.entity.ts": {"path":"/home/ewerton/Projetos/prime/backend/src/entities/evaluator.entity.ts","statementMap":{"0":{"start":{"line":1,"column":0},"end":{"line":1,"column":null}},"1":{"start":{"line":9,"column":0},"end":{"line":9,"column":55}},"2":{"start":{"line":14,"column":7},"end":{"line":51,"column":null}},"3":{"start":{"line":14,"column":13},"end":{"line":14,"column":22}},"4":{"start":{"line":16,"column":2},"end":{"line":16,"column":null}},"5":{"start":{"line":19,"column":2},"end":{"line":19,"column":null}},"6":{"start":{"line":22,"column":2},"end":{"line":22,"column":null}},"7":{"start":{"line":25,"column":2},"end":{"line":25,"column":null}},"8":{"start":{"line":28,"column":2},"end":{"line":28,"column":null}},"9":{"start":{"line":31,"column":2},"end":{"line":31,"column":null}},"10":{"start":{"line":34,"column":2},"end":{"line":34,"column":null}},"11":{"start":{"line":37,"column":2},"end":{"line":37,"column":null}},"12":{"start":{"line":40,"column":2},"end":{"line":40,"column":null}},"13":{"start":{"line":43,"column":2},"end":{"line":43,"column":null}},"14":{"start":{"line":42,"column":56},"end":{"line":42,"column":75}},"15":{"start":{"line":46,"column":2},"end":{"line":46,"column":null}},"16":{"start":{"line":45,"column":56},"end":{"line":45,"column":75}},"17":{"start":{"line":50,"column":2},"end":{"line":50,"column":null}},"18":{"start":{"line":49,"column":19},"end":{"line":49,"column":32}},"19":{"start":{"line":49,"column":53},"end":{"line":49,"column":76}},"20":{"start":{"line":14,"column":13},"end":{"line":51,"column":null}}},"fnMap":{"0":{"name":"(anonymous_2)","decl":{"start":{"line":42,"column":50},"end":{"line":42,"column":53}},"loc":{"start":{"line":42,"column":56},"end":{"line":42,"column":75}}},"1":{"name":"(anonymous_3)","decl":{"start":{"line":45,"column":50},"end":{"line":45,"column":53}},"loc":{"start":{"line":45,"column":56},"end":{"line":45,"column":75}}},"2":{"name":"(anonymous_4)","decl":{"start":{"line":49,"column":13},"end":{"line":49,"column":16}},"loc":{"start":{"line":49,"column":19},"end":{"line":49,"column":32}}},"3":{"name":"(anonymous_5)","decl":{"start":{"line":49,"column":34},"end":{"line":49,"column":35}},"loc":{"start":{"line":49,"column":53},"end":{"line":49,"column":76}}}},"branchMap":{},"s":{"0":0,"1":0,"2":0,"3":0,"4":0,"5":0,"6":0,"7":0,"8":0,"9":0,"10":0,"11":0,"12":0,"13":0,"14":0,"15":0,"16":0,"17":0,"18":0,"19":0,"20":0},"f":{"0":0,"1":0,"2":0,"3":0},"b":{}}
,"/home/ewerton/Projetos/prime/backend/src/entities/fogq-score.entity.ts": {"path":"/home/ewerton/Projetos/prime/backend/src/entities/fogq-score.entity.ts","statementMap":{"0":{"start":{"line":1,"column":0},"end":{"line":1,"column":87}},"1":{"start":{"line":2,"column":0},"end":{"line":2,"column":55}},"2":{"start":{"line":5,"column":7},"end":{"line":36,"column":null}},"3":{"start":{"line":5,"column":13},"end":{"line":5,"column":22}},"4":{"start":{"line":7,"column":2},"end":{"line":7,"column":null}},"5":{"start":{"line":10,"column":2},"end":{"line":10,"column":null}},"6":{"start":{"line":13,"column":2},"end":{"line":13,"column":null}},"7":{"start":{"line":16,"column":2},"end":{"line":16,"column":null}},"8":{"start":{"line":19,"column":2},"end":{"line":19,"column":null}},"9":{"start":{"line":22,"column":2},"end":{"line":22,"column":null}},"10":{"start":{"line":25,"column":2},"end":{"line":25,"column":null}},"11":{"start":{"line":28,"column":2},"end":{"line":28,"column":null}},"12":{"start":{"line":31,"column":2},"end":{"line":31,"column":null}},"13":{"start":{"line":35,"column":2},"end":{"line":35,"column":null}},"14":{"start":{"line":33,"column":18},"end":{"line":33,"column":31}},"15":{"start":{"line":33,"column":40},"end":{"line":33,"column":52}},"16":{"start":{"line":5,"column":13},"end":{"line":36,"column":null}}},"fnMap":{"0":{"name":"(anonymous_2)","decl":{"start":{"line":33,"column":12},"end":{"line":33,"column":15}},"loc":{"start":{"line":33,"column":18},"end":{"line":33,"column":31}}},"1":{"name":"(anonymous_3)","decl":{"start":{"line":33,"column":33},"end":{"line":33,"column":34}},"loc":{"start":{"line":33,"column":40},"end":{"line":33,"column":52}}}},"branchMap":{},"s":{"0":4,"1":4,"2":4,"3":4,"4":4,"5":4,"6":4,"7":4,"8":4,"9":4,"10":4,"11":4,"12":4,"13":4,"14":0,"15":0,"16":4},"f":{"0":0,"1":0},"b":{}}
,"/home/ewerton/Projetos/prime/backend/src/entities/gender-type.entity.ts": {"path":"/home/ewerton/Projetos/prime/backend/src/entities/gender-type.entity.ts","statementMap":{"0":{"start":{"line":1,"column":0},"end":{"line":1,"column":65}},"1":{"start":{"line":4,"column":7},"end":{"line":16,"column":null}},"2":{"start":{"line":4,"column":13},"end":{"line":4,"column":23}},"3":{"start":{"line":6,"column":2},"end":{"line":6,"column":null}},"4":{"start":{"line":9,"column":2},"end":{"line":9,"column":null}},"5":{"start":{"line":12,"column":2},"end":{"line":12,"column":null}},"6":{"start":{"line":15,"column":2},"end":{"line":15,"column":null}},"7":{"start":{"line":4,"column":13},"end":{"line":16,"column":null}}},"fnMap":{},"branchMap":{},"s":{"0":4,"1":4,"2":4,"3":4,"4":4,"5":4,"6":4,"7":4},"f":{},"b":{}}
,"/home/ewerton/Projetos/prime/backend/src/entities/hoehn-yahr-scale.entity.ts": {"path":"/home/ewerton/Projetos/prime/backend/src/entities/hoehn-yahr-scale.entity.ts","statementMap":{"0":{"start":{"line":1,"column":0},"end":{"line":1,"column":65}},"1":{"start":{"line":4,"column":7},"end":{"line":13,"column":null}},"2":{"start":{"line":4,"column":13},"end":{"line":4,"column":27}},"3":{"start":{"line":6,"column":2},"end":{"line":6,"column":null}},"4":{"start":{"line":9,"column":2},"end":{"line":9,"column":null}},"5":{"start":{"line":12,"column":2},"end":{"line":12,"column":null}},"6":{"start":{"line":4,"column":13},"end":{"line":13,"column":null}}},"fnMap":{},"branchMap":{},"s":{"0":0,"1":0,"2":0,"3":0,"4":0,"5":0,"6":0},"f":{},"b":{}}
,"/home/ewerton/Projetos/prime/backend/src/entities/income-range.entity.ts": {"path":"/home/ewerton/Projetos/prime/backend/src/entities/income-range.entity.ts","statementMap":{"0":{"start":{"line":1,"column":0},"end":{"line":1,"column":65}},"1":{"start":{"line":4,"column":7},"end":{"line":22,"column":null}},"2":{"start":{"line":4,"column":13},"end":{"line":4,"column":24}},"3":{"start":{"line":6,"column":2},"end":{"line":6,"column":null}},"4":{"start":{"line":9,"column":2},"end":{"line":9,"column":null}},"5":{"start":{"line":12,"column":2},"end":{"line":12,"column":null}},"6":{"start":{"line":15,"column":2},"end":{"line":15,"column":null}},"7":{"start":{"line":18,"column":2},"end":{"line":18,"column":null}},"8":{"start":{"line":21,"column":2},"end":{"line":21,"column":null}},"9":{"start":{"line":4,"column":13},"end":{"line":22,"column":null}}},"fnMap":{},"branchMap":{},"s":{"0":4,"1":4,"2":4,"3":4,"4":4,"5":4,"6":4,"7":4,"8":4,"9":4},"f":{},"b":{}}
,"/home/ewerton/Projetos/prime/backend/src/entities/marital-status-type.entity.ts": {"path":"/home/ewerton/Projetos/prime/backend/src/entities/marital-status-type.entity.ts","statementMap":{"0":{"start":{"line":1,"column":0},"end":{"line":1,"column":65}},"1":{"start":{"line":4,"column":7},"end":{"line":16,"column":null}},"2":{"start":{"line":4,"column":13},"end":{"line":4,"column":30}},"3":{"start":{"line":6,"column":2},"end":{"line":6,"column":null}},"4":{"start":{"line":9,"column":2},"end":{"line":9,"column":null}},"5":{"start":{"line":12,"column":2},"end":{"line":12,"column":null}},"6":{"start":{"line":15,"column":2},"end":{"line":15,"column":null}},"7":{"start":{"line":4,"column":13},"end":{"line":16,"column":null}}},"fnMap":{},"branchMap":{},"s":{"0":4,"1":4,"2":4,"3":4,"4":4,"5":4,"6":4,"7":4},"f":{},"b":{}}
,"/home/ewerton/Projetos/prime/backend/src/entities/medication-reference.entity.ts": {"path":"/home/ewerton/Projetos/prime/backend/src/entities/medication-reference.entity.ts","statementMap":{"0":{"start":{"line":1,"column":0},"end":{"line":1,"column":65}},"1":{"start":{"line":4,"column":7},"end":{"line":25,"column":null}},"2":{"start":{"line":4,"column":13},"end":{"line":4,"column":32}},"3":{"start":{"line":6,"column":2},"end":{"line":6,"column":null}},"4":{"start":{"line":9,"column":2},"end":{"line":9,"column":null}},"5":{"start":{"line":12,"column":2},"end":{"line":12,"column":null}},"6":{"start":{"line":15,"column":2},"end":{"line":15,"column":null}},"7":{"start":{"line":18,"column":2},"end":{"line":18,"column":null}},"8":{"start":{"line":21,"column":2},"end":{"line":21,"column":null}},"9":{"start":{"line":24,"column":2},"end":{"line":24,"column":null}},"10":{"start":{"line":4,"column":13},"end":{"line":25,"column":null}}},"fnMap":{},"branchMap":{},"s":{"0":0,"1":0,"2":0,"3":0,"4":0,"5":0,"6":0,"7":0,"8":0,"9":0,"10":0},"f":{},"b":{}}
,"/home/ewerton/Projetos/prime/backend/src/entities/meem-score.entity.ts": {"path":"/home/ewerton/Projetos/prime/backend/src/entities/meem-score.entity.ts","statementMap":{"0":{"start":{"line":1,"column":0},"end":{"line":1,"column":87}},"1":{"start":{"line":2,"column":0},"end":{"line":2,"column":55}},"2":{"start":{"line":5,"column":7},"end":{"line":113,"column":null}},"3":{"start":{"line":5,"column":13},"end":{"line":5,"column":22}},"4":{"start":{"line":7,"column":2},"end":{"line":7,"column":null}},"5":{"start":{"line":10,"column":2},"end":{"line":10,"column":null}},"6":{"start":{"line":14,"column":2},"end":{"line":14,"column":null}},"7":{"start":{"line":17,"column":2},"end":{"line":17,"column":null}},"8":{"start":{"line":20,"column":2},"end":{"line":20,"column":null}},"9":{"start":{"line":23,"column":2},"end":{"line":23,"column":null}},"10":{"start":{"line":26,"column":2},"end":{"line":26,"column":null}},"11":{"start":{"line":29,"column":2},"end":{"line":29,"column":null}},"12":{"start":{"line":32,"column":2},"end":{"line":32,"column":null}},"13":{"start":{"line":35,"column":2},"end":{"line":35,"column":null}},"14":{"start":{"line":38,"column":2},"end":{"line":38,"column":null}},"15":{"start":{"line":41,"column":2},"end":{"line":41,"column":null}},"16":{"start":{"line":45,"column":2},"end":{"line":45,"column":null}},"17":{"start":{"line":48,"column":2},"end":{"line":48,"column":null}},"18":{"start":{"line":51,"column":2},"end":{"line":51,"column":null}},"19":{"start":{"line":55,"column":2},"end":{"line":55,"column":null}},"20":{"start":{"line":58,"column":2},"end":{"line":58,"column":null}},"21":{"start":{"line":61,"column":2},"end":{"line":61,"column":null}},"22":{"start":{"line":64,"column":2},"end":{"line":64,"column":null}},"23":{"start":{"line":67,"column":2},"end":{"line":67,"column":null}},"24":{"start":{"line":71,"column":2},"end":{"line":71,"column":null}},"25":{"start":{"line":74,"column":2},"end":{"line":74,"column":null}},"26":{"start":{"line":77,"column":2},"end":{"line":77,"column":null}},"27":{"start":{"line":81,"column":2},"end":{"line":81,"column":null}},"28":{"start":{"line":84,"column":2},"end":{"line":84,"column":null}},"29":{"start":{"line":87,"column":2},"end":{"line":87,"column":null}},"30":{"start":{"line":90,"column":2},"end":{"line":90,"column":null}},"31":{"start":{"line":93,"column":2},"end":{"line":93,"column":null}},"32":{"start":{"line":96,"column":2},"end":{"line":96,"column":null}},"33":{"start":{"line":99,"column":2},"end":{"line":99,"column":null}},"34":{"start":{"line":102,"column":2},"end":{"line":102,"column":null}},"35":{"start":{"line":105,"column":2},"end":{"line":105,"column":null}},"36":{"start":{"line":108,"column":2},"end":{"line":108,"column":null}},"37":{"start":{"line":112,"column":2},"end":{"line":112,"column":null}},"38":{"start":{"line":110,"column":18},"end":{"line":110,"column":31}},"39":{"start":{"line":110,"column":40},"end":{"line":110,"column":52}},"40":{"start":{"line":5,"column":13},"end":{"line":113,"column":null}}},"fnMap":{"0":{"name":"(anonymous_2)","decl":{"start":{"line":110,"column":12},"end":{"line":110,"column":15}},"loc":{"start":{"line":110,"column":18},"end":{"line":110,"column":31}}},"1":{"name":"(anonymous_3)","decl":{"start":{"line":110,"column":33},"end":{"line":110,"column":34}},"loc":{"start":{"line":110,"column":40},"end":{"line":110,"column":52}}}},"branchMap":{},"s":{"0":4,"1":4,"2":4,"3":4,"4":4,"5":4,"6":4,"7":4,"8":4,"9":4,"10":4,"11":4,"12":4,"13":4,"14":4,"15":4,"16":4,"17":4,"18":4,"19":4,"20":4,"21":4,"22":4,"23":4,"24":4,"25":4,"26":4,"27":4,"28":4,"29":4,"30":4,"31":4,"32":4,"33":4,"34":4,"35":4,"36":4,"37":4,"38":0,"39":0,"40":4},"f":{"0":0,"1":0},"b":{}}
,"/home/ewerton/Projetos/prime/backend/src/entities/nmf-score.entity.ts": {"path":"/home/ewerton/Projetos/prime/backend/src/entities/nmf-score.entity.ts","statementMap":{"0":{"start":{"line":1,"column":0},"end":{"line":1,"column":87}},"1":{"start":{"line":2,"column":0},"end":{"line":2,"column":55}},"2":{"start":{"line":5,"column":7},"end":{"line":18,"column":null}},"3":{"start":{"line":5,"column":13},"end":{"line":5,"column":21}},"4":{"start":{"line":7,"column":2},"end":{"line":7,"column":null}},"5":{"start":{"line":10,"column":2},"end":{"line":10,"column":null}},"6":{"start":{"line":13,"column":2},"end":{"line":13,"column":null}},"7":{"start":{"line":17,"column":2},"end":{"line":17,"column":null}},"8":{"start":{"line":15,"column":18},"end":{"line":15,"column":31}},"9":{"start":{"line":15,"column":40},"end":{"line":15,"column":51}},"10":{"start":{"line":5,"column":13},"end":{"line":18,"column":null}}},"fnMap":{"0":{"name":"(anonymous_2)","decl":{"start":{"line":15,"column":12},"end":{"line":15,"column":15}},"loc":{"start":{"line":15,"column":18},"end":{"line":15,"column":31}}},"1":{"name":"(anonymous_3)","decl":{"start":{"line":15,"column":33},"end":{"line":15,"column":34}},"loc":{"start":{"line":15,"column":40},"end":{"line":15,"column":51}}}},"branchMap":{},"s":{"0":4,"1":4,"2":4,"3":4,"4":4,"5":4,"6":4,"7":4,"8":0,"9":0,"10":4},"f":{"0":0,"1":0},"b":{}}
,"/home/ewerton/Projetos/prime/backend/src/entities/nms-score.entity.ts": {"path":"/home/ewerton/Projetos/prime/backend/src/entities/nms-score.entity.ts","statementMap":{"0":{"start":{"line":1,"column":0},"end":{"line":1,"column":87}},"1":{"start":{"line":2,"column":0},"end":{"line":2,"column":55}},"2":{"start":{"line":5,"column":7},"end":{"line":18,"column":null}},"3":{"start":{"line":5,"column":13},"end":{"line":5,"column":21}},"4":{"start":{"line":7,"column":2},"end":{"line":7,"column":null}},"5":{"start":{"line":10,"column":2},"end":{"line":10,"column":null}},"6":{"start":{"line":13,"column":2},"end":{"line":13,"column":null}},"7":{"start":{"line":17,"column":2},"end":{"line":17,"column":null}},"8":{"start":{"line":15,"column":18},"end":{"line":15,"column":31}},"9":{"start":{"line":15,"column":40},"end":{"line":15,"column":51}},"10":{"start":{"line":5,"column":13},"end":{"line":18,"column":null}}},"fnMap":{"0":{"name":"(anonymous_2)","decl":{"start":{"line":15,"column":12},"end":{"line":15,"column":15}},"loc":{"start":{"line":15,"column":18},"end":{"line":15,"column":31}}},"1":{"name":"(anonymous_3)","decl":{"start":{"line":15,"column":33},"end":{"line":15,"column":34}},"loc":{"start":{"line":15,"column":40},"end":{"line":15,"column":51}}}},"branchMap":{},"s":{"0":4,"1":4,"2":4,"3":4,"4":4,"5":4,"6":4,"7":4,"8":0,"9":0,"10":4},"f":{"0":0,"1":0},"b":{}}
,"/home/ewerton/Projetos/prime/backend/src/entities/parkinson-phenotype.entity.ts": {"path":"/home/ewerton/Projetos/prime/backend/src/entities/parkinson-phenotype.entity.ts","statementMap":{"0":{"start":{"line":1,"column":0},"end":{"line":1,"column":65}},"1":{"start":{"line":4,"column":7},"end":{"line":16,"column":null}},"2":{"start":{"line":4,"column":13},"end":{"line":4,"column":31}},"3":{"start":{"line":6,"column":2},"end":{"line":6,"column":null}},"4":{"start":{"line":9,"column":2},"end":{"line":9,"column":null}},"5":{"start":{"line":12,"column":2},"end":{"line":12,"column":null}},"6":{"start":{"line":15,"column":2},"end":{"line":15,"column":null}},"7":{"start":{"line":4,"column":13},"end":{"line":16,"column":null}}},"fnMap":{},"branchMap":{},"s":{"0":0,"1":0,"2":0,"3":0,"4":0,"5":0,"6":0,"7":0},"f":{},"b":{}}
,"/home/ewerton/Projetos/prime/backend/src/entities/patient-medication.entity.ts": {"path":"/home/ewerton/Projetos/prime/backend/src/entities/patient-medication.entity.ts","statementMap":{"0":{"start":{"line":1,"column":0},"end":{"line":1,"column":113}},"1":{"start":{"line":2,"column":0},"end":{"line":2,"column":55}},"2":{"start":{"line":6,"column":7},"end":{"line":35,"column":null}},"3":{"start":{"line":6,"column":13},"end":{"line":6,"column":30}},"4":{"start":{"line":8,"column":2},"end":{"line":8,"column":null}},"5":{"start":{"line":11,"column":2},"end":{"line":11,"column":null}},"6":{"start":{"line":14,"column":2},"end":{"line":14,"column":null}},"7":{"start":{"line":17,"column":2},"end":{"line":17,"column":null}},"8":{"start":{"line":20,"column":2},"end":{"line":20,"column":null}},"9":{"start":{"line":23,"column":2},"end":{"line":23,"column":null}},"10":{"start":{"line":30,"column":2},"end":{"line":30,"column":null}},"11":{"start":{"line":29,"column":56},"end":{"line":29,"column":75}},"12":{"start":{"line":34,"column":2},"end":{"line":34,"column":null}},"13":{"start":{"line":32,"column":19},"end":{"line":32,"column":32}},"14":{"start":{"line":32,"column":41},"end":{"line":32,"column":54}},"15":{"start":{"line":6,"column":13},"end":{"line":35,"column":null}}},"fnMap":{"0":{"name":"(anonymous_2)","decl":{"start":{"line":29,"column":50},"end":{"line":29,"column":53}},"loc":{"start":{"line":29,"column":56},"end":{"line":29,"column":75}}},"1":{"name":"(anonymous_3)","decl":{"start":{"line":32,"column":13},"end":{"line":32,"column":16}},"loc":{"start":{"line":32,"column":19},"end":{"line":32,"column":32}}},"2":{"name":"(anonymous_4)","decl":{"start":{"line":32,"column":34},"end":{"line":32,"column":35}},"loc":{"start":{"line":32,"column":41},"end":{"line":32,"column":54}}}},"branchMap":{},"s":{"0":4,"1":4,"2":4,"3":4,"4":4,"5":4,"6":4,"7":4,"8":4,"9":4,"10":4,"11":0,"12":4,"13":0,"14":0,"15":4},"f":{"0":0,"1":0,"2":0},"b":{}}
,"/home/ewerton/Projetos/prime/backend/src/entities/patient-task-collection.entity.ts": {"path":"/home/ewerton/Projetos/prime/backend/src/entities/patient-task-collection.entity.ts","statementMap":{"0":{"start":{"line":1,"column":0},"end":{"line":1,"column":106}},"1":{"start":{"line":2,"column":0},"end":{"line":2,"column":55}},"2":{"start":{"line":3,"column":0},"end":{"line":3,"column":71}},"3":{"start":{"line":6,"column":7},"end":{"line":38,"column":null}},"4":{"start":{"line":6,"column":13},"end":{"line":6,"column":34}},"5":{"start":{"line":8,"column":2},"end":{"line":8,"column":null}},"6":{"start":{"line":11,"column":2},"end":{"line":11,"column":null}},"7":{"start":{"line":14,"column":2},"end":{"line":14,"column":null}},"8":{"start":{"line":17,"column":2},"end":{"line":17,"column":null}},"9":{"start":{"line":20,"column":2},"end":{"line":20,"column":null}},"10":{"start":{"line":23,"column":2},"end":{"line":23,"column":null}},"11":{"start":{"line":26,"column":2},"end":{"line":26,"column":null}},"12":{"start":{"line":29,"column":2},"end":{"line":29,"column":null}},"13":{"start":{"line":28,"column":56},"end":{"line":28,"column":75}},"14":{"start":{"line":33,"column":2},"end":{"line":33,"column":null}},"15":{"start":{"line":31,"column":19},"end":{"line":31,"column":32}},"16":{"start":{"line":31,"column":41},"end":{"line":31,"column":59}},"17":{"start":{"line":37,"column":2},"end":{"line":37,"column":null}},"18":{"start":{"line":35,"column":19},"end":{"line":35,"column":39}},"19":{"start":{"line":35,"column":48},"end":{"line":35,"column":63}},"20":{"start":{"line":6,"column":13},"end":{"line":38,"column":null}}},"fnMap":{"0":{"name":"(anonymous_2)","decl":{"start":{"line":28,"column":50},"end":{"line":28,"column":53}},"loc":{"start":{"line":28,"column":56},"end":{"line":28,"column":75}}},"1":{"name":"(anonymous_3)","decl":{"start":{"line":31,"column":13},"end":{"line":31,"column":16}},"loc":{"start":{"line":31,"column":19},"end":{"line":31,"column":32}}},"2":{"name":"(anonymous_4)","decl":{"start":{"line":31,"column":34},"end":{"line":31,"column":35}},"loc":{"start":{"line":31,"column":41},"end":{"line":31,"column":59}}},"3":{"name":"(anonymous_5)","decl":{"start":{"line":35,"column":13},"end":{"line":35,"column":16}},"loc":{"start":{"line":35,"column":19},"end":{"line":35,"column":39}}},"4":{"name":"(anonymous_6)","decl":{"start":{"line":35,"column":41},"end":{"line":35,"column":42}},"loc":{"start":{"line":35,"column":48},"end":{"line":35,"column":63}}}},"branchMap":{},"s":{"0":4,"1":4,"2":4,"3":4,"4":4,"5":4,"6":4,"7":4,"8":4,"9":4,"10":4,"11":4,"12":4,"13":0,"14":4,"15":0,"16":0,"17":4,"18":0,"19":0,"20":4},"f":{"0":0,"1":0,"2":0,"3":0,"4":0},"b":{}}
,"/home/ewerton/Projetos/prime/backend/src/entities/patient.entity.ts": {"path":"/home/ewerton/Projetos/prime/backend/src/entities/patient.entity.ts","statementMap":{"0":{"start":{"line":1,"column":0},"end":{"line":1,"column":null}},"1":{"start":{"line":11,"column":0},"end":{"line":11,"column":55}},"2":{"start":{"line":12,"column":0},"end":{"line":12,"column":50}},"3":{"start":{"line":13,"column":0},"end":{"line":13,"column":56}},"4":{"start":{"line":14,"column":0},"end":{"line":14,"column":58}},"5":{"start":{"line":15,"column":0},"end":{"line":15,"column":65}},"6":{"start":{"line":16,"column":0},"end":{"line":16,"column":52}},"7":{"start":{"line":19,"column":7},"end":{"line":121,"column":null}},"8":{"start":{"line":19,"column":13},"end":{"line":19,"column":20}},"9":{"start":{"line":21,"column":2},"end":{"line":21,"column":null}},"10":{"start":{"line":24,"column":2},"end":{"line":24,"column":null}},"11":{"start":{"line":27,"column":2},"end":{"line":27,"column":null}},"12":{"start":{"line":30,"column":2},"end":{"line":30,"column":null}},"13":{"start":{"line":33,"column":2},"end":{"line":33,"column":null}},"14":{"start":{"line":36,"column":2},"end":{"line":36,"column":null}},"15":{"start":{"line":39,"column":2},"end":{"line":39,"column":null}},"16":{"start":{"line":42,"column":2},"end":{"line":42,"column":null}},"17":{"start":{"line":45,"column":2},"end":{"line":45,"column":null}},"18":{"start":{"line":48,"column":2},"end":{"line":48,"column":null}},"19":{"start":{"line":51,"column":2},"end":{"line":51,"column":null}},"20":{"start":{"line":54,"column":2},"end":{"line":54,"column":null}},"21":{"start":{"line":57,"column":2},"end":{"line":57,"column":null}},"22":{"start":{"line":60,"column":2},"end":{"line":60,"column":null}},"23":{"start":{"line":63,"column":2},"end":{"line":63,"column":null}},"24":{"start":{"line":66,"column":2},"end":{"line":66,"column":null}},"25":{"start":{"line":69,"column":2},"end":{"line":69,"column":null}},"26":{"start":{"line":72,"column":2},"end":{"line":72,"column":null}},"27":{"start":{"line":75,"column":2},"end":{"line":75,"column":null}},"28":{"start":{"line":78,"column":2},"end":{"line":78,"column":null}},"29":{"start":{"line":81,"column":2},"end":{"line":81,"column":null}},"30":{"start":{"line":84,"column":2},"end":{"line":84,"column":null}},"31":{"start":{"line":87,"column":2},"end":{"line":87,"column":null}},"32":{"start":{"line":90,"column":2},"end":{"line":90,"column":null}},"33":{"start":{"line":93,"column":2},"end":{"line":93,"column":null}},"34":{"start":{"line":92,"column":56},"end":{"line":92,"column":75}},"35":{"start":{"line":96,"column":2},"end":{"line":96,"column":null}},"36":{"start":{"line":95,"column":56},"end":{"line":95,"column":75}},"37":{"start":{"line":101,"column":2},"end":{"line":101,"column":null}},"38":{"start":{"line":99,"column":19},"end":{"line":99,"column":29}},"39":{"start":{"line":105,"column":2},"end":{"line":105,"column":null}},"40":{"start":{"line":103,"column":19},"end":{"line":103,"column":32}},"41":{"start":{"line":109,"column":2},"end":{"line":109,"column":null}},"42":{"start":{"line":107,"column":19},"end":{"line":107,"column":33}},"43":{"start":{"line":113,"column":2},"end":{"line":113,"column":null}},"44":{"start":{"line":111,"column":19},"end":{"line":111,"column":36}},"45":{"start":{"line":117,"column":2},"end":{"line":117,"column":null}},"46":{"start":{"line":115,"column":19},"end":{"line":115,"column":30}},"47":{"start":{"line":120,"column":2},"end":{"line":120,"column":null}},"48":{"start":{"line":119,"column":19},"end":{"line":119,"column":32}},"49":{"start":{"line":119,"column":53},"end":{"line":119,"column":74}},"50":{"start":{"line":19,"column":13},"end":{"line":121,"column":null}}},"fnMap":{"0":{"name":"(anonymous_2)","decl":{"start":{"line":92,"column":50},"end":{"line":92,"column":53}},"loc":{"start":{"line":92,"column":56},"end":{"line":92,"column":75}}},"1":{"name":"(anonymous_3)","decl":{"start":{"line":95,"column":50},"end":{"line":95,"column":53}},"loc":{"start":{"line":95,"column":56},"end":{"line":95,"column":75}}},"2":{"name":"(anonymous_4)","decl":{"start":{"line":99,"column":13},"end":{"line":99,"column":16}},"loc":{"start":{"line":99,"column":19},"end":{"line":99,"column":29}}},"3":{"name":"(anonymous_5)","decl":{"start":{"line":103,"column":13},"end":{"line":103,"column":16}},"loc":{"start":{"line":103,"column":19},"end":{"line":103,"column":32}}},"4":{"name":"(anonymous_6)","decl":{"start":{"line":107,"column":13},"end":{"line":107,"column":16}},"loc":{"start":{"line":107,"column":19},"end":{"line":107,"column":33}}},"5":{"name":"(anonymous_7)","decl":{"start":{"line":111,"column":13},"end":{"line":111,"column":16}},"loc":{"start":{"line":111,"column":19},"end":{"line":111,"column":36}}},"6":{"name":"(anonymous_8)","decl":{"start":{"line":115,"column":13},"end":{"line":115,"column":16}},"loc":{"start":{"line":115,"column":19},"end":{"line":115,"column":30}}},"7":{"name":"(anonymous_9)","decl":{"start":{"line":119,"column":13},"end":{"line":119,"column":16}},"loc":{"start":{"line":119,"column":19},"end":{"line":119,"column":32}}},"8":{"name":"(anonymous_10)","decl":{"start":{"line":119,"column":34},"end":{"line":119,"column":35}},"loc":{"start":{"line":119,"column":53},"end":{"line":119,"column":74}}}},"branchMap":{},"s":{"0":4,"1":4,"2":4,"3":4,"4":4,"5":4,"6":4,"7":4,"8":4,"9":4,"10":4,"11":4,"12":4,"13":4,"14":4,"15":4,"16":4,"17":4,"18":4,"19":4,"20":4,"21":4,"22":4,"23":4,"24":4,"25":4,"26":4,"27":4,"28":4,"29":4,"30":4,"31":4,"32":4,"33":4,"34":0,"35":4,"36":0,"37":4,"38":0,"39":4,"40":0,"41":4,"42":0,"43":4,"44":0,"45":4,"46":0,"47":4,"48":0,"49":0,"50":4},"f":{"0":0,"1":0,"2":0,"3":0,"4":0,"5":0,"6":0,"7":0,"8":0},"b":{}}
[...]
lumn":4},"end":{"line":45,"column":5}},"15":{"start":{"line":44,"column":6},"end":{"line":44,"column":75}},"16":{"start":{"line":47,"column":4},"end":{"line":47,"column":16}},"17":{"start":{"line":51,"column":17},"end":{"line":51,"column":39}},"18":{"start":{"line":52,"column":4},"end":{"line":52,"column":39}},"19":{"start":{"line":53,"column":4},"end":{"line":53,"column":43}},"20":{"start":{"line":57,"column":17},"end":{"line":57,"column":39}},"21":{"start":{"line":58,"column":4},"end":{"line":58,"column":44}},"22":{"start":{"line":9,"column":13},"end":{"line":9,"column":25}},"23":{"start":{"line":9,"column":13},"end":{"line":60,"column":null}}},"fnMap":{"0":{"name":"(anonymous_4)","decl":{"start":{"line":10,"column":2},"end":{"line":10,"column":null}},"loc":{"start":{"line":12,"column":61},"end":{"line":13,"column":6}}},"1":{"name":"(anonymous_5)","decl":{"start":{"line":15,"column":2},"end":{"line":15,"column":7}},"loc":{"start":{"line":15,"column":43},"end":{"line":18,"column":3}}},"2":{"name":"(anonymous_6)","decl":{"start":{"line":20,"column":2},"end":{"line":20,"column":7}},"loc":{"start":{"line":20,"column":15},"end":{"line":24,"column":3}}},"3":{"name":"(anonymous_7)","decl":{"start":{"line":26,"column":2},"end":{"line":26,"column":7}},"loc":{"start":{"line":26,"column":26},"end":{"line":36,"column":3}}},"4":{"name":"(anonymous_8)","decl":{"start":{"line":38,"column":2},"end":{"line":38,"column":7}},"loc":{"start":{"line":38,"column":36},"end":{"line":48,"column":3}}},"5":{"name":"(anonymous_9)","decl":{"start":{"line":50,"column":2},"end":{"line":50,"column":7}},"loc":{"start":{"line":50,"column":55},"end":{"line":54,"column":3}}},"6":{"name":"(anonymous_10)","decl":{"start":{"line":56,"column":2},"end":{"line":56,"column":7}},"loc":{"start":{"line":56,"column":25},"end":{"line":59,"column":3}}}},"branchMap":{"0":{"loc":{"start":{"line":31,"column":4},"end":{"line":33,"column":5}},"type":"if","locations":[{"start":{"line":31,"column":4},"end":{"line":33,"column":5}}]},"1":{"loc":{"start":{"line":43,"column":4},"end":{"line":45,"column":5}},"type":"if","locations":[{"start":{"line":43,"column":4},"end":{"line":45,"column":5}}]}},"s":{"0":0,"1":0,"2":0,"3":0,"4":0,"5":0,"6":0,"7":0,"8":0,"9":0,"10":0,"11":0,"12":0,"13":0,"14":0,"15":0,"16":0,"17":0,"18":0,"19":0,"20":0,"21":0,"22":0,"23":0},"f":{"0":0,"1":0,"2":0,"3":0,"4":0,"5":0,"6":0},"b":{"0":[0],"1":[0]}}
,"/home/ewerton/Projetos/prime/backend/src/modules/tasks/dto/create-task.dto.ts": {"path":"/home/ewerton/Projetos/prime/backend/src/modules/tasks/dto/create-task.dto.ts","statementMap":{"0":{"start":{"line":1,"column":0},"end":{"line":1,"column":67}},"1":{"start":{"line":2,"column":0},"end":{"line":2,"column":null}},"2":{"start":{"line":13,"column":0},"end":{"line":13,"column":79}},"3":{"start":{"line":15,"column":0},"end":{"line":15,"column":13}},"4":{"start":{"line":24,"column":2},"end":{"line":24,"column":null}},"5":{"start":{"line":34,"column":2},"end":{"line":34,"column":null}},"6":{"start":{"line":43,"column":2},"end":{"line":43,"column":null}},"7":{"start":{"line":52,"column":2},"end":{"line":52,"column":null}},"8":{"start":{"line":65,"column":2},"end":{"line":65,"column":null}},"9":{"start":{"line":73,"column":2},"end":{"line":73,"column":null}},"10":{"start":{"line":81,"column":2},"end":{"line":81,"column":null}},"11":{"start":{"line":91,"column":2},"end":{"line":91,"column":null}}},"fnMap":{},"branchMap":{},"s":{"0":0,"1":0,"2":0,"3":0,"4":0,"5":0,"6":0,"7":0,"8":0,"9":0,"10":0,"11":0},"f":{},"b":{}}
,"/home/ewerton/Projetos/prime/backend/src/modules/tasks/dto/update-task.dto.ts": {"path":"/home/ewerton/Projetos/prime/backend/src/modules/tasks/dto/update-task.dto.ts","statementMap":{"0":{"start":{"line":1,"column":0},"end":{"line":1,"column":46}},"1":{"start":{"line":2,"column":0},"end":{"line":2,"column":50}},"2":{"start":{"line":4,"column":0},"end":{"line":4,"column":13}}},"fnMap":{},"branchMap":{},"s":{"0":0,"1":0,"2":0},"f":{},"b":{}}
,"/home/ewerton/Projetos/prime/backend/src/modules/users/users.controller.ts": {"path":"/home/ewerton/Projetos/prime/backend/src/modules/users/users.controller.ts","statementMap":{"0":{"start":{"line":1,"column":0},"end":{"line":1,"column":null}},"1":{"start":{"line":14,"column":0},"end":{"line":14,"column":null}},"2":{"start":{"line":23,"column":0},"end":{"line":23,"column":47}},"3":{"start":{"line":24,"column":0},"end":{"line":24,"column":54}},"4":{"start":{"line":25,"column":0},"end":{"line":25,"column":54}},"5":{"start":{"line":26,"column":0},"end":{"line":26,"column":54}},"6":{"start":{"line":27,"column":0},"end":{"line":27,"column":69}},"7":{"start":{"line":32,"column":7},"end":{"line":122,"column":null}},"8":{"start":{"line":33,"column":31},"end":{"line":33,"column":45}},"9":{"start":{"line":44,"column":4},"end":{"line":44,"column":51}},"10":{"start":{"line":60,"column":4},"end":{"line":60,"column":81}},"11":{"start":{"line":61,"column":19},"end":{"line":61,"column":50}},"12":{"start":{"line":62,"column":4},"end":{"line":66,"column":7}},"13":{"start":{"line":63,"column":6},"end":{"line":63,"column":84}},"14":{"start":{"line":65,"column":6},"end":{"line":65,"column":68}},"15":{"start":{"line":67,"column":4},"end":{"line":67,"column":18}},"16":{"start":{"line":78,"column":4},"end":{"line":78,"column":50}},"17":{"start":{"line":90,"column":4},"end":{"line":90,"column":41}},"18":{"start":{"line":107,"column":4},"end":{"line":107,"column":55}},"19":{"start":{"line":120,"column":4},"end":{"line":120,"column":40}},"20":{"start":{"line":32,"column":13},"end":{"line":32,"column":28}},"21":{"start":{"line":43,"column":2},"end":{"line":45,"column":null}},"22":{"start":{"line":59,"column":2},"end":{"line":68,"column":null}},"23":{"start":{"line":77,"column":2},"end":{"line":79,"column":null}},"24":{"start":{"line":89,"column":2},"end":{"line":91,"column":null}},"25":{"start":{"line":103,"column":2},"end":{"line":108,"column":null}},"26":{"start":{"line":119,"column":2},"end":{"line":121,"column":null}},"27":{"start":{"line":32,"column":13},"end":{"line":122,"column":null}}},"fnMap":{"0":{"name":"(anonymous_4)","decl":{"start":{"line":33,"column":2},"end":{"line":33,"column":31}},"loc":{"start":{"line":33,"column":57},"end":{"line":33,"column":61}}},"1":{"name":"(anonymous_5)","decl":{"start":{"line":43,"column":2},"end":{"line":43,"column":8}},"loc":{"start":{"line":43,"column":45},"end":{"line":45,"column":3}}},"2":{"name":"(anonymous_6)","decl":{"start":{"line":59,"column":2},"end":{"line":59,"column":9}},"loc":{"start":{"line":59,"column":40},"end":{"line":68,"column":3}}},"3":{"name":"(anonymous_7)","decl":{"start":{"line":62,"column":16},"end":{"line":62,"column":21}},"loc":{"start":{"line":62,"column":24},"end":{"line":64,"column":5}}},"4":{"name":"(anonymous_8)","decl":{"start":{"line":64,"column":13},"end":{"line":64,"column":18}},"loc":{"start":{"line":64,"column":21},"end":{"line":66,"column":5}}},"5":{"name":"(anonymous_9)","decl":{"start":{"line":77,"column":2},"end":{"line":77,"column":16}},"loc":{"start":{"line":77,"column":56},"end":{"line":79,"column":3}}},"6":{"name":"(anonymous_10)","decl":{"start":{"line":89,"column":2},"end":{"line":89,"column":9}},"loc":{"start":{"line":89,"column":48},"end":{"line":91,"column":3}}},"7":{"name":"(anonymous_11)","decl":{"start":{"line":103,"column":2},"end":{"line":103,"column":8}},"loc":{"start":{"line":105,"column":40},"end":{"line":108,"column":3}}},"8":{"name":"(anonymous_12)","decl":{"start":{"line":119,"column":2},"end":{"line":119,"column":8}},"loc":{"start":{"line":119,"column":47},"end":{"line":121,"column":3}}}},"branchMap":{"0":{"loc":{"start":{"line":60,"column":63},"end":{"line":60,"column":77}},"type":"binary-expr","locations":[{"start":{"line":60,"column":63},"end":{"line":60,"column":67}},{"start":{"line":60,"column":71},"end":{"line":60,"column":77}}]}},"s":{"0":0,"1":0,"2":0,"3":0,"4":0,"5":0,"6":0,"7":0,"8":0,"9":0,"10":0,"11":0,"12":0,"13":0,"14":0,"15":0,"16":0,"17":0,"18":0,"19":0,"20":0,"21":0,"22":0,"23":0,"24":0,"25":0,"26":0,"27":0},"f":{"0":0,"1":0,"2":0,"3":0,"4":0,"5":0,"6":0,"7":0,"8":0},"b":{"0":[0,0]}}
,"/home/ewerton/Projetos/prime/backend/src/modules/users/users.module.ts": {"path":"/home/ewerton/Projetos/prime/backend/src/modules/users/users.module.ts","statementMap":{"0":{"start":{"line":1,"column":0},"end":{"line":1,"column":40}},"1":{"start":{"line":2,"column":0},"end":{"line":2,"column":48}},"2":{"start":{"line":3,"column":0},"end":{"line":3,"column":47}},"3":{"start":{"line":4,"column":0},"end":{"line":4,"column":53}},"4":{"start":{"line":5,"column":0},"end":{"line":5,"column":50}},"5":{"start":{"line":13,"column":7},"end":{"line":13,"column":null}},"6":{"start":{"line":13,"column":13},"end":{"line":13,"column":24}},"7":{"start":{"line":13,"column":13},"end":{"line":13,"column":null}}},"fnMap":{},"branchMap":{},"s":{"0":0,"1":0,"2":0,"3":0,"4":0,"5":0,"6":0,"7":0},"f":{},"b":{}}
,"/home/ewerton/Projetos/prime/backend/src/modules/users/users.service.ts": {"path":"/home/ewerton/Projetos/prime/backend/src/modules/users/users.service.ts","statementMap":{"0":{"start":{"line":1,"column":0},"end":{"line":1,"column":null}},"1":{"start":{"line":6,"column":0},"end":{"line":6,"column":51}},"2":{"start":{"line":7,"column":0},"end":{"line":7,"column":37}},"3":{"start":{"line":8,"column":0},"end":{"line":8,"column":33}},"4":{"start":{"line":9,"column":0},"end":{"line":9,"column":60}},"5":{"start":{"line":14,"column":7},"end":{"line":112,"column":null}},"6":{"start":{"line":17,"column":12},"end":{"line":17,"column":29}},"7":{"start":{"line":22,"column":4},"end":{"line":30,"column":5}},"8":{"start":{"line":23,"column":23},"end":{"line":25,"column":8}},"9":{"start":{"line":27,"column":6},"end":{"line":29,"column":7}},"10":{"start":{"line":28,"column":8},"end":{"line":28,"column":64}},"11":{"start":{"line":33,"column":23},"end":{"line":33,"column":50}},"12":{"start":{"line":34,"column":4},"end":{"line":38,"column":5}},"13":{"start":{"line":35,"column":30},"end":{"line":35,"column":41}},"14":{"start":{"line":36,"column":25},"end":{"line":36,"column":27}},"15":{"start":{"line":37,"column":6},"end":{"line":37,"column":68}},"16":{"start":{"line":40,"column":17},"end":{"line":46,"column":6}},"17":{"start":{"line":47,"column":4},"end":{"line":47,"column":43}},"18":{"start":{"line":51,"column":18},"end":{"line":51,"column":38}},"19":{"start":{"line":52,"column":4},"end":{"line":55,"column":7}},"20":{"start":{"line":59,"column":17},"end":{"line":61,"column":6}},"21":{"start":{"line":63,"column":4},"end":{"line":65,"column":5}},"22":{"start":{"line":64,"column":6},"end":{"line":64,"column":66}},"23":{"start":{"line":67,"column":4},"end":{"line":67,"column":16}},"24":{"start":{"line":71,"column":4},"end":{"line":73,"column":7}},"25":{"start":{"line":77,"column":17},"end":{"line":77,"column":39}},"26":{"start":{"line":80,"column":4},"end":{"line":88,"column":5}},"27":{"start":{"line":81,"column":23},"end":{"line":83,"column":8}},"28":{"start":{"line":85,"column":6},"end":{"line":87,"column":7}},"29":{"start":{"line":86,"column":8},"end":{"line":86,"column":64}},"30":{"start":{"line":90,"column":4},"end":{"line":90,"column":39}},"31":{"start":{"line":91,"column":4},"end":{"line":91,"column":43}},"32":{"start":{"line":95,"column":17},"end":{"line":95,"column":39}},"33":{"start":{"line":96,"column":4},"end":{"line":96,"column":44}},"34":{"start":{"line":100,"column":4},"end":{"line":103,"column":7}},"35":{"start":{"line":107,"column":17},"end":{"line":107,"column":39}},"36":{"start":{"line":108,"column":4},"end":{"line":108,"column":38}},"37":{"start":{"line":109,"column":4},"end":{"line":109,"column":34}},"38":{"start":{"line":110,"column":4},"end":{"line":110,"column":43}},"39":{"start":{"line":14,"column":13},"end":{"line":14,"column":25}},"40":{"start":{"line":14,"column":13},"end":{"line":112,"column":null}}},"fnMap":{"0":{"name":"(anonymous_4)","decl":{"start":{"line":15,"column":2},"end":{"line":15,"column":null}},"loc":{"start":{"line":17,"column":45},"end":{"line":18,"column":6}}},"1":{"name":"(anonymous_5)","decl":{"start":{"line":20,"column":2},"end":{"line":20,"column":7}},"loc":{"start":{"line":20,"column":43},"end":{"line":48,"column":3}}},"2":{"name":"(anonymous_6)","decl":{"start":{"line":50,"column":2},"end":{"line":50,"column":7}},"loc":{"start":{"line":50,"column":31},"end":{"line":56,"column":3}}},"3":{"name":"(anonymous_7)","decl":{"start":{"line":58,"column":2},"end":{"line":58,"column":7}},"loc":{"start":{"line":58,"column":26},"end":{"line":68,"column":3}}},"4":{"name":"(anonymous_8)","decl":{"start":{"line":70,"column":2},"end":{"line":70,"column":7}},"loc":{"start":{"line":70,"column":33},"end":{"line":74,"column":3}}},"5":{"name":"(anonymous_9)","decl":{"start":{"line":76,"column":2},"end":{"line":76,"column":7}},"loc":{"start":{"line":76,"column":55},"end":{"line":92,"column":3}}},"6":{"name":"(anonymous_10)","decl":{"start":{"line":94,"column":2},"end":{"line":94,"column":7}},"loc":{"start":{"line":94,"column":25},"end":{"line":97,"column":3}}},"7":{"name":"(anonymous_11)","decl":{"start":{"line":99,"column":2},"end":{"line":99,"column":7}},"loc":{"start":{"line":99,"column":33},"end":{"line":104,"column":3}}},"8":{"name":"(anonymous_12)","decl":{"start":{"line":106,"column":2},"end":{"line":106,"column":7}},"loc":{"start":{"line":106,"column":84},"end":{"line":111,"column":3}}}},"branchMap":{"0":{"loc":{"start":{"line":22,"column":4},"end":{"line":30,"column":5}},"type":"if","locations":[{"start":{"line":22,"column":4},"end":{"line":30,"column":5}}]},"1":{"loc":{"start":{"line":27,"column":6},"end":{"line":29,"column":7}},"type":"if","locations":[{"start":{"line":27,"column":6},"end":{"line":29,"column":7}}]},"2":{"loc":{"start":{"line":34,"column":4},"end":{"line":38,"column":5}},"type":"if","locations":[{"start":{"line":34,"column":4},"end":{"line":38,"column":5}}]},"3":{"loc":{"start":{"line":43,"column":12},"end":{"line":43,"column":52}},"type":"binary-expr","locations":[{"start":{"line":43,"column":12},"end":{"line":43,"column":30}},{"start":{"line":43,"column":34},"end":{"line":43,"column":52}}]},"4":{"loc":{"start":{"line":44,"column":14},"end":{"line":44,"column":78}},"type":"cond-expr","locations":[{"start":{"line":44,"column":51},"end":{"line":44,"column":71}},{"start":{"line":44,"column":74},"end":{"line":44,"column":78}}]},"5":{"loc":{"start":{"line":51,"column":18},"end":{"line":51,"column":38}},"type":"cond-expr","locations":[{"start":{"line":51,"column":25},"end":{"line":51,"column":33}},{"start":{"line":51,"column":36},"end":{"line":51,"column":38}}]},"6":{"loc":{"start":{"line":63,"column":4},"end":{"line":65,"column":5}},"type":"if","locations":[{"start":{"line":63,"column":4},"end":{"line":65,"column":5}}]},"7":{"loc":{"start":{"line":80,"column":4},"end":{"line":88,"column":5}},"type":"if","locations":[{"start":{"line":80,"column":4},"end":{"line":88,"column":5}}]},"8":{"loc":{"start":{"line":80,"column":8},"end":{"line":80,"column":65}},"type":"binary-expr","locations":[{"start":{"line":80,"column":8},"end":{"line":80,"column":27}},{"start":{"line":80,"column":31},"end":{"line":80,"column":65}}]},"9":{"loc":{"start":{"line":85,"column":6},"end":{"line":87,"column":7}},"type":"if","locations":[{"start":{"line":85,"column":6},"end":{"line":87,"column":7}}]},"10":{"loc":{"start":{"line":106,"column":57},"end":{"line":106,"column":84}},"type":"default-arg","locations":[{"start":{"line":106,"column":79},"end":{"line":106,"column":84}}]}},"s":{"0":3,"1":3,"2":3,"3":3,"4":3,"5":3,"6":17,"7":6,"8":6,"9":6,"10":2,"11":4,"12":4,"13":3,"14":3,"15":3,"16":4,"17":4,"18":2,"19":2,"20":8,"21":8,"22":2,"23":6,"24":2,"25":3,"26":3,"27":1,"28":1,"29":1,"30":2,"31":2,"32":1,"33":1,"34":1,"35":1,"36":1,"37":1,"38":1,"39":3,"40":3},"f":{"0":17,"1":6,"2":2,"3":8,"4":2,"5":3,"6":1,"7":1,"8":1},"b":{"0":[6],"1":[2],"2":[3],"3":[4,1],"4":[0,4],"5":[1,1],"6":[2],"7":[1],"8":[3,2],"9":[1],"10":[0]}}
,"/home/ewerton/Projetos/prime/backend/src/modules/users/dto/create-user.dto.ts": {"path":"/home/ewerton/Projetos/prime/backend/src/modules/users/dto/create-user.dto.ts","statementMap":{"0":{"start":{"line":1,"column":0},"end":{"line":1,"column":46}},"1":{"start":{"line":2,"column":0},"end":{"line":2,"column":null}},"2":{"start":{"line":11,"column":0},"end":{"line":11,"column":57}},"3":{"start":{"line":13,"column":0},"end":{"line":13,"column":13}},"4":{"start":{"line":22,"column":2},"end":{"line":22,"column":null}},"5":{"start":{"line":32,"column":2},"end":{"line":32,"column":null}},"6":{"start":{"line":43,"column":2},"end":{"line":43,"column":null}},"7":{"start":{"line":53,"column":2},"end":{"line":53,"column":null}},"8":{"start":{"line":64,"column":2},"end":{"line":64,"column":null}},"9":{"start":{"line":75,"column":2},"end":{"line":75,"column":null}},"10":{"start":{"line":86,"column":2},"end":{"line":86,"column":null}},"11":{"start":{"line":96,"column":2},"end":{"line":96,"column":null}},"12":{"start":{"line":106,"column":2},"end":{"line":106,"column":null}}},"fnMap":{},"branchMap":{},"s":{"0":0,"1":0,"2":0,"3":0,"4":0,"5":0,"6":0,"7":0,"8":0,"9":0,"10":0,"11":0,"12":0},"f":{},"b":{}}
,"/home/ewerton/Projetos/prime/backend/src/modules/users/dto/update-user.dto.ts": {"path":"/home/ewerton/Projetos/prime/backend/src/modules/users/dto/update-user.dto.ts","statementMap":{"0":{"start":{"line":1,"column":0},"end":{"line":1,"column":46}},"1":{"start":{"line":2,"column":0},"end":{"line":2,"column":50}},"2":{"start":{"line":4,"column":0},"end":{"line":4,"column":13}}},"fnMap":{},"branchMap":{},"s":{"0":0,"1":0,"2":0},"f":{},"b":{}}
,"/home/ewerton/Projetos/prime/backend/src/utils/crypto.util.ts": {"path":"/home/ewerton/Projetos/prime/backend/src/utils/crypto.util.ts","statementMap":{"0":{"start":{"line":1,"column":0},"end":{"line":1,"column":36}},"1":{"start":{"line":12,"column":4},"end":{"line":12,"column":39}},"2":{"start":{"line":21,"column":4},"end":{"line":23,"column":5}},"3":{"start":{"line":22,"column":6},"end":{"line":22,"column":69}},"4":{"start":{"line":25,"column":19},"end":{"line":25,"column":64}},"5":{"start":{"line":26,"column":4},"end":{"line":28,"column":5}},"6":{"start":{"line":27,"column":6},"end":{"line":27,"column":52}},"7":{"start":{"line":31,"column":21},"end":{"line":31,"column":43}},"8":{"start":{"line":34,"column":17},"end":{"line":34,"column":45}},"9":{"start":{"line":35,"column":4},"end":{"line":35,"column":26}},"10":{"start":{"line":37,"column":4},"end":{"line":37,"column":30}},"11":{"start":{"line":46,"column":21},"end":{"line":46,"column":43}},"12":{"start":{"line":47,"column":4},"end":{"line":47,"column":60}},"13":{"start":{"line":8,"column":0},"end":{"line":8,"column":13}}},"fnMap":{"0":{"name":"(anonymous_0)","decl":{"start":{"line":11,"column":2},"end":{"line":11,"column":8}},"loc":{"start":{"line":11,"column":54},"end":{"line":13,"column":3}}},"1":{"name":"(anonymous_1)","decl":{"start":{"line":20,"column":2},"end":{"line":20,"column":8}},"loc":{"start":{"line":20,"column":28},"end":{"line":38,"column":3}}},"2":{"name":"(anonymous_2)","decl":{"start":{"line":45,"column":2},"end":{"line":45,"column":8}},"loc":{"start":{"line":45,"column":37},"end":{"line":48,"column":3}}}},"branchMap":{"0":{"loc":{"start":{"line":21,"column":4},"end":{"line":23,"column":5}},"type":"if","locations":[{"start":{"line":21,"column":4},"end":{"line":23,"column":5}}]},"1":{"loc":{"start":{"line":26,"column":4},"end":{"line":28,"column":5}},"type":"if","locations":[{"start":{"line":26,"column":4},"end":{"line":28,"column":5}}]},"2":{"loc":{"start":{"line":47,"column":11},"end":{"line":47,"column":59}},"type":"binary-expr","locations":[{"start":{"line":47,"column":11},"end":{"line":47,"column":33}},{"start":{"line":47,"column":37},"end":{"line":47,"column":59}}]}},"s":{"0":1,"1":15,"2":12,"3":0,"4":12,"5":12,"6":0,"7":12,"8":12,"9":12,"10":12,"11":10,"12":10,"13":1},"f":{"0":15,"1":12,"2":10},"b":{"0":[0],"1":[0],"2":[10,7]}}
}
