TN:
SF:src/app.controller.ts
FN:6,(anonymous_2)
FN:9,(anonymous_3)
FNF:2
FNH:2
FNDA:1,(anonymous_2)
FNDA:1,(anonymous_3)
DA:1,1
DA:2,1
DA:5,1
DA:6,1
DA:9,1
DA:10,1
LF:6
LH:6
BRF:0
BRH:0
end_of_record
TN:
SF:src/app.module.ts
FN:30,(anonymous_1)
FNF:1
FNH:0
FNDA:0,(anonymous_1)
DA:1,0
DA:2,0
DA:3,0
DA:4,0
DA:5,0
DA:6,0
DA:7,0
DA:8,0
DA:9,0
DA:10,0
DA:11,0
DA:12,0
DA:13,0
DA:14,0
DA:15,0
DA:16,0
DA:17,0
DA:18,0
DA:31,0
DA:61,0
LF:20
LH:0
BRF:0
BRH:0
end_of_record
TN:
SF:src/app.service.ts
FN:5,(anonymous_1)
FNF:1
FNH:1
FNDA:1,(anonymous_1)
DA:1,1
DA:4,1
DA:6,1
LF:3
LH:3
BRF:0
BRH:0
end_of_record
TN:
SF:src/main.ts
FN:9,bootstrap
FN:32,(anonymous_1)
FN:35,(anonymous_2)
FN:146,(anonymous_3)
FNF:4
FNH:0
FNDA:0,bootstrap
FNDA:0,(anonymous_1)
FNDA:0,(anonymous_2)
FNDA:0,(anonymous_3)
DA:1,0
DA:2,0
DA:3,0
DA:4,0
DA:5,0
DA:6,0
DA:7,0
DA:10,0
DA:13,0
DA:14,0
DA:15,0
DA:18,0
DA:24,0
DA:27,0
DA:28,0
DA:31,0
DA:32,0
DA:34,0
DA:39,0
DA:40,0
DA:43,0
DA:46,0
DA:47,0
DA:49,0
DA:53,0
DA:54,0
DA:55,0
DA:57,0
DA:61,0
DA:62,0
DA:63,0
DA:65,0
DA:69,0
DA:70,0
DA:72,0
DA:74,0
DA:83,0
DA:95,0
DA:134,0
DA:135,0
DA:136,0
DA:138,0
DA:140,0
DA:141,0
DA:145,0
DA:146,0
DA:148,0
DA:149,0
DA:151,0
DA:152,0
DA:153,0
DA:161,0
DA:162,0
DA:163,0
DA:166,0
DA:167,0
DA:171,0
DA:172,0
DA:179,0
DA:183,0
DA:184,0
DA:189,0
DA:190,0
DA:194,0
DA:195,0
DA:198,0
DA:199,0
DA:201,0
DA:202,0
DA:203,0
DA:205,0
DA:209,0
DA:210,0
DA:211,0
DA:213,0
DA:214,0
DA:218,0
LF:77
LH:0
BRDA:14,0,0,0
BRDA:14,0,1,0
BRDA:27,1,0,0
BRDA:27,1,1,0
BRDA:31,2,0,0
BRDA:31,2,1,0
BRDA:39,3,0,0
BRDA:40,4,0,0
BRDA:46,5,0,0
BRDA:53,6,0,0
BRDA:54,7,0,0
BRDA:61,8,0,0
BRDA:61,9,0,0
BRDA:61,9,1,0
BRDA:61,9,2,0
BRDA:62,10,0,0
BRDA:69,11,0,0
BRDA:69,11,1,0
BRDA:79,12,0,0
BRDA:79,12,1,0
BRDA:134,13,0,0
BRDA:134,13,1,0
BRDA:138,14,0,0
BRDA:138,14,1,0
BRDA:140,15,0,0
BRDA:140,16,0,0
BRDA:140,16,1,0
BRDA:140,16,2,0
BRDA:145,17,0,0
BRDA:145,18,0,0
BRDA:145,18,1,0
BRDA:148,19,0,0
BRDA:151,20,0,0
BRDA:151,21,0,0
BRDA:151,21,1,0
BRDA:166,22,0,0
BRDA:166,23,0,0
BRDA:166,23,1,0
BRDA:189,24,0,0
BRDA:194,25,0,0
BRDA:194,25,1,0
BRDA:199,26,0,0
BRDA:199,26,1,0
BRDA:201,27,0,0
BRDA:202,28,0,0
BRDA:202,28,1,0
BRDA:202,29,0,0
BRDA:202,29,1,0
BRDA:209,30,0,0
BRDA:209,30,1,0
BRDA:210,31,0,0
BRDA:210,31,1,0
BRDA:213,32,0,0
BRDA:213,32,1,0
BRF:54
BRH:0
end_of_record
TN:
SF:src/common/decorators/client.decorator.ts
FN:4,(anonymous_0)
FNF:1
FNH:0
FNDA:0,(anonymous_0)
DA:1,0
DA:3,0
DA:5,0
DA:6,0
LF:4
LH:0
BRF:0
BRH:0
end_of_record
TN:
SF:src/common/decorators/public.decorator.ts
FN:4,(anonymous_0)
FNF:1
FNH:1
FNDA:2,(anonymous_0)
DA:1,1
DA:3,1
DA:4,2
LF:3
LH:3
BRF:0
BRH:0
end_of_record
TN:
SF:src/common/decorators/user.decorator.ts
FN:4,(anonymous_0)
FNF:1
FNH:0
FNDA:0,(anonymous_0)
DA:1,1
DA:3,1
DA:5,0
DA:6,0
LF:4
LH:2
BRF:0
BRH:0
end_of_record
TN:
SF:src/common/filters/http-exception.filter.ts
FN:12,(anonymous_1)
FN:15,(anonymous_2)
FN:68,(anonymous_3)
FN:89,(anonymous_4)
FN:110,(anonymous_5)
FN:134,(anonymous_6)
FNF:6
FNH:0
FNDA:0,(anonymous_1)
FNDA:0,(anonymous_2)
FNDA:0,(anonymous_3)
FNDA:0,(anonymous_4)
FNDA:0,(anonymous_5)
FNDA:0,(anonymous_6)
DA:1,0
DA:12,0
DA:13,0
DA:16,0
DA:17,0
DA:18,0
DA:20,0
DA:21,0
DA:22,0
DA:24,0
DA:25,0
DA:26,0
DA:28,0
DA:29,0
DA:31,0
DA:33,0
DA:35,0
DA:36,0
DA:39,0
DA:40,0
DA:41,0
DA:46,0
DA:48,0
DA:49,0
DA:56,0
DA:65,0
DA:69,0
DA:71,0
DA:73,0
DA:75,0
DA:77,0
DA:79,0
DA:81,0
DA:83,0
DA:85,0
DA:90,0
DA:92,0
DA:94,0
DA:96,0
DA:98,0
DA:100,0
DA:102,0
DA:104,0
DA:106,0
DA:112,0
DA:113,0
DA:117,0
DA:118,0
DA:134,0
DA:137,0
LF:50
LH:0
BRDA:24,0,0,0
BRDA:24,0,1,0
BRDA:28,1,0,0
BRDA:28,1,1,0
BRDA:28,2,0,0
BRDA:28,2,1,0
BRDA:30,3,0,0
BRDA:30,3,1,0
BRDA:31,4,0,0
BRDA:31,4,1,0
BRDA:35,5,0,0
BRDA:39,6,0,0
BRDA:48,7,0,0
BRDA:51,8,0,0
BRDA:51,8,1,0
BRDA:62,9,0,0
BRDA:62,9,1,0
BRDA:71,10,0,0
BRDA:71,10,1,0
BRDA:71,10,2,0
BRDA:71,10,3,0
BRDA:71,10,4,0
BRDA:71,10,5,0
BRDA:71,10,6,0
BRDA:92,11,0,0
BRDA:92,11,1,0
BRDA:92,11,2,0
BRDA:92,11,3,0
BRDA:92,11,4,0
BRDA:92,11,5,0
BRDA:92,11,6,0
BRDA:106,12,0,0
BRDA:106,12,1,0
BRDA:112,13,0,0
BRDA:112,14,0,0
BRDA:112,14,1,0
BRDA:117,15,0,0
BRF:37
BRH:0
end_of_record
TN:
SF:src/common/guards/jwt-auth.guard.ts
FN:8,(anonymous_2)
FN:12,(anonymous_3)
FNF:2
FNH:0
FNDA:0,(anonymous_2)
FNDA:0,(anonymous_3)
DA:1,0
DA:2,0
DA:3,0
DA:7,0
DA:8,0
DA:9,0
DA:15,0
DA:16,0
DA:19,0
DA:28,0
DA:32,0
DA:37,0
DA:38,0
DA:41,0
LF:14
LH:0
BRDA:19,0,0,0
BRDA:20,1,0,0
BRDA:20,1,1,0
BRDA:20,1,2,0
BRDA:20,1,3,0
BRDA:20,1,4,0
BRDA:20,1,5,0
BRDA:20,1,6,0
BRDA:37,2,0,0
BRF:9
BRH:0
end_of_record
TN:
SF:src/entities/active-task-definition.entity.ts
FN:6,(anonymous_2)
FN:61,(anonymous_3)
FN:61,(anonymous_4)
FN:64,(anonymous_5)
FN:64,(anonymous_6)
FNF:5
FNH:1
FNDA:4,(anonymous_2)
FNDA:0,(anonymous_3)
FNDA:0,(anonymous_4)
FNDA:0,(anonymous_5)
FNDA:0,(anonymous_6)
DA:1,4
DA:2,4
DA:3,4
DA:4,4
DA:6,4
DA:7,4
DA:8,4
DA:9,4
DA:10,4
DA:14,4
DA:17,4
DA:21,4
DA:25,4
DA:33,4
DA:37,4
DA:47,4
DA:51,4
DA:55,4
DA:59,4
DA:61,0
DA:62,4
DA:64,0
DA:65,4
LF:23
LH:21
BRDA:6,0,0,4
BRDA:6,0,1,4
BRF:2
BRH:2
end_of_record
TN:
SF:src/entities/anthropometric-data.entity.ts
FN:61,(anonymous_2)
FN:61,(anonymous_3)
FNF:2
FNH:0
FNDA:0,(anonymous_2)
FNDA:0,(anonymous_3)
DA:1,4
DA:10,4
DA:13,4
DA:15,4
DA:18,4
DA:21,4
DA:24,4
DA:35,4
DA:38,4
DA:41,4
DA:52,4
DA:55,4
DA:58,4
DA:61,0
DA:65,4
LF:15
LH:14
BRF:0
BRH:0
end_of_record
TN:
SF:src/entities/binary-collection.entity.ts
FN:11,(anonymous_2)
FN:19,(anonymous_3)
FN:68,(anonymous_4)
FN:71,(anonymous_5)
FN:91,(anonymous_6)
FN:91,(anonymous_7)
FN:97,(anonymous_8)
FNF:7
FNH:2
FNDA:4,(anonymous_2)
FNDA:4,(anonymous_3)
FNDA:0,(anonymous_4)
FNDA:0,(anonymous_5)
FNDA:0,(anonymous_6)
FNDA:0,(anonymous_7)
FNDA:0,(anonymous_8)
DA:1,4
DA:8,4
DA:9,4
DA:11,4
DA:12,4
DA:13,4
DA:14,4
DA:15,4
DA:16,4
DA:19,4
DA:20,4
DA:21,4
DA:22,4
DA:23,4
DA:27,4
DA:29,4
DA:32,4
DA:35,4
DA:38,4
DA:41,4
DA:44,4
DA:47,4
DA:50,4
DA:57,4
DA:60,4
DA:63,4
DA:66,4
DA:68,0
DA:69,4
DA:71,0
DA:72,4
DA:75,4
DA:82,4
DA:85,4
DA:88,4
DA:91,0
DA:95,4
DA:97,0
DA:99,4
LF:39
LH:35
BRDA:11,0,0,4
BRDA:11,0,1,4
BRDA:19,1,0,4
BRDA:19,1,1,4
BRF:4
BRH:4
end_of_record
TN:
SF:src/entities/clinical-assessment.entity.ts
FN:105,(anonymous_2)
FN:108,(anonymous_3)
FN:111,(anonymous_4)
FN:111,(anonymous_5)
FNF:4
FNH:0
FNDA:0,(anonymous_2)
FNDA:0,(anonymous_3)
FNDA:0,(anonymous_4)
FNDA:0,(anonymous_5)
DA:1,4
DA:10,4
DA:13,4
DA:15,4
DA:18,4
DA:22,4
DA:25,4
DA:28,4
DA:31,4
DA:35,4
DA:38,4
DA:41,4
DA:45,4
DA:48,4
DA:52,4
DA:55,4
DA:58,4
DA:61,4
DA:64,4
DA:67,4
DA:70,4
DA:73,4
DA:77,4
DA:81,4
DA:84,4
DA:87,4
DA:90,4
DA:94,4
DA:97,4
DA:100,4
DA:103,4
DA:105,0
DA:106,4
DA:108,0
DA:109,4
DA:111,0
DA:115,4
LF:37
LH:34
BRF:0
BRH:0
end_of_record
TN:
SF:src/entities/clinical-impression.entity.ts
FN:15,(anonymous_2)
FN:15,(anonymous_3)
FNF:2
FNH:0
FNDA:0,(anonymous_2)
FNDA:0,(anonymous_3)
DA:1,4
DA:2,4
DA:5,4
DA:7,4
DA:10,4
DA:13,4
DA:15,0
DA:17,4
LF:8
LH:7
BRF:0
BRH:0
end_of_record
TN:
SF:src/entities/collection-form-type.entity.ts
FNF:0
FNH:0
DA:1,0
DA:4,0
DA:6,0
DA:9,0
DA:12,0
LF:5
LH:0
BRF:0
BRH:0
end_of_record
TN:
SF:src/entities/dyskinesia-type.entity.ts
FNF:0
FNH:0
DA:1,0
DA:4,0
DA:6,0
DA:9,0
DA:12,0
LF:5
LH:0
BRF:0
BRH:0
end_of_record
TN:
SF:src/entities/education-level.entity.ts
FNF:0
FNH:0
DA:1,4
DA:4,4
DA:6,4
DA:9,4
DA:12,4
DA:15,4
DA:18,4
LF:7
LH:7
BRF:0
BRH:0
end_of_record
TN:
SF:src/entities/epworth-score.entity.ts
FN:39,(anonymous_2)
FN:39,(anonymous_3)
FNF:2
FNH:0
FNDA:0,(anonymous_2)
FNDA:0,(anonymous_3)
DA:1,4
DA:2,4
DA:5,4
DA:7,4
DA:10,4
DA:13,4
DA:16,4
DA:19,4
DA:22,4
DA:25,4
DA:28,4
DA:31,4
DA:34,4
DA:37,4
DA:39,0
DA:41,4
LF:16
LH:15
BRF:0
BRH:0
end_of_record
TN:
SF:src/entities/ethnicity-type.entity.ts
FNF:0
FNH:0
DA:1,4
DA:4,4
DA:6,4
DA:9,4
DA:12,4
DA:15,4
LF:6
LH:6
BRF:0
BRH:0
end_of_record
TN:
SF:src/entities/evaluator.entity.ts
FN:42,(anonymous_2)
FN:45,(anonymous_3)
FN:49,(anonymous_4)
FN:49,(anonymous_5)
FNF:4
FNH:0
FNDA:0,(anonymous_2)
FNDA:0,(anonymous_3)
FNDA:0,(anonymous_4)
FNDA:0,(anonymous_5)
DA:1,0
DA:9,0
DA:14,0
DA:16,0
DA:19,0
DA:22,0
DA:25,0
DA:28,0
DA:31,0
DA:34,0
DA:37,0
DA:40,0
DA:42,0
DA:43,0
DA:45,0
DA:46,0
DA:49,0
DA:50,0
LF:18
LH:0
BRF:0
BRH:0
end_of_record
TN:
SF:src/entities/fogq-score.entity.ts
FN:33,(anonymous_2)
FN:33,(anonymous_3)
FNF:2
FNH:0
FNDA:0,(anonymous_2)
FNDA:0,(anonymous_3)
DA:1,4
DA:2,4
DA:5,4
DA:7,4
DA:10,4
DA:13,4
DA:16,4
DA:19,4
DA:22,4
DA:25,4
DA:28,4
DA:31,4
DA:33,0
DA:35,4
LF:14
LH:13
BRF:0
BRH:0
end_of_record
TN:
SF:src/entities/gender-type.entity.ts
FNF:0
FNH:0
DA:1,4
DA:4,4
DA:6,4
DA:9,4
DA:12,4
DA:15,4
LF:6
LH:6
BRF:0
BRH:0
end_of_record
TN:
SF:src/entities/hoehn-yahr-scale.entity.ts
FNF:0
FNH:0
DA:1,0
DA:4,0
DA:6,0
DA:9,0
DA:12,0
LF:5
LH:0
BRF:0
BRH:0
end_of_record
TN:
SF:src/entities/income-range.entity.ts
FNF:0
FNH:0
DA:1,4
DA:4,4
DA:6,4
DA:9,4
DA:12,4
DA:15,4
DA:18,4
DA:21,4
LF:8
LH:8
BRF:0
BRH:0
end_of_record
TN:
SF:src/entities/marital-status-type.entity.ts
FNF:0
FNH:0
DA:1,4
DA:4,4
DA:6,4
DA:9,4
DA:12,4
DA:15,4
LF:6
LH:6
BRF:0
BRH:0
end_of_record
TN:
SF:src/entities/medication-reference.entity.ts
FNF:0
FNH:0
DA:1,0
DA:4,0
DA:6,0
DA:9,0
DA:12,0
DA:15,0
DA:18,0
DA:21,0
DA:24,0
LF:9
LH:0
BRF:0
BRH:0
end_of_record
TN:
SF:src/entities/meem-score.entity.ts
FN:110,(anonymous_2)
FN:110,(anonymous_3)
FNF:2
FNH:0
FNDA:0,(anonymous_2)
FNDA:0,(anonymous_3)
DA:1,4
DA:2,4
DA:5,4
DA:7,4
DA:10,4
DA:14,4
DA:17,4
DA:20,4
DA:23,4
DA:26,4
DA:29,4
DA:32,4
DA:35,4
DA:38,4
DA:41,4
DA:45,4
DA:48,4
DA:51,4
DA:55,4
DA:58,4
DA:61,4
DA:64,4
DA:67,4
DA:71,4
DA:74,4
DA:77,4
DA:81,4
DA:84,4
DA:87,4
DA:90,4
DA:93,4
DA:96,4
DA:99,4
DA:102,4
DA:105,4
DA:108,4
DA:110,0
DA:112,4
LF:38
LH:37
BRF:0
BRH:0
end_of_record
TN:
SF:src/entities/nmf-score.entity.ts
FN:15,(anonymous_2)
FN:15,(anonymous_3)
FNF:2
FNH:0
FNDA:0,(anonymous_2)
FNDA:0,(anonymous_3)
DA:1,4
DA:2,4
DA:5,4
DA:7,4
DA:10,4
DA:13,4
DA:15,0
DA:17,4
LF:8
LH:7
BRF:0
BRH:0
end_of_record
TN:
SF:src/entities/nms-score.entity.ts
FN:15,(anonymous_2)
FN:15,(anonymous_3)
FNF:2
FNH:0
FNDA:0,(anonymous_2)
FNDA:0,(anonymous_3)
DA:1,4
DA:2,4
DA:5,4
DA:7,4
DA:10,4
DA:13,4
DA:15,0
DA:17,4
LF:8
LH:7
BRF:0
BRH:0
end_of_record
TN:
SF:src/entities/parkinson-phenotype.entity.ts
FNF:0
FNH:0
DA:1,0
DA:4,0
DA:6,0
DA:9,0
DA:12,0
DA:15,0
LF:6
LH:0
BRF:0
BRH:0
end_of_record
TN:
SF:src/entities/patient-medication.entity.ts
FN:29,(anonymous_2)
FN:32,(anonymous_3)
FN:32,(anonymous_4)
FNF:3
FNH:0
FNDA:0,(anonymous_2)
FNDA:0,(anonymous_3)
FNDA:0,(anonymous_4)
DA:1,4
DA:2,4
DA:6,4
DA:8,4
DA:11,4
DA:14,4
DA:17,4
DA:20,4
DA:23,4
DA:29,0
DA:30,4
DA:32,0
DA:34,4
LF:13
LH:11
BRF:0
BRH:0
end_of_record
TN:
SF:src/entities/patient-task-collection.entity.ts
FN:28,(anonymous_2)
FN:31,(anonymous_3)
FN:31,(anonymous_4)
FN:35,(anonymous_5)
FN:35,(anonymous_6)
FNF:5
FNH:0
FNDA:0,(anonymous_2)
FNDA:0,(anonymous_3)
FNDA:0,(anonymous_4)
FNDA:0,(anonymous_5)
FNDA:0,(anonymous_6)
DA:1,4
DA:2,4
DA:3,4
DA:6,4
DA:8,4
DA:11,4
DA:14,4
DA:17,4
DA:20,4
DA:23,4
DA:26,4
DA:28,0
DA:29,4
DA:31,0
DA:33,4
DA:35,0
DA:37,4
LF:17
LH:14
BRF:0
BRH:0
end_of_record
TN:
SF:src/entities/patient.entity.ts
FN:92,(anonymous_2)
FN:95,(anonymous_3)
FN:99,(anonymous_4)
FN:103,(anonymous_5)
FN:107,(anonymous_6)
FN:111,(anonymous_7)
FN:115,(anonymous_8)
FN:119,(anonymous_9)
FN:119,(anonymous_10)
FNF:9
FNH:0
FNDA:0,(anonymous_2)
FNDA:0,(anonymous_3)
FNDA:0,(anonymous_4)
FNDA:0,(anonymous_5)
FNDA:0,(anonymous_6)
FNDA:0,(anonymous_7)
FNDA:0,(anonymous_8)
FNDA:0,(anonymous_9)
FNDA:0,(anonymous_10)
DA:1,4
DA:11,4
DA:12,4
DA:13,4
DA:14,4
DA:15,4
DA:16,4
DA:19,4
DA:21,4
DA:24,4
DA:27,4
DA:30,4
DA:33,4
DA:36,4
DA:39,4
DA:42,4
DA:45,4
DA:48,4
DA:51,4
DA:54,4
DA:57,4
DA:60,4
DA:63,4
DA:66,4
DA:69,4
DA:72,4
DA:75,4
DA:78,4
DA:81,4
DA:84,4
DA:87,4
DA:90,4
DA:92,0
DA:93,4
DA:95,0
DA:96,4
DA:99,0
DA:101,4
DA:103,0
DA:105,4
DA:107,0
DA:109,4
DA:111,0
DA:113,4
DA:115,0
DA:117,4
DA:119,0
DA:120,4
LF:48
LH:40
BRF:0
BRH:0
end_of_record
TN:
SF:src/entities/pdf-report.entity.ts
FN:36,(anonymous_2)
FN:42,(anonymous_3)
FN:42,(anonymous_4)
FNF:3
FNH:0
FNDA:0,(anonymous_2)
FNDA:0,(anonymous_3)
FNDA:0,(anonymous_4)
DA:1,4
DA:2,4
DA:5,4
DA:7,4
DA:10,4
DA:16,4
DA:19,4
DA:22,4
DA:25,4
DA:28,4
DA:31,4
DA:34,4
DA:36,0
DA:37,4
DA:40,4
DA:42,0
DA:44,4
LF:17
LH:15
BRF:0
BRH:0
end_of_record
TN:
SF:src/entities/pdss2-score.entity.ts
FN:60,(anonymous_2)
FN:60,(anonymous_3)
FNF:2
FNH:0
FNDA:0,(anonymous_2)
FNDA:0,(anonymous_3)
DA:1,4
DA:2,4
DA:5,4
DA:7,4
DA:10,4
DA:13,4
DA:16,4
DA:19,4
DA:22,4
DA:25,4
DA:28,4
DA:31,4
DA:34,4
DA:37,4
DA:40,4
DA:43,4
DA:46,4
DA:49,4
DA:52,4
DA:55,4
DA:58,4
DA:60,0
DA:62,4
LF:23
LH:22
BRF:0
BRH:0
end_of_record
TN:
SF:src/entities/questionnaire.entity.ts
FN:64,(anonymous_2)
FN:67,(anonymous_3)
FN:71,(anonymous_4)
FN:71,(anonymous_5)
FN:77,(anonymous_6)
FN:77,(anonymous_7)
FN:84,(anonymous_8)
FN:85,(anonymous_9)
FN:91,(anonymous_10)
FN:92,(anonymous_11)
FN:98,(anonymous_12)
FN:99,(anonymous_13)
FN:104,(anonymous_14)
FN:104,(anonymous_15)
FN:109,(anonymous_16)
FN:109,(anonymous_17)
FN:112,(anonymous_18)
FN:112,(anonymous_19)
FN:117,(anonymous_20)
FN:117,(anonymous_21)
FN:120,(anonymous_22)
FN:120,(anonymous_23)
FN:123,(anonymous_24)
FN:123,(anonymous_25)
FN:126,(anonymous_26)
FN:126,(anonymous_27)
FN:131,(anonymous_28)
FN:131,(anonymous_29)
FN:136,(anonymous_30)
FN:136,(anonymous_31)
FN:141,(anonymous_32)
FN:141,(anonymous_33)
FN:146,(anonymous_34)
FN:146,(anonymous_35)
FN:151,(anonymous_36)
FN:151,(anonymous_37)
FN:155,(anonymous_38)
FN:156,(anonymous_39)
FN:161,(anonymous_40)
FN:161,(anonymous_41)
FNF:40
FNH:0
FNDA:0,(anonymous_2)
FNDA:0,(anonymous_3)
FNDA:0,(anonymous_4)
FNDA:0,(anonymous_5)
FNDA:0,(anonymous_6)
FNDA:0,(anonymous_7)
FNDA:0,(anonymous_8)
FNDA:0,(anonymous_9)
FNDA:0,(anonymous_10)
FNDA:0,(anonymous_11)
FNDA:0,(anonymous_12)
FNDA:0,(anonymous_13)
FNDA:0,(anonymous_14)
FNDA:0,(anonymous_15)
FNDA:0,(anonymous_16)
FNDA:0,(anonymous_17)
FNDA:0,(anonymous_18)
FNDA:0,(anonymous_19)
FNDA:0,(anonymous_20)
FNDA:0,(anonymous_21)
FNDA:0,(anonymous_22)
FNDA:0,(anonymous_23)
FNDA:0,(anonymous_24)
FNDA:0,(anonymous_25)
FNDA:0,(anonymous_26)
FNDA:0,(anonymous_27)
FNDA:0,(anonymous_28)
FNDA:0,(anonymous_29)
FNDA:0,(anonymous_30)
FNDA:0,(anonymous_31)
FNDA:0,(anonymous_32)
FNDA:0,(anonymous_33)
FNDA:0,(anonymous_34)
FNDA:0,(anonymous_35)
FNDA:0,(anonymous_36)
FNDA:0,(anonymous_37)
FNDA:0,(anonymous_38)
FNDA:0,(anonymous_39)
FNDA:0,(anonymous_40)
FNDA:0,(anonymous_41)
DA:1,4
DA:12,4
DA:13,4
DA:14,4
DA:15,4
DA:16,4
DA:17,4
DA:18,4
DA:19,4
DA:20,4
DA:21,4
DA:22,4
DA:23,4
DA:24,4
DA:25,4
DA:26,4
DA:27,4
DA:28,4
DA:29,4
DA:30,4
DA:35,4
DA:37,4
DA:40,4
DA:43,4
DA:46,4
DA:53,4
DA:56,4
DA:59,4
DA:62,4
DA:64,0
DA:65,4
DA:67,0
DA:68,4
DA:71,0
DA:75,4
DA:77,0
DA:81,4
DA:84,0
DA:85,0
DA:88,4
DA:91,0
DA:92,0
DA:95,4
DA:98,0
DA:99,0
DA:102,4
DA:104,0
DA:107,4
DA:109,0
DA:110,4
DA:112,0
DA:115,4
DA:117,0
DA:118,4
DA:120,0
DA:121,4
DA:123,0
DA:124,4
DA:126,0
DA:129,4
DA:131,0
DA:134,4
DA:136,0
DA:139,4
DA:141,0
DA:144,4
DA:146,0
DA:149,4
DA:151,0
DA:152,4
DA:155,0
DA:156,0
DA:159,4
DA:161,0
DA:164,4
LF:75
LH:50
BRF:0
BRH:0
end_of_record
TN:
SF:src/entities/rbdsq-score.entity.ts
FN:46,(anonymous_2)
FN:46,(anonymous_3)
FNF:2
FNH:0
FNDA:0,(anonymous_2)
FNDA:0,(anonymous_3)
DA:1,4
DA:2,4
DA:5,4
DA:7,4
DA:10,4
DA:13,4
DA:16,4
DA:19,4
DA:22,4
DA:25,4
DA:28,4
DA:31,4
DA:34,4
DA:38,4
DA:41,4
DA:44,4
DA:46,0
DA:48,4
LF:18
LH:17
BRF:0
BRH:0
end_of_record
TN:
SF:src/entities/stopbang-score.entity.ts
FN:41,(anonymous_2)
FN:41,(anonymous_3)
FNF:2
FNH:0
FNDA:0,(anonymous_2)
FNDA:0,(anonymous_3)
DA:1,4
DA:2,4
DA:5,4
DA:7,4
DA:10,4
DA:14,4
DA:17,4
DA:20,4
DA:23,4
DA:27,4
DA:30,4
DA:33,4
DA:36,4
DA:39,4
DA:41,0
DA:43,4
LF:16
LH:15
BRF:0
BRH:0
end_of_record
TN:
SF:src/entities/surgery-type.entity.ts
FNF:0
FNH:0
DA:1,0
DA:4,0
DA:6,0
DA:9,0
DA:12,0
DA:15,0
LF:6
LH:0
BRF:0
BRH:0
end_of_record
TN:
SF:src/entities/task-checklist-item.entity.ts
FN:19,(anonymous_2)
FN:19,(anonymous_3)
FNF:2
FNH:0
FNDA:0,(anonymous_2)
FNDA:0,(anonymous_3)
DA:1,4
DA:2,4
DA:6,4
DA:8,4
DA:11,4
DA:14,4
DA:17,4
DA:19,0
DA:23,4
LF:9
LH:8
BRF:0
BRH:0
end_of_record
TN:
SF:src/entities/udysrs-score.entity.ts
FN:105,(anonymous_2)
FN:105,(anonymous_3)
FNF:2
FNH:0
FNDA:0,(anonymous_2)
FNDA:0,(anonymous_3)
DA:1,4
DA:2,4
DA:5,4
DA:7,4
DA:10,4
DA:14,4
DA:18,4
DA:21,4
DA:24,4
DA:27,4
DA:30,4
DA:33,4
DA:36,4
DA:39,4
DA:42,4
DA:45,4
DA:49,4
DA:53,4
DA:56,4
DA:59,4
DA:63,4
DA:66,4
DA:69,4
DA:72,4
DA:75,4
DA:78,4
DA:81,4
DA:85,4
DA:88,4
DA:91,4
DA:94,4
DA:97,4
DA:100,4
DA:103,4
DA:105,0
DA:107,4
LF:36
LH:35
BRF:0
BRH:0
end_of_record
TN:
SF:src/entities/updrs3-score.entity.ts
FN:125,(anonymous_2)
FN:125,(anonymous_3)
FNF:2
FNH:0
FNDA:0,(anonymous_2)
FNDA:0,(anonymous_3)
DA:1,4
DA:2,4
DA:5,4
DA:7,4
DA:10,4
DA:14,4
DA:17,4
DA:20,4
DA:23,4
DA:26,4
DA:29,4
DA:32,4
DA:35,4
DA:38,4
DA:42,4
DA:45,4
DA:48,4
DA:51,4
DA:54,4
DA:58,4
DA:61,4
DA:64,4
DA:67,4
DA:70,4
DA:73,4
DA:76,4
DA:79,4
DA:82,4
DA:85,4
DA:88,4
DA:91,4
DA:94,4
DA:97,4
DA:101,4
DA:104,4
DA:107,4
DA:110,4
DA:113,4
DA:117,4
DA:120,4
DA:123,4
DA:125,0
DA:127,4
LF:43
LH:42
BRF:0
BRH:0
end_of_record
TN:
SF:src/entities/user.entity.ts
FN:11,(anonymous_2)
FN:53,(anonymous_3)
FN:56,(anonymous_4)
FN:60,(anonymous_5)
FN:60,(anonymous_6)
FNF:5
FNH:1
FNDA:4,(anonymous_2)
FNDA:0,(anonymous_3)
FNDA:0,(anonymous_4)
FNDA:0,(anonymous_5)
FNDA:0,(anonymous_6)
DA:1,4
DA:9,4
DA:11,4
DA:12,4
DA:13,4
DA:14,4
DA:18,4
DA:20,4
DA:23,4
DA:26,4
DA:29,4
DA:36,4
DA:39,4
DA:42,4
DA:45,4
DA:48,4
DA:51,4
DA:53,0
DA:54,4
DA:56,0
DA:57,4
DA:60,0
DA:61,4
LF:23
LH:20
BRDA:11,0,0,4
BRDA:11,0,1,4
BRF:2
BRH:2
end_of_record
TN:
SF:src/modules/auth/auth.controller.ts
FN:21,(anonymous_4)
FN:51,(anonymous_5)
FN:88,(anonymous_6)
FN:116,(anonymous_7)
FNF:4
FNH:4
FNDA:3,(anonymous_4)
FNDA:1,(anonymous_5)
FNDA:1,(anonymous_6)
FNDA:1,(anonymous_7)
DA:1,1
DA:2,1
DA:11,1
DA:12,1
DA:13,1
DA:14,1
DA:15,1
DA:16,1
DA:20,1
DA:21,3
DA:51,1
DA:52,1
DA:88,1
DA:89,1
DA:116,1
DA:120,1
LF:16
LH:16
BRF:0
BRH:0
end_of_record
TN:
SF:src/modules/auth/auth.module.ts
FN:17,(anonymous_1)
FNF:1
FNH:0
FNDA:0,(anonymous_1)
DA:1,0
DA:2,0
DA:3,0
DA:4,0
DA:5,0
DA:6,0
DA:7,0
DA:8,0
DA:18,0
DA:19,0
DA:22,0
DA:26,0
DA:35,0
LF:13
LH:0
BRDA:18,0,0,0
BRDA:18,0,1,0
BRF:2
BRH:0
end_of_record
TN:
SF:src/modules/auth/auth.service.ts
FN:12,(anonymous_2)
FN:18,(anonymous_3)
FN:40,(anonymous_4)
FN:52,(anonymous_5)
FN:105,(anonymous_6)
FN:141,(anonymous_7)
FNF:6
FNH:6
FNDA:14,(anonymous_2)
FNDA:6,(anonymous_3)
FNDA:6,(anonymous_4)
FNDA:7,(anonymous_5)
FNDA:4,(anonymous_6)
FNDA:6,(anonymous_7)
DA:1,2
DA:2,2
DA:3,2
DA:4,2
DA:8,2
DA:11,2
DA:13,14
DA:14,14
DA:15,14
DA:19,6
DA:22,6
DA:24,6
DA:25,2
DA:29,4
DA:30,4
DA:32,4
DA:44,6
DA:49,6
DA:53,7
DA:56,7
DA:58,7
DA:59,2
DA:63,5
DA:64,2
DA:69,3
DA:70,3
DA:72,1
DA:75,3
DA:77,3
DA:78,1
DA:82,2
DA:89,2
DA:91,2
DA:106,4
DA:109,4
DA:111,4
DA:112,1
DA:116,3
DA:117,3
DA:119,0
DA:122,3
DA:124,3
DA:125,2
DA:129,1
DA:130,1
DA:133,1
DA:135,1
DA:142,6
DA:145,6
DA:146,5
DA:147,1
DA:148,1
DA:149,0
DA:150,0
DA:154,0
LF:55
LH:51
BRDA:24,0,0,2
BRDA:58,1,0,2
BRDA:63,2,0,2
BRDA:70,3,0,1
BRDA:77,4,0,1
BRDA:111,5,0,1
BRDA:117,6,0,0
BRDA:124,7,0,2
BRDA:145,8,0,5
BRDA:145,8,1,1
BRDA:147,9,0,1
BRDA:147,9,1,0
BRDA:149,10,0,0
BRF:13
BRH:10
end_of_record
TN:
SF:src/modules/auth/dto/change-password.dto.ts
FNF:0
FNH:0
DA:1,1
DA:2,1
DA:4,1
DA:12,1
DA:22,1
LF:5
LH:5
BRF:0
BRH:0
end_of_record
TN:
SF:src/modules/auth/dto/login.dto.ts
FNF:0
FNH:0
DA:1,1
DA:2,1
DA:4,1
DA:13,1
DA:21,1
LF:5
LH:5
BRF:0
BRH:0
end_of_record
TN:
SF:src/modules/auth/dto/user-login.dto.ts
FNF:0
FNH:0
DA:1,1
DA:2,1
DA:4,1
DA:11,1
DA:20,1
LF:5
LH:5
BRF:0
BRH:0
end_of_record
TN:
SF:src/modules/auth/strategies/jwt.strategy.ts
FN:17,(anonymous_2)
FN:25,(anonymous_3)
FNF:2
FNH:0
FNDA:0,(anonymous_2)
FNDA:0,(anonymous_3)
DA:1,0
DA:2,0
DA:3,0
DA:4,0
DA:16,0
DA:17,0
DA:18,0
DA:27,0
DA:28,0
DA:37,0
DA:38,0
DA:43,0
LF:12
LH:0
BRDA:27,0,0,0
BRDA:37,1,0,0
BRF:2
BRH:0
end_of_record
TN:
SF:src/modules/binary-collections/binary-collections.controller.ts
FN:34,(anonymous_4)
FN:83,(anonymous_5)
FN:108,(anonymous_6)
FN:162,(anonymous_7)
FN:189,(anonymous_8)
FN:211,(anonymous_9)
FN:227,(anonymous_10)
FN:251,(anonymous_11)
FNF:8
FNH:0
FNDA:0,(anonymous_4)
FNDA:0,(anonymous_5)
FNDA:0,(anonymous_6)
FNDA:0,(anonymous_7)
FNDA:0,(anonymous_8)
FNDA:0,(anonymous_9)
FNDA:0,(anonymous_10)
FNDA:0,(anonymous_11)
DA:1,0
DA:17,0
DA:18,0
DA:27,0
DA:33,0
DA:35,0
DA:83,0
DA:88,0
DA:89,0
DA:92,0
DA:93,0
DA:96,0
DA:108,0
DA:109,0
DA:162,0
DA:163,0
DA:189,0
DA:190,0
DA:191,0
DA:211,0
DA:212,0
DA:227,0
DA:228,0
DA:251,0
DA:252,0
DA:253,0
LF:26
LH:0
BRDA:88,0,0,0
BRDA:92,1,0,0
BRF:2
BRH:0
end_of_record
TN:
SF:src/modules/binary-collections/binary-collections.module.ts
FNF:0
FNH:0
DA:1,0
DA:2,0
DA:3,0
DA:4,0
DA:5,0
DA:6,0
DA:7,0
DA:8,0
DA:16,0
LF:9
LH:0
BRF:0
BRH:0
end_of_record
TN:
SF:src/modules/binary-collections/binary-collections.service.ts
FN:16,(anonymous_4)
FN:33,(anonymous_5)
FN:97,(anonymous_6)
FN:119,(anonymous_7)
FN:136,(anonymous_8)
FN:172,(anonymous_9)
FN:182,(anonymous_10)
FN:216,(anonymous_11)
FNF:8
FNH:0
FNDA:0,(anonymous_4)
FNDA:0,(anonymous_5)
FNDA:0,(anonymous_6)
FNDA:0,(anonymous_7)
FNDA:0,(anonymous_8)
FNDA:0,(anonymous_9)
FNDA:0,(anonymous_10)
FNDA:0,(anonymous_11)
DA:1,0
DA:6,0
DA:7,0
DA:8,0
DA:9,0
DA:10,0
DA:11,0
DA:12,0
DA:15,0
DA:18,0
DA:20,0
DA:22,0
DA:24,0
DA:39,0
DA:40,0
DA:44,0
DA:47,0
DA:51,0
DA:52,0
DA:56,0
DA:60,0
DA:61,0
DA:65,0
DA:66,0
DA:70,0
DA:89,0
DA:92,0
DA:94,0
DA:98,0
DA:120,0
DA:124,0
DA:125,0
DA:128,0
DA:138,0
DA:139,0
DA:143,0
DA:146,0
DA:169,0
DA:173,0
DA:174,0
DA:183,0
DA:188,0
DA:189,0
DA:192,0
DA:193,0
DA:198,0
DA:201,0
DA:218,0
DA:224,0
DA:225,0
DA:228,0
DA:232,0
DA:233,0
DA:241,0
DA:244,0
DA:248,0
LF:56
LH:0
BRDA:39,0,0,0
BRDA:51,1,0,0
BRDA:60,2,0,0
BRDA:65,3,0,0
BRDA:65,4,0,0
BRDA:65,4,1,0
BRDA:76,5,0,0
BRDA:76,5,1,0
BRDA:124,6,0,0
BRDA:138,7,0,0
BRDA:188,8,0,0
BRDA:192,9,0,0
BRDA:198,10,0,0
BRDA:198,10,1,0
BRDA:224,11,0,0
BRDA:232,12,0,0
BRDA:232,12,1,0
BRF:17
BRH:0
end_of_record
TN:
SF:src/modules/binary-collections/dto/upload-binary.dto.ts
FNF:0
FNH:0
DA:1,0
DA:2,0
DA:4,0
DA:12,0
DA:22,0
DA:29,0
LF:6
LH:0
BRF:0
BRH:0
end_of_record
TN:
SF:src/modules/evaluators/evaluators.controller.ts
FN:28,(anonymous_4)
FN:37,(anonymous_5)
FN:47,(anonymous_6)
FN:59,(anonymous_7)
FN:72,(anonymous_8)
FN:88,(anonymous_9)
FNF:6
FNH:0
FNDA:0,(anonymous_4)
FNDA:0,(anonymous_5)
FNDA:0,(anonymous_6)
FNDA:0,(anonymous_7)
FNDA:0,(anonymous_8)
FNDA:0,(anonymous_9)
DA:1,0
DA:13,0
DA:20,0
DA:21,0
DA:22,0
DA:27,0
DA:28,0
DA:37,0
DA:38,0
DA:47,0
DA:48,0
DA:59,0
DA:60,0
DA:72,0
DA:76,0
DA:88,0
DA:89,0
LF:17
LH:0
BRF:0
BRH:0
end_of_record
TN:
SF:src/modules/evaluators/evaluators.module.ts
FNF:0
FNH:0
DA:1,0
DA:2,0
DA:3,0
DA:4,0
DA:5,0
DA:13,0
LF:6
LH:0
BRF:0
BRH:0
end_of_record
TN:
SF:src/modules/evaluators/evaluators.service.ts
FN:14,(anonymous_4)
FN:19,(anonymous_5)
FN:39,(anonymous_6)
FN:46,(anonymous_7)
FN:58,(anonymous_8)
FN:82,(anonymous_9)
FNF:6
FNH:0
FNDA:0,(anonymous_4)
FNDA:0,(anonymous_5)
FNDA:0,(anonymous_6)
FNDA:0,(anonymous_7)
FNDA:0,(anonymous_8)
FNDA:0,(anonymous_9)
DA:1,0
DA:6,0
DA:7,0
DA:8,0
DA:13,0
DA:16,0
DA:21,0
DA:22,0
DA:26,0
DA:27,0
DA:31,0
DA:36,0
DA:40,0
DA:47,0
DA:51,0
DA:52,0
DA:55,0
DA:62,0
DA:65,0
DA:69,0
DA:73,0
DA:74,0
DA:78,0
DA:79,0
DA:83,0
DA:84,0
LF:26
LH:0
BRDA:21,0,0,0
BRDA:26,1,0,0
BRDA:51,2,0,0
BRDA:65,3,0,0
BRDA:66,4,0,0
BRDA:66,4,1,0
BRDA:73,5,0,0
BRF:7
BRH:0
end_of_record
TN:
SF:src/modules/evaluators/dto/create-evaluator.dto.ts
FNF:0
FNH:0
DA:1,0
DA:2,0
DA:11,0
DA:20,0
DA:31,0
DA:42,0
DA:53,0
DA:64,0
DA:75,0
LF:9
LH:0
BRF:0
BRH:0
end_of_record
TN:
SF:src/modules/evaluators/dto/update-evaluator.dto.ts
FNF:0
FNH:0
DA:1,0
DA:2,0
DA:4,0
LF:3
LH:0
BRF:0
BRH:0
end_of_record
TN:
SF:src/modules/patients/patients.controller.ts
FN:30,(anonymous_4)
FN:50,(anonymous_5)
FN:60,(anonymous_6)
FN:87,(anonymous_7)
FN:102,(anonymous_8)
FN:120,(anonymous_9)
FN:139,(anonymous_10)
FNF:7
FNH:0
FNDA:0,(anonymous_4)
FNDA:0,(anonymous_5)
FNDA:0,(anonymous_6)
FNDA:0,(anonymous_7)
FNDA:0,(anonymous_8)
FNDA:0,(anonymous_9)
FNDA:0,(anonymous_10)
DA:1,0
DA:14,0
DA:22,0
DA:23,0
DA:24,0
DA:29,0
DA:30,0
DA:50,0
DA:51,0
DA:60,0
DA:61,0
DA:87,0
DA:88,0
DA:102,0
DA:103,0
DA:120,0
DA:124,0
DA:139,0
DA:140,0
LF:19
LH:0
BRF:0
BRH:0
end_of_record
TN:
SF:src/modules/patients/patients.module.ts
FNF:0
FNH:0
DA:1,0
DA:2,0
DA:3,0
DA:4,0
DA:5,0
DA:13,0
LF:6
LH:0
BRF:0
BRH:0
end_of_record
TN:
SF:src/modules/patients/patients.service.ts
FN:16,(anonymous_4)
FN:21,(anonymous_5)
FN:50,(anonymous_6)
FN:56,(anonymous_7)
FN:73,(anonymous_8)
FN:91,(anonymous_9)
FN:123,(anonymous_10)
FNF:7
FNH:7
FNDA:15,(anonymous_4)
FNDA:6,(anonymous_5)
FNDA:1,(anonymous_6)
FNDA:5,(anonymous_7)
FNDA:4,(anonymous_8)
FNDA:3,(anonymous_9)
FNDA:2,(anonymous_10)
DA:1,1
DA:7,1
DA:8,1
DA:9,1
DA:12,1
DA:15,1
DA:18,15
DA:23,6
DA:24,2
DA:28,4
DA:31,4
DA:35,4
DA:36,2
DA:40,2
DA:41,2
DA:47,2
DA:51,1
DA:57,5
DA:63,5
DA:64,3
DA:67,2
DA:74,4
DA:75,1
DA:78,3
DA:80,3
DA:84,3
DA:85,2
DA:88,1
DA:93,3
DA:94,3
DA:95,1
DA:102,1
DA:103,1
DA:108,3
DA:111,3
DA:116,3
DA:117,1
DA:120,2
DA:124,2
DA:125,1
LF:40
LH:40
BRDA:23,0,0,2
BRDA:35,1,0,2
BRDA:63,2,0,3
BRDA:74,3,0,1
BRDA:84,4,0,2
BRDA:94,5,0,1
BRDA:102,6,0,1
BRDA:116,7,0,1
BRF:8
BRH:8
end_of_record
TN:
SF:src/modules/patients/dto/create-patient.dto.ts
FNF:0
FNH:0
DA:1,0
DA:2,0
DA:34,0
DA:44,0
DA:54,0
DA:62,0
DA:72,0
DA:82,0
DA:92,0
DA:102,0
DA:112,0
DA:124,0
DA:135,0
DA:146,0
DA:156,0
DA:166,0
DA:176,0
DA:187,0
DA:198,0
DA:209,0
DA:220,0
DA:231,0
DA:242,0
DA:253,0
DA:264,0
LF:25
LH:0
BRF:0
BRH:0
end_of_record
TN:
SF:src/modules/patients/dto/update-patient.dto.ts
FNF:0
FNH:0
DA:1,0
DA:2,0
DA:3,0
DA:4,0
DA:7,0
DA:19,0
LF:6
LH:0
BRF:0
BRH:0
end_of_record
TN:
SF:src/modules/pdf-reports/pdf-reports.controller.ts
FN:31,(anonymous_4)
FN:61,(anonymous_5)
FN:77,(anonymous_6)
FNF:3
FNH:0
FNDA:0,(anonymous_4)
FNDA:0,(anonymous_5)
FNDA:0,(anonymous_6)
DA:1,0
DA:13,0
DA:14,0
DA:22,0
DA:23,0
DA:24,0
DA:30,0
DA:31,0
DA:61,0
DA:66,0
DA:77,0
DA:78,0
DA:79,0
DA:80,0
DA:82,0
DA:87,0
DA:88,0
DA:91,0
LF:18
LH:0
BRDA:79,0,0,0
BRDA:79,0,1,0
BRDA:80,1,0,0
BRDA:80,1,1,0
BRDA:87,2,0,0
BRDA:91,3,0,0
BRDA:91,3,1,0
BRF:7
BRH:0
end_of_record
TN:
SF:src/modules/pdf-reports/pdf-reports.module.ts
FNF:0
FNH:0
DA:1,0
DA:2,0
DA:3,0
DA:4,0
DA:5,0
DA:6,0
DA:14,0
LF:7
LH:0
BRF:0
BRH:0
end_of_record
TN:
SF:src/modules/pdf-reports/pdf-reports.service.ts
FN:10,(anonymous_4)
FN:17,(anonymous_5)
FN:48,(anonymous_6)
FNF:3
FNH:0
FNDA:0,(anonymous_4)
FNDA:0,(anonymous_5)
FNDA:0,(anonymous_6)
DA:1,0
DA:2,0
DA:3,0
DA:4,0
DA:5,0
DA:9,0
DA:12,0
DA:14,0
DA:22,0
DA:23,0
DA:26,0
DA:30,0
DA:31,0
DA:34,0
DA:45,0
DA:49,0
DA:55,0
DA:56,0
DA:59,0
LF:19
LH:0
BRDA:22,0,0,0
BRDA:30,1,0,0
BRDA:39,2,0,0
BRDA:39,2,1,0
BRDA:41,3,0,0
BRDA:41,3,1,0
BRDA:42,4,0,0
BRDA:42,4,1,0
BRDA:55,5,0,0
BRF:9
BRH:0
end_of_record
TN:
SF:src/modules/pdf-reports/dto/upload-pdf-report.dto.ts
FNF:0
FNH:0
DA:1,0
DA:2,0
DA:4,0
DA:10,0
DA:18,0
DA:27,0
LF:6
LH:0
BRF:0
BRH:0
end_of_record
TN:
SF:src/modules/questionnaires/questionnaires.controller.ts
FN:36,(anonymous_4)
FN:52,(anonymous_5)
FN:73,(anonymous_6)
FN:91,(anonymous_7)
FN:109,(anonymous_8)
FN:127,(anonymous_9)
FN:145,(anonymous_10)
FN:163,(anonymous_11)
FN:181,(anonymous_12)
FN:199,(anonymous_13)
FN:217,(anonymous_14)
FN:235,(anonymous_15)
FN:249,(anonymous_16)
FN:263,(anonymous_17)
FN:281,(anonymous_18)
FN:299,(anonymous_19)
FN:311,(anonymous_20)
FN:329,(anonymous_21)
FN:343,(anonymous_22)
FN:357,(anonymous_23)
FNF:20
FNH:0
FNDA:0,(anonymous_4)
FNDA:0,(anonymous_5)
FNDA:0,(anonymous_6)
FNDA:0,(anonymous_7)
FNDA:0,(anonymous_8)
FNDA:0,(anonymous_9)
FNDA:0,(anonymous_10)
FNDA:0,(anonymous_11)
FNDA:0,(anonymous_12)
FNDA:0,(anonymous_13)
FNDA:0,(anonymous_14)
FNDA:0,(anonymous_15)
FNDA:0,(anonymous_16)
FNDA:0,(anonymous_17)
FNDA:0,(anonymous_18)
FNDA:0,(anonymous_19)
FNDA:0,(anonymous_20)
FNDA:0,(anonymous_21)
FNDA:0,(anonymous_22)
FNDA:0,(anonymous_23)
DA:1,0
DA:12,0
DA:18,0
DA:19,0
DA:20,0
DA:21,0
DA:22,0
DA:23,0
DA:24,0
DA:25,0
DA:26,0
DA:27,0
DA:28,0
DA:29,0
DA:30,0
DA:35,0
DA:36,0
DA:52,0
DA:56,0
DA:73,0
DA:74,0
DA:91,0
DA:92,0
DA:109,0
DA:110,0
DA:127,0
DA:128,0
DA:145,0
DA:146,0
DA:163,0
DA:164,0
DA:181,0
DA:182,0
DA:199,0
DA:200,0
DA:217,0
DA:218,0
DA:235,0
DA:236,0
DA:249,0
DA:250,0
DA:263,0
DA:264,0
DA:281,0
DA:282,0
DA:299,0
DA:300,0
DA:311,0
DA:312,0
DA:329,0
DA:330,0
DA:343,0
DA:344,0
DA:357,0
DA:358,0
LF:55
LH:0
BRF:0
BRH:0
end_of_record
TN:
SF:src/modules/questionnaires/questionnaires.module.ts
FNF:0
FNH:0
DA:1,0
DA:2,0
DA:3,0
DA:4,0
DA:5,0
DA:6,0
DA:7,0
DA:8,0
DA:9,0
DA:10,0
DA:11,0
DA:12,0
DA:13,0
DA:14,0
DA:15,0
DA:16,0
DA:17,0
DA:18,0
DA:19,0
DA:20,0
DA:21,0
DA:22,0
DA:23,0
DA:24,0
DA:25,0
DA:26,0
DA:27,0
DA:28,0
DA:29,0
DA:65,0
LF:30
LH:0
BRF:0
BRH:0
end_of_record
TN:
SF:src/modules/questionnaires/questionnaires.service.ts
FN:211,(anonymous_4)
FN:263,(anonymous_5)
FN:268,(anonymous_6)
FN:276,(anonymous_7)
FN:287,(anonymous_8)
FN:291,(anonymous_9)
FN:303,(anonymous_10)
FN:322,(anonymous_11)
FN:342,(anonymous_12)
FN:365,(anonymous_13)
FN:383,(anonymous_14)
FN:400,(anonymous_15)
FN:409,(anonymous_16)
FN:422,(anonymous_17)
FN:453,(anonymous_18)
FN:466,(anonymous_19)
FN:526,(anonymous_20)
FN:684,(anonymous_21)
FN:725,(anonymous_22)
FN:903,(anonymous_23)
FN:939,(anonymous_24)
FN:975,(anonymous_25)
FN:1013,(anonymous_26)
FN:1049,(anonymous_27)
FN:1085,(anonymous_28)
FN:1121,(anonymous_29)
FN:1157,(anonymous_30)
FN:1193,(anonymous_31)
FN:1205,(anonymous_32)
FN:1206,(anonymous_33)
FN:1207,(anonymous_34)
FN:1208,(anonymous_35)
FN:1209,(anonymous_36)
FN:1210,(anonymous_37)
FN:1211,(anonymous_38)
FN:1225,(anonymous_39)
FN:1273,(anonymous_40)
FN:1289,(anonymous_41)
FN:1336,(anonymous_42)
FN:1385,(anonymous_43)
FN:1401,(anonymous_44)
FN:1603,(anonymous_45)
FN:1604,(anonymous_46)
FN:1624,(anonymous_47)
FN:1627,(anonymous_48)
FN:1655,(anonymous_49)
FN:1793,(anonymous_50)
FN:1805,(anonymous_51)
FN:1815,(anonymous_52)
FN:1824,(anonymous_53)
FN:1852,(anonymous_54)
FN:1899,(anonymous_55)
FN:1923,(anonymous_56)
FN:1924,(anonymous_57)
FN:1939,(anonymous_58)
FN:2072,(anonymous_59)
FN:2297,(anonymous_60)
FN:2361,(anonymous_61)
FN:2474,(anonymous_62)
FN:2512,(anonymous_63)
FN:2531,(anonymous_64)
FN:2569,(anonymous_65)
FN:2600,(anonymous_66)
FN:2607,(anonymous_67)
FN:2618,(anonymous_68)
FN:2624,(anonymous_69)
FN:2635,(anonymous_70)
FN:2697,(anonymous_71)
FN:2698,(anonymous_72)
FN:2709,(anonymous_73)
FN:2720,(anonymous_74)
FNF:71
FNH:0
FNDA:0,(anonymous_4)
FNDA:0,(anonymous_5)
FNDA:0,(anonymous_6)
FNDA:0,(anonymous_7)
FNDA:0,(anonymous_8)
FNDA:0,(anonymous_9)
FNDA:0,(anonymous_10)
FNDA:0,(anonymous_11)
FNDA:0,(anonymous_12)
FNDA:0,(anonymous_13)
FNDA:0,(anonymous_14)
FNDA:0,(anonymous_15)
FNDA:0,(anonymous_16)
FNDA:0,(anonymous_17)
FNDA:0,(anonymous_18)
FNDA:0,(anonymous_19)
FNDA:0,(anonymous_20)
FNDA:0,(anonymous_21)
FNDA:0,(anonymous_22)
FNDA:0,(anonymous_23)
FNDA:0,(anonymous_24)
FNDA:0,(anonymous_25)
FNDA:0,(anonymous_26)
FNDA:0,(anonymous_27)
FNDA:0,(anonymous_28)
FNDA:0,(anonymous_29)
FNDA:0,(anonymous_30)
FNDA:0,(anonymous_31)
FNDA:0,(anonymous_32)
FNDA:0,(anonymous_33)
FNDA:0,(anonymous_34)
FNDA:0,(anonymous_35)
FNDA:0,(anonymous_36)
FNDA:0,(anonymous_37)
FNDA:0,(anonymous_38)
FNDA:0,(anonymous_39)
FNDA:0,(anonymous_40)
FNDA:0,(anonymous_41)
FNDA:0,(anonymous_42)
FNDA:0,(anonymous_43)
FNDA:0,(anonymous_44)
FNDA:0,(anonymous_45)
FNDA:0,(anonymous_46)
FNDA:0,(anonymous_47)
FNDA:0,(anonymous_48)
FNDA:0,(anonymous_49)
FNDA:0,(anonymous_50)
FNDA:0,(anonymous_51)
FNDA:0,(anonymous_52)
FNDA:0,(anonymous_53)
FNDA:0,(anonymous_54)
FNDA:0,(anonymous_55)
FNDA:0,(anonymous_56)
FNDA:0,(anonymous_57)
FNDA:0,(anonymous_58)
FNDA:0,(anonymous_59)
FNDA:0,(anonymous_60)
FNDA:0,(anonymous_61)
FNDA:0,(anonymous_62)
FNDA:0,(anonymous_63)
FNDA:0,(anonymous_64)
FNDA:0,(anonymous_65)
FNDA:0,(anonymous_66)
FNDA:0,(anonymous_67)
FNDA:0,(anonymous_68)
FNDA:0,(anonymous_69)
FNDA:0,(anonymous_70)
FNDA:0,(anonymous_71)
FNDA:0,(anonymous_72)
FNDA:0,(anonymous_73)
FNDA:0,(anonymous_74)
DA:1,0
DA:6,0
DA:7,0
DA:8,0
DA:10,0
DA:11,0
DA:12,0
DA:13,0
DA:14,0
DA:15,0
DA:16,0
DA:17,0
DA:18,0
DA:19,0
DA:20,0
DA:21,0
DA:22,0
DA:23,0
DA:24,0
DA:28,0
DA:29,0
DA:30,0
DA:31,0
DA:32,0
DA:33,0
DA:34,0
DA:35,0
DA:36,0
DA:37,0
DA:47,0
DA:85,0
DA:118,0
DA:147,0
DA:158,0
DA:169,0
DA:187,0
DA:200,0
DA:210,0
DA:213,0
DA:215,0
DA:217,0
DA:219,0
DA:221,0
DA:223,0
DA:225,0
DA:227,0
DA:229,0
DA:231,0
DA:233,0
DA:235,0
DA:237,0
DA:239,0
DA:241,0
DA:243,0
DA:245,0
DA:247,0
DA:249,0
DA:251,0
DA:253,0
DA:255,0
DA:257,0
DA:259,0
DA:260,0
DA:268,0
DA:269,0
DA:270,0
DA:271,0
DA:281,0
DA:282,0
DA:285,0
DA:287,0
DA:288,0
DA:291,0
DA:292,0
DA:293,0
DA:297,0
DA:304,0
DA:305,0
DA:312,0
DA:313,0
DA:316,0
DA:323,0
DA:324,0
DA:332,0
DA:333,0
DA:336,0
DA:343,0
DA:344,0
DA:355,0
DA:356,0
DA:359,0
DA:366,0
DA:367,0
DA:373,0
DA:374,0
DA:377,0
DA:384,0
DA:385,0
DA:390,0
DA:391,0
DA:394,0
DA:401,0
DA:402,0
DA:403,0
DA:410,0
DA:411,0
DA:412,0
DA:413,0
DA:414,0
DA:415,0
DA:423,0
DA:425,0
DA:426,0
DA:429,0
DA:430,0
DA:432,0
DA:433,0
DA:435,0
DA:436,0
DA:438,0
DA:448,0
DA:452,0
DA:453,0
DA:454,0
DA:455,0
DA:459,0
DA:467,0
DA:468,0
DA:472,0
DA:476,0
DA:477,0
DA:481,0
DA:511,0
DA:514,0
DA:520,0
DA:528,0
DA:532,0
DA:533,0
DA:536,0
DA:540,0
DA:541,0
DA:542,0
DA:543,0
DA:544,0
DA:547,0
DA:548,0
DA:551,0
DA:554,0
DA:559,0
DA:561,0
DA:585,0
DA:586,0
DA:589,0
DA:591,0
DA:594,0
DA:621,0
DA:624,0
DA:625,0
DA:630,0
DA:632,0
DA:633,0
DA:634,0
DA:636,0
DA:637,0
DA:640,0
DA:646,0
DA:647,0
DA:655,0
DA:657,0
DA:664,0
DA:665,0
DA:667,0
DA:668,0
DA:669,0
DA:671,0
DA:672,0
DA:675,0
DA:685,0
DA:689,0
DA:690,0
DA:694,0
DA:698,0
DA:699,0
DA:708,0
DA:709,0
DA:710,0
DA:711,0
DA:712,0
DA:716,0
DA:717,0
DA:719,0
DA:726,0
DA:730,0
DA:731,0
DA:735,0
DA:740,0
DA:741,0
DA:742,0
DA:743,0
DA:746,0
DA:750,0
DA:753,0
DA:756,0
DA:757,0
DA:758,0
DA:761,0
DA:765,0
DA:766,0
DA:767,0
DA:770,0
DA:774,0
DA:779,0
DA:784,0
DA:787,0
DA:788,0
DA:789,0
DA:790,0
DA:791,0
DA:794,0
DA:797,0
DA:798,0
DA:827,0
DA:828,0
DA:829,0
DA:830,0
DA:831,0
DA:832,0
DA:833,0
DA:834,0
DA:835,0
DA:836,0
DA:837,0
DA:838,0
DA:839,0
DA:840,0
DA:841,0
DA:842,0
DA:843,0
DA:844,0
DA:845,0
DA:846,0
DA:847,0
DA:848,0
DA:849,0
DA:850,0
DA:851,0
DA:854,0
DA:857,0
DA:859,0
DA:864,0
DA:865,0
DA:866,0
DA:869,0
DA:871,0
DA:874,0
DA:877,0
DA:885,0
DA:887,0
DA:894,0
DA:895,0
DA:897,0
DA:904,0
DA:908,0
DA:909,0
DA:912,0
DA:916,0
DA:917,0
DA:922,0
DA:924,0
DA:927,0
DA:928,0
DA:930,0
DA:940,0
DA:944,0
DA:945,0
DA:948,0
DA:952,0
DA:953,0
DA:958,0
DA:960,0
DA:963,0
DA:964,0
DA:966,0
DA:976,0
DA:980,0
DA:981,0
DA:984,0
DA:988,0
DA:989,0
DA:994,0
DA:996,0
DA:999,0
DA:1000,0
DA:1002,0
DA:1014,0
DA:1018,0
DA:1019,0
DA:1022,0
DA:1026,0
DA:1027,0
DA:1032,0
DA:1034,0
DA:1037,0
DA:1038,0
DA:1040,0
DA:1050,0
DA:1054,0
DA:1055,0
DA:1058,0
DA:1062,0
DA:1063,0
DA:1068,0
DA:1070,0
DA:1073,0
DA:1074,0
DA:1076,0
DA:1086,0
DA:1090,0
DA:1091,0
DA:1094,0
DA:1098,0
DA:1099,0
DA:1104,0
DA:1106,0
DA:1109,0
DA:1110,0
DA:1112,0
DA:1122,0
DA:1126,0
DA:1127,0
DA:1130,0
DA:1134,0
DA:1135,0
DA:1140,0
DA:1142,0
DA:1145,0
DA:1146,0
DA:1148,0
DA:1158,0
DA:1162,0
DA:1163,0
DA:1166,0
DA:1170,0
DA:1171,0
DA:1176,0
DA:1178,0
DA:1181,0
DA:1182,0
DA:1184,0
DA:1194,0
DA:1204,0
DA:1205,0
DA:1206,0
DA:1207,0
DA:1208,0
DA:1209,0
DA:1210,0
DA:1211,0
DA:1226,0
DA:1244,0
DA:1245,0
DA:1246,0
DA:1249,0
DA:1250,0
DA:1251,0
DA:1252,0
DA:1258,0
DA:1264,0
DA:1270,0
DA:1273,0
DA:1290,0
DA:1317,0
DA:1318,0
DA:1322,0
DA:1330,0
DA:1336,0
DA:1341,0
DA:1344,0
DA:1346,0
DA:1347,0
DA:1350,0
DA:1384,0
DA:1385,0
DA:1388,0
DA:1390,0
DA:1391,0
DA:1395,0
DA:1403,0
DA:1405,0
DA:1406,0
DA:1409,0
DA:1411,0
DA:1412,0
DA:1413,0
DA:1423,0
DA:1427,0
DA:1490,0
DA:1491,0
DA:1494,0
DA:1497,0
DA:1498,0
DA:1501,0
DA:1504,0
DA:1510,0
DA:1511,0
DA:1512,0
DA:1515,0
DA:1522,0
DA:1524,0
DA:1525,0
DA:1526,0
DA:1529,0
DA:1530,0
DA:1533,0
DA:1535,0
DA:1538,0
DA:1539,0
DA:1540,0
DA:1543,0
DA:1544,0
DA:1547,0
DA:1549,0
DA:1552,0
DA:1553,0
DA:1556,0
DA:1557,0
DA:1562,0
DA:1563,0
DA:1566,0
DA:1568,0
DA:1571,0
DA:1574,0
DA:1575,0
DA:1578,0
DA:1579,0
DA:1582,0
DA:1583,0
DA:1586,0
DA:1588,0
DA:1591,0
DA:1592,0
DA:1593,0
DA:1594,0
DA:1598,0
DA:1599,0
DA:1602,0
DA:1603,0
DA:1604,0
DA:1606,0
DA:1609,0
DA:1615,0
DA:1616,0
DA:1617,0
DA:1624,0
DA:1627,0
DA:1628,0
DA:1630,0
DA:1633,0
DA:1636,0
DA:1641,0
DA:1643,0
DA:1652,0
DA:1657,0
DA:1660,0
DA:1663,0
DA:1666,0
DA:1674,0
DA:1675,0
DA:1679,0
DA:1680,0
DA:1681,0
DA:1685,0
DA:1686,0
DA:1687,0
DA:1688,0
DA:1689,0
DA:1690,0
DA:1691,0
DA:1692,0
DA:1693,0
DA:1694,0
DA:1698,0
DA:1699,0
DA:1700,0
DA:1701,0
DA:1702,0
DA:1703,0
DA:1704,0
DA:1705,0
DA:1706,0
DA:1707,0
DA:1708,0
DA:1712,0
DA:1713,0
DA:1714,0
DA:1715,0
DA:1716,0
DA:1717,0
DA:1718,0
DA:1719,0
DA:1720,0
DA:1721,0
DA:1722,0
DA:1723,0
DA:1724,0
DA:1725,0
DA:1726,0
DA:1727,0
DA:1728,0
DA:1729,0
DA:1733,0
DA:1734,0
DA:1735,0
DA:1736,0
DA:1737,0
DA:1738,0
DA:1739,0
DA:1740,0
DA:1741,0
DA:1742,0
DA:1743,0
DA:1744,0
DA:1745,0
DA:1749,0
DA:1750,0
DA:1753,0
DA:1756,0
DA:1761,0
DA:1762,0
DA:1763,0
DA:1764,0
DA:1768,0
DA:1773,0
DA:1774,0
DA:1775,0
DA:1776,0
DA:1780,0
DA:1785,0
DA:1786,0
DA:1787,0
DA:1788,0
DA:1792,0
DA:1793,0
DA:1803,0
DA:1804,0
DA:1805,0
DA:1807,0
DA:1808,0
DA:1809,0
DA:1811,0
DA:1812,0
DA:1815,0
DA:1816,0
DA:1817,0
DA:1818,0
DA:1820,0
DA:1821,0
DA:1824,0
DA:1825,0
DA:1826,0
DA:1827,0
DA:1829,0
DA:1830,0
DA:1833,0
DA:1834,0
DA:1835,0
DA:1836,0
DA:1837,0
DA:1838,0
DA:1842,0
DA:1851,0
DA:1852,0
DA:1864,0
DA:1869,0
DA:1900,0
DA:1904,0
DA:1905,0
DA:1909,0
DA:1910,0
DA:1913,0
DA:1914,0
DA:1915,0
DA:1917,0
DA:1924,0
DA:1925,0
DA:1926,0
DA:1928,0
DA:1929,0
DA:1931,0
DA:1933,0
DA:1940,0
DA:1943,0
DA:2002,0
DA:2005,0
DA:2064,0
DA:2066,0
DA:2073,0
DA:2076,0
DA:2179,0
DA:2182,0
DA:2183,0
DA:2184,0
DA:2186,0
DA:2289,0
DA:2291,0
DA:2298,0
DA:2301,0
DA:2325,0
DA:2328,0
DA:2329,0
DA:2353,0
DA:2355,0
DA:2362,0
DA:2365,0
DA:2414,0
DA:2417,0
DA:2466,0
DA:2468,0
DA:2475,0
DA:2478,0
DA:2489,0
DA:2492,0
DA:2493,0
DA:2504,0
DA:2506,0
DA:2513,0
DA:2516,0
DA:2525,0
DA:2531,0
DA:2545,0
DA:2550,0
DA:2554,0
DA:2560,0
DA:2561,0
DA:2564,0
DA:2569,0
DA:2589,0
DA:2601,0
DA:2606,0
DA:2608,0
DA:2612,0
DA:2619,0
DA:2623,0
DA:2625,0
DA:2629,0
DA:2636,0
DA:2641,0
DA:2642,0
DA:2645,0
DA:2646,0
DA:2647,0
DA:2650,0
DA:2658,0
DA:2665,0
DA:2673,0
DA:2674,0
DA:2675,0
DA:2676,0
DA:2682,0
DA:2697,0
DA:2698,0
DA:2709,0
DA:2720,0
LF:663
LH:0
BRDA:270,0,0,0
BRDA:279,1,0,0
BRDA:281,2,0,0
BRDA:288,3,0,0
BRDA:288,3,1,0
BRDA:292,4,0,0
BRDA:304,5,0,0
BRDA:312,6,0,0
BRDA:312,6,1,0
BRDA:316,7,0,0
BRDA:316,7,1,0
BRDA:323,8,0,0
BRDA:332,9,0,0
BRDA:332,9,1,0
BRDA:336,10,0,0
BRDA:336,10,1,0
BRDA:343,11,0,0
BRDA:355,12,0,0
BRDA:355,12,1,0
BRDA:359,13,0,0
BRDA:359,13,1,0
BRDA:366,14,0,0
BRDA:373,15,0,0
BRDA:373,15,1,0
BRDA:377,16,0,0
BRDA:377,16,1,0
BRDA:384,17,0,0
BRDA:390,18,0,0
BRDA:390,18,1,0
BRDA:394,19,0,0
BRDA:394,19,1,0
BRDA:401,20,0,0
BRDA:403,21,0,0
BRDA:403,21,1,0
BRDA:410,22,0,0
BRDA:410,23,0,0
BRDA:410,23,1,0
BRDA:411,24,0,0
BRDA:413,25,0,0
BRDA:414,26,0,0
BRDA:423,27,0,0
BRDA:423,28,0,0
BRDA:423,28,1,0
BRDA:429,29,0,0
BRDA:429,30,0,0
BRDA:429,30,1,0
BRDA:429,30,2,0
BRDA:432,31,0,0
BRDA:432,32,0,0
BRDA:432,32,1,0
BRDA:432,32,2,0
BRDA:435,33,0,0
BRDA:435,34,0,0
BRDA:435,34,1,0
BRDA:435,34,2,0
BRDA:435,34,3,0
BRDA:438,35,0,0
BRDA:439,36,0,0
BRDA:439,36,1,0
BRDA:439,36,2,0
BRDA:439,36,3,0
BRDA:439,36,4,0
BRDA:439,36,5,0
BRDA:439,36,6,0
BRDA:439,36,7,0
BRDA:454,37,0,0
BRDA:467,38,0,0
BRDA:467,39,0,0
BRDA:467,39,1,0
BRDA:476,40,0,0
BRDA:511,41,0,0
BRDA:511,41,1,0
BRDA:547,42,0,0
BRDA:547,42,1,0
BRDA:548,43,0,0
BRDA:548,43,1,0
BRDA:551,44,0,0
BRDA:551,44,1,0
BRDA:551,45,0,0
BRDA:551,45,1,0
BRDA:554,46,0,0
BRDA:554,46,1,0
BRDA:559,47,0,0
BRDA:559,47,1,0
BRDA:566,48,0,0
BRDA:566,48,1,0
BRDA:585,49,0,0
BRDA:600,50,0,0
BRDA:600,50,1,0
BRDA:624,51,0,0
BRDA:630,52,0,0
BRDA:630,52,1,0
BRDA:630,53,0,0
BRDA:630,53,1,0
BRDA:646,54,0,0
BRDA:655,55,0,0
BRDA:655,55,1,0
BRDA:665,56,0,0
BRDA:689,57,0,0
BRDA:698,58,0,0
BRDA:698,58,1,0
BRDA:701,59,0,0
BRDA:701,59,1,0
BRDA:702,60,0,0
BRDA:702,60,1,0
BRDA:703,61,0,0
BRDA:703,61,1,0
BRDA:704,62,0,0
BRDA:704,62,1,0
BRDA:705,63,0,0
BRDA:705,63,1,0
BRDA:708,64,0,0
BRDA:708,64,1,0
BRDA:709,65,0,0
BRDA:709,65,1,0
BRDA:710,66,0,0
BRDA:710,66,1,0
BRDA:711,67,0,0
BRDA:711,67,1,0
BRDA:712,68,0,0
BRDA:712,68,1,0
BRDA:730,69,0,0
BRDA:741,70,0,0
BRDA:746,71,0,0
BRDA:746,71,1,0
BRDA:750,72,0,0
BRDA:750,72,1,0
BRDA:757,73,0,0
BRDA:761,74,0,0
BRDA:761,74,1,0
BRDA:766,75,0,0
BRDA:770,76,0,0
BRDA:770,76,1,0
BRDA:774,77,0,0
BRDA:774,77,1,0
BRDA:779,78,0,0
BRDA:779,78,1,0
BRDA:788,79,0,0
BRDA:788,79,1,0
BRDA:790,80,0,0
BRDA:794,81,0,0
BRDA:794,81,1,0
BRDA:797,82,0,0
BRDA:797,82,1,0
BRDA:800,83,0,0
BRDA:800,83,1,0
BRDA:801,84,0,0
BRDA:801,84,1,0
BRDA:809,85,0,0
BRDA:809,85,1,0
BRDA:810,86,0,0
BRDA:810,86,1,0
BRDA:811,87,0,0
BRDA:811,87,1,0
BRDA:813,88,0,0
BRDA:813,88,1,0
BRDA:815,89,0,0
BRDA:815,89,1,0
BRDA:827,90,0,0
BRDA:827,90,1,0
BRDA:828,91,0,0
BRDA:828,91,1,0
BRDA:829,92,0,0
BRDA:829,92,1,0
BRDA:830,93,0,0
BRDA:830,93,1,0
BRDA:831,94,0,0
BRDA:831,94,1,0
BRDA:832,95,0,0
BRDA:832,95,1,0
BRDA:833,96,0,0
BRDA:833,96,1,0
BRDA:835,97,0,0
BRDA:835,97,1,0
BRDA:836,98,0,0
BRDA:836,98,1,0
BRDA:837,99,0,0
BRDA:837,99,1,0
BRDA:838,100,0,0
BRDA:838,100,1,0
BRDA:839,101,0,0
BRDA:839,101,1,0
BRDA:840,102,0,0
BRDA:840,102,1,0
BRDA:841,103,0,0
BRDA:841,103,1,0
BRDA:842,104,0,0
BRDA:842,104,1,0
BRDA:843,105,0,0
BRDA:843,105,1,0
BRDA:844,106,0,0
BRDA:844,106,1,0
BRDA:845,107,0,0
BRDA:845,107,1,0
BRDA:847,108,0,0
BRDA:847,108,1,0
BRDA:848,109,0,0
BRDA:848,109,1,0
BRDA:849,110,0,0
BRDA:849,110,1,0
BRDA:850,111,0,0
BRDA:850,111,1,0
BRDA:851,112,0,0
BRDA:851,112,1,0
BRDA:857,113,0,0
BRDA:857,114,0,0
BRDA:857,114,1,0
BRDA:857,114,2,0
BRDA:865,115,0,0
BRDA:865,116,0,0
BRDA:865,116,1,0
BRDA:865,116,2,0
BRDA:874,117,0,0
BRDA:874,117,1,0
BRDA:874,118,0,0
BRDA:874,118,1,0
BRDA:908,119,0,0
BRDA:916,120,0,0
BRDA:932,121,0,0
BRDA:932,121,1,0
BRDA:944,122,0,0
BRDA:952,123,0,0
BRDA:968,124,0,0
BRDA:968,124,1,0
BRDA:980,125,0,0
BRDA:988,126,0,0
BRDA:1004,127,0,0
BRDA:1004,127,1,0
BRDA:1005,128,0,0
BRDA:1005,128,1,0
BRDA:1006,129,0,0
BRDA:1006,129,1,0
BRDA:1018,130,0,0
BRDA:1026,131,0,0
BRDA:1042,132,0,0
BRDA:1042,132,1,0
BRDA:1054,133,0,0
BRDA:1062,134,0,0
BRDA:1078,135,0,0
BRDA:1078,135,1,0
BRDA:1090,136,0,0
BRDA:1098,137,0,0
BRDA:1114,138,0,0
BRDA:1114,138,1,0
BRDA:1126,139,0,0
BRDA:1134,140,0,0
BRDA:1150,141,0,0
BRDA:1150,141,1,0
BRDA:1162,142,0,0
BRDA:1170,143,0,0
BRDA:1186,144,0,0
BRDA:1186,144,1,0
BRDA:1244,145,0,0
BRDA:1244,146,0,0
BRDA:1244,146,1,0
BRDA:1249,147,0,0
BRDA:1249,147,1,0
BRDA:1275,148,0,0
BRDA:1275,148,1,0
BRDA:1276,149,0,0
BRDA:1276,149,1,0
BRDA:1277,150,0,0
BRDA:1277,150,1,0
BRDA:1317,151,0,0
BRDA:1326,152,0,0
BRDA:1326,152,1,0
BRDA:1338,153,0,0
BRDA:1338,153,1,0
BRDA:1341,154,0,0
BRDA:1341,154,1,0
BRDA:1346,155,0,0
BRDA:1409,156,0,0
BRDA:1409,156,1,0
BRDA:1412,157,0,0
BRDA:1412,157,1,0
BRDA:1429,158,0,0
BRDA:1429,158,1,0
BRDA:1430,159,0,0
BRDA:1430,159,1,0
BRDA:1434,160,0,0
BRDA:1434,160,1,0
BRDA:1435,161,0,0
BRDA:1435,161,1,0
BRDA:1438,162,0,0
BRDA:1438,162,1,0
BRDA:1445,163,0,0
BRDA:1445,163,1,0
BRDA:1447,164,0,0
BRDA:1447,164,1,0
BRDA:1448,165,0,0
BRDA:1448,165,1,0
BRDA:1450,166,0,0
BRDA:1450,166,1,0
BRDA:1451,167,0,0
BRDA:1451,167,1,0
BRDA:1453,168,0,0
BRDA:1453,168,1,0
BRDA:1454,169,0,0
BRDA:1454,169,1,0
BRDA:1455,170,0,0
BRDA:1455,170,1,0
BRDA:1456,171,0,0
BRDA:1456,171,1,0
BRDA:1457,172,0,0
BRDA:1457,172,1,0
BRDA:1458,173,0,0
BRDA:1458,173,1,0
BRDA:1460,174,0,0
BRDA:1460,174,1,0
BRDA:1462,175,0,0
BRDA:1462,175,1,0
BRDA:1464,176,0,0
BRDA:1464,176,1,0
BRDA:1464,177,0,0
BRDA:1464,177,1,0
BRDA:1466,178,0,0
BRDA:1466,178,1,0
BRDA:1469,179,0,0
BRDA:1469,179,1,0
BRDA:1472,180,0,0
BRDA:1472,180,1,0
BRDA:1476,181,0,0
BRDA:1476,181,1,0
BRDA:1478,182,0,0
BRDA:1478,182,1,0
BRDA:1478,183,0,0
BRDA:1478,183,1,0
BRDA:1479,184,0,0
BRDA:1479,184,1,0
BRDA:1481,185,0,0
BRDA:1481,185,1,0
BRDA:1481,186,0,0
BRDA:1481,186,1,0
BRDA:1482,187,0,0
BRDA:1482,187,1,0
BRDA:1484,188,0,0
BRDA:1484,188,1,0
BRDA:1484,189,0,0
BRDA:1484,189,1,0
BRDA:1485,190,0,0
BRDA:1485,190,1,0
BRDA:1490,191,0,0
BRDA:1491,192,0,0
BRDA:1491,192,1,0
BRDA:1494,193,0,0
BRDA:1494,193,1,0
BRDA:1497,194,0,0
BRDA:1497,194,1,0
BRDA:1498,195,0,0
BRDA:1498,195,1,0
BRDA:1501,196,0,0
BRDA:1501,196,1,0
BRDA:1504,197,0,0
BRDA:1504,197,1,0
BRDA:1510,198,0,0
BRDA:1511,199,0,0
BRDA:1511,199,1,0
BRDA:1512,200,0,0
BRDA:1512,200,1,0
BRDA:1515,201,0,0
BRDA:1515,201,1,0
BRDA:1522,202,0,0
BRDA:1522,202,1,0
BRDA:1524,203,0,0
BRDA:1524,203,1,0
BRDA:1525,204,0,0
BRDA:1525,204,1,0
BRDA:1526,205,0,0
BRDA:1526,205,1,0
BRDA:1529,206,0,0
BRDA:1529,206,1,0
BRDA:1533,207,0,0
BRDA:1533,207,1,0
BRDA:1538,208,0,0
BRDA:1538,208,1,0
BRDA:1539,209,0,0
BRDA:1539,209,1,0
BRDA:1540,210,0,0
BRDA:1540,210,1,0
BRDA:1543,211,0,0
BRDA:1543,211,1,0
BRDA:1547,212,0,0
BRDA:1547,212,1,0
BRDA:1552,213,0,0
BRDA:1552,213,1,0
BRDA:1553,214,0,0
BRDA:1553,214,1,0
BRDA:1556,215,0,0
BRDA:1556,215,1,0
BRDA:1557,216,0,0
BRDA:1557,216,1,0
BRDA:1562,217,0,0
BRDA:1562,217,1,0
BRDA:1566,218,0,0
BRDA:1566,218,1,0
BRDA:1571,219,0,0
BRDA:1571,219,1,0
BRDA:1574,220,0,0
BRDA:1574,220,1,0
BRDA:1575,221,0,0
BRDA:1575,221,1,0
BRDA:1578,222,0,0
BRDA:1578,222,1,0
BRDA:1579,223,0,0
BRDA:1579,223,1,0
BRDA:1582,224,0,0
BRDA:1582,224,1,0
BRDA:1586,225,0,0
BRDA:1586,225,1,0
BRDA:1591,226,0,0
BRDA:1591,226,1,0
BRDA:1592,227,0,0
BRDA:1592,227,1,0
BRDA:1593,228,0,0
BRDA:1593,228,1,0
BRDA:1598,229,0,0
BRDA:1598,229,1,0
BRDA:1598,230,0,0
BRDA:1598,230,1,0
BRDA:1604,231,0,0
BRDA:1604,231,1,0
BRDA:1609,232,0,0
BRDA:1609,232,1,0
BRDA:1616,233,0,0
BRDA:1630,234,0,0
BRDA:1630,234,1,0
BRDA:1632,235,0,0
BRDA:1632,235,1,0
BRDA:1633,236,0,0
BRDA:1633,236,1,0
BRDA:1635,237,0,0
BRDA:1635,237,1,0
BRDA:1636,238,0,0
BRDA:1636,238,1,0
BRDA:1638,239,0,0
BRDA:1638,239,1,0
BRDA:1644,240,0,0
BRDA:1644,240,1,0
BRDA:1645,241,0,0
BRDA:1645,241,1,0
BRDA:1646,242,0,0
BRDA:1646,242,1,0
BRDA:1647,243,0,0
BRDA:1647,243,1,0
BRDA:1657,244,0,0
BRDA:1657,244,1,0
BRDA:1659,245,0,0
BRDA:1659,245,1,0
BRDA:1660,246,0,0
BRDA:1660,246,1,0
BRDA:1662,247,0,0
BRDA:1662,247,1,0
BRDA:1663,248,0,0
BRDA:1663,248,1,0
BRDA:1665,249,0,0
BRDA:1665,249,1,0
BRDA:1679,250,0,0
BRDA:1679,250,1,0
BRDA:1680,251,0,0
BRDA:1680,252,0,0
BRDA:1680,252,1,0
BRDA:1685,253,0,0
BRDA:1687,254,0,0
BRDA:1687,254,1,0
BRDA:1688,255,0,0
BRDA:1688,255,1,0
BRDA:1689,256,0,0
BRDA:1689,256,1,0
BRDA:1690,257,0,0
BRDA:1690,257,1,0
BRDA:1691,258,0,0
BRDA:1691,258,1,0
BRDA:1692,259,0,0
BRDA:1692,259,1,0
BRDA:1693,260,0,0
BRDA:1693,260,1,0
BRDA:1694,261,0,0
BRDA:1694,261,1,0
BRDA:1698,262,0,0
BRDA:1700,263,0,0
BRDA:1700,263,1,0
BRDA:1700,264,0,0
BRDA:1700,264,1,0
BRDA:1701,265,0,0
BRDA:1701,265,1,0
BRDA:1701,266,0,0
BRDA:1701,266,1,0
BRDA:1702,267,0,0
BRDA:1702,267,1,0
BRDA:1702,268,0,0
BRDA:1702,268,1,0
BRDA:1703,269,0,0
BRDA:1703,269,1,0
BRDA:1703,270,0,0
BRDA:1703,270,1,0
BRDA:1704,271,0,0
BRDA:1704,271,1,0
BRDA:1704,272,0,0
BRDA:1704,272,1,0
BRDA:1705,273,0,0
BRDA:1705,273,1,0
BRDA:1705,274,0,0
BRDA:1705,274,1,0
BRDA:1706,275,0,0
BRDA:1706,275,1,0
BRDA:1706,276,0,0
BRDA:1706,276,1,0
BRDA:1707,277,0,0
BRDA:1707,277,1,0
BRDA:1707,278,0,0
BRDA:1707,278,1,0
BRDA:1708,279,0,0
BRDA:1708,279,1,0
BRDA:1712,280,0,0
BRDA:1714,281,0,0
BRDA:1714,281,1,0
BRDA:1714,282,0,0
BRDA:1714,282,1,0
BRDA:1715,283,0,0
BRDA:1715,283,1,0
BRDA:1715,284,0,0
BRDA:1715,284,1,0
BRDA:1716,285,0,0
BRDA:1716,285,1,0
BRDA:1716,286,0,0
BRDA:1716,286,1,0
BRDA:1717,287,0,0
BRDA:1717,287,1,0
BRDA:1717,288,0,0
BRDA:1717,288,1,0
BRDA:1718,289,0,0
BRDA:1718,289,1,0
BRDA:1718,290,0,0
BRDA:1718,290,1,0
BRDA:1719,291,0,0
BRDA:1719,291,1,0
BRDA:1719,292,0,0
BRDA:1719,292,1,0
BRDA:1720,293,0,0
BRDA:1720,293,1,0
BRDA:1720,294,0,0
BRDA:1720,294,1,0
BRDA:1721,295,0,0
BRDA:1721,295,1,0
BRDA:1721,296,0,0
BRDA:1721,296,1,0
BRDA:1722,297,0,0
BRDA:1722,297,1,0
BRDA:1722,298,0,0
BRDA:1722,298,1,0
BRDA:1723,299,0,0
BRDA:1723,299,1,0
BRDA:1723,300,0,0
BRDA:1723,300,1,0
BRDA:1724,301,0,0
BRDA:1724,301,1,0
BRDA:1724,302,0,0
BRDA:1724,302,1,0
BRDA:1725,303,0,0
BRDA:1725,303,1,0
BRDA:1725,304,0,0
BRDA:1725,304,1,0
BRDA:1726,305,0,0
BRDA:1726,305,1,0
BRDA:1726,306,0,0
BRDA:1726,306,1,0
BRDA:1727,307,0,0
BRDA:1727,307,1,0
BRDA:1727,308,0,0
BRDA:1727,308,1,0
BRDA:1728,309,0,0
BRDA:1728,309,1,0
BRDA:1728,310,0,0
BRDA:1728,310,1,0
BRDA:1729,311,0,0
BRDA:1729,311,1,0
BRDA:1733,312,0,0
BRDA:1735,313,0,0
BRDA:1735,313,1,0
BRDA:1735,314,0,0
BRDA:1735,314,1,0
BRDA:1735,315,0,0
BRDA:1735,315,1,0
BRDA:1736,316,0,0
BRDA:1736,316,1,0
BRDA:1736,317,0,0
BRDA:1736,317,1,0
BRDA:1736,318,0,0
BRDA:1736,318,1,0
BRDA:1737,319,0,0
BRDA:1737,319,1,0
BRDA:1737,320,0,0
BRDA:1737,320,1,0
BRDA:1737,321,0,0
BRDA:1737,321,1,0
BRDA:1738,322,0,0
BRDA:1738,322,1,0
BRDA:1738,323,0,0
BRDA:1738,323,1,0
BRDA:1738,324,0,0
BRDA:1738,324,1,0
BRDA:1739,325,0,0
BRDA:1739,325,1,0
BRDA:1739,326,0,0
BRDA:1739,326,1,0
BRDA:1739,327,0,0
BRDA:1739,327,1,0
BRDA:1740,328,0,0
BRDA:1740,328,1,0
BRDA:1740,329,0,0
BRDA:1740,329,1,0
BRDA:1740,330,0,0
BRDA:1740,330,1,0
BRDA:1741,331,0,0
BRDA:1741,331,1,0
BRDA:1741,332,0,0
BRDA:1741,332,1,0
BRDA:1741,333,0,0
BRDA:1741,333,1,0
BRDA:1742,334,0,0
BRDA:1742,334,1,0
BRDA:1742,335,0,0
BRDA:1742,335,1,0
BRDA:1742,336,0,0
BRDA:1742,336,1,0
BRDA:1743,337,0,0
BRDA:1743,337,1,0
BRDA:1743,338,0,0
BRDA:1743,338,1,0
BRDA:1743,339,0,0
BRDA:1743,339,1,0
BRDA:1744,340,0,0
BRDA:1744,340,1,0
BRDA:1744,341,0,0
BRDA:1744,341,1,0
BRDA:1744,342,0,0
BRDA:1744,342,1,0
BRDA:1745,343,0,0
BRDA:1745,343,1,0
BRDA:1749,344,0,0
BRDA:1753,345,0,0
BRDA:1753,345,1,0
BRDA:1761,346,0,0
BRDA:1763,347,0,0
BRDA:1763,348,0,0
BRDA:1763,348,1,0
BRDA:1773,349,0,0
BRDA:1775,350,0,0
BRDA:1775,351,0,0
BRDA:1775,351,1,0
BRDA:1785,352,0,0
BRDA:1787,353,0,0
BRDA:1787,354,0,0
BRDA:1787,354,1,0
BRDA:1792,355,0,0
BRDA:1792,355,1,0
BRDA:1803,356,0,0
BRDA:1803,356,1,0
BRDA:1807,357,0,0
BRDA:1807,357,1,0
BRDA:1816,358,0,0
BRDA:1816,358,1,0
BRDA:1825,359,0,0
BRDA:1825,359,1,0
BRDA:1845,360,0,0
BRDA:1845,360,1,0
BRDA:1848,361,0,0
BRDA:1848,361,1,0
BRDA:1851,362,0,0
BRDA:1851,362,1,0
BRDA:1857,363,0,0
BRDA:1857,363,1,0
BRDA:1866,364,0,0
BRDA:1866,364,1,0
BRDA:1872,365,0,0
BRDA:1872,365,1,0
BRDA:1873,366,0,0
BRDA:1873,366,1,0
BRDA:1875,367,0,0
BRDA:1875,367,1,0
BRDA:1878,368,0,0
BRDA:1878,368,1,0
BRDA:1889,369,0,0
BRDA:1889,369,1,0
BRDA:1890,370,0,0
BRDA:1890,370,1,0
BRDA:1891,371,0,0
BRDA:1891,371,1,0
BRDA:1892,372,0,0
BRDA:1892,372,1,0
BRDA:1894,373,0,0
BRDA:1894,373,1,0
BRDA:1904,374,0,0
BRDA:1909,375,0,0
BRDA:1925,376,0,0
BRDA:1925,377,0,0
BRDA:1925,377,1,0
BRDA:1928,378,0,0
BRDA:1928,379,0,0
BRDA:1928,379,1,0
BRDA:1928,379,2,0
BRDA:2006,380,0,0
BRDA:2006,380,1,0
BRDA:2007,381,0,0
BRDA:2007,381,1,0
BRDA:2008,382,0,0
BRDA:2008,382,1,0
BRDA:2009,383,0,0
BRDA:2009,383,1,0
BRDA:2010,384,0,0
BRDA:2010,384,1,0
BRDA:2011,385,0,0
BRDA:2011,385,1,0
BRDA:2012,386,0,0
BRDA:2012,386,1,0
BRDA:2013,387,0,0
BRDA:2013,387,1,0
BRDA:2014,388,0,0
BRDA:2014,388,1,0
BRDA:2015,389,0,0
BRDA:2015,389,1,0
BRDA:2016,390,0,0
BRDA:2016,390,1,0
BRDA:2017,391,0,0
BRDA:2017,391,1,0
BRDA:2018,392,0,0
BRDA:2018,392,1,0
BRDA:2019,393,0,0
BRDA:2019,393,1,0
BRDA:2020,394,0,0
BRDA:2020,394,1,0
BRDA:2021,395,0,0
BRDA:2021,395,1,0
BRDA:2022,396,0,0
BRDA:2022,396,1,0
BRDA:2023,397,0,0
BRDA:2023,397,1,0
BRDA:2024,398,0,0
BRDA:2024,398,1,0
BRDA:2025,399,0,0
BRDA:2025,399,1,0
BRDA:2026,400,0,0
BRDA:2026,400,1,0
BRDA:2027,401,0,0
BRDA:2027,401,1,0
BRDA:2028,402,0,0
BRDA:2028,402,1,0
BRDA:2029,403,0,0
BRDA:2029,403,1,0
BRDA:2030,404,0,0
BRDA:2030,404,1,0
BRDA:2031,405,0,0
BRDA:2031,405,1,0
BRDA:2032,406,0,0
BRDA:2032,406,1,0
BRDA:2033,407,0,0
BRDA:2033,407,1,0
BRDA:2034,408,0,0
BRDA:2034,408,1,0
BRDA:2035,409,0,0
BRDA:2035,409,1,0
BRDA:2036,410,0,0
BRDA:2036,410,1,0
BRDA:2037,411,0,0
BRDA:2037,411,1,0
BRDA:2038,412,0,0
BRDA:2038,412,1,0
BRDA:2039,413,0,0
BRDA:2039,413,1,0
BRDA:2040,414,0,0
BRDA:2040,414,1,0
BRDA:2041,415,0,0
BRDA:2041,415,1,0
BRDA:2042,416,0,0
BRDA:2042,416,1,0
BRDA:2043,417,0,0
BRDA:2043,417,1,0
BRDA:2044,418,0,0
BRDA:2044,418,1,0
BRDA:2045,419,0,0
BRDA:2045,419,1,0
BRDA:2046,420,0,0
BRDA:2046,420,1,0
BRDA:2047,421,0,0
BRDA:2047,421,1,0
BRDA:2048,422,0,0
BRDA:2048,422,1,0
BRDA:2049,423,0,0
BRDA:2049,423,1,0
BRDA:2050,424,0,0
BRDA:2050,424,1,0
BRDA:2051,425,0,0
BRDA:2051,425,1,0
BRDA:2052,426,0,0
BRDA:2052,426,1,0
BRDA:2053,427,0,0
BRDA:2053,427,1,0
BRDA:2054,428,0,0
BRDA:2054,428,1,0
BRDA:2055,429,0,0
BRDA:2055,429,1,0
BRDA:2056,430,0,0
BRDA:2056,430,1,0
BRDA:2057,431,0,0
BRDA:2057,431,1,0
BRDA:2058,432,0,0
BRDA:2058,432,1,0
BRDA:2059,433,0,0
BRDA:2059,433,1,0
BRDA:2060,434,0,0
BRDA:2060,434,1,0
BRDA:2061,435,0,0
BRDA:2061,435,1,0
BRDA:2062,436,0,0
BRDA:2062,436,1,0
BRDA:2182,437,0,0
BRDA:2182,437,1,0
BRDA:2183,438,0,0
BRDA:2183,438,1,0
BRDA:2184,439,0,0
BRDA:2184,439,1,0
BRDA:2187,440,0,0
BRDA:2187,440,1,0
BRDA:2188,441,0,0
BRDA:2188,441,1,0
BRDA:2189,442,0,0
BRDA:2189,442,1,0
BRDA:2190,443,0,0
BRDA:2190,443,1,0
BRDA:2191,444,0,0
BRDA:2191,444,1,0
BRDA:2192,445,0,0
BRDA:2192,445,1,0
BRDA:2193,446,0,0
BRDA:2193,446,1,0
BRDA:2194,447,0,0
BRDA:2194,447,1,0
BRDA:2195,448,0,0
BRDA:2195,448,1,0
BRDA:2196,449,0,0
BRDA:2196,449,1,0
BRDA:2197,450,0,0
BRDA:2197,450,1,0
BRDA:2198,451,0,0
BRDA:2198,451,1,0
BRDA:2199,452,0,0
BRDA:2199,452,1,0
BRDA:2200,453,0,0
BRDA:2200,453,1,0
BRDA:2201,454,0,0
BRDA:2201,454,1,0
BRDA:2202,455,0,0
BRDA:2202,455,1,0
BRDA:2203,456,0,0
BRDA:2203,456,1,0
BRDA:2204,457,0,0
BRDA:2204,457,1,0
BRDA:2205,458,0,0
BRDA:2205,458,1,0
BRDA:2206,459,0,0
BRDA:2206,459,1,0
BRDA:2207,460,0,0
BRDA:2207,460,1,0
BRDA:2208,461,0,0
BRDA:2208,461,1,0
BRDA:2209,462,0,0
BRDA:2209,462,1,0
BRDA:2210,463,0,0
BRDA:2210,463,1,0
BRDA:2211,464,0,0
BRDA:2211,464,1,0
BRDA:2212,465,0,0
BRDA:2212,465,1,0
BRDA:2213,466,0,0
BRDA:2213,466,1,0
BRDA:2214,467,0,0
BRDA:2214,467,1,0
BRDA:2215,468,0,0
BRDA:2215,468,1,0
BRDA:2216,469,0,0
BRDA:2216,469,1,0
BRDA:2217,470,0,0
BRDA:2217,470,1,0
BRDA:2218,471,0,0
BRDA:2218,471,1,0
BRDA:2219,472,0,0
BRDA:2219,472,1,0
BRDA:2220,473,0,0
BRDA:2220,473,1,0
BRDA:2221,474,0,0
BRDA:2221,474,1,0
BRDA:2222,475,0,0
BRDA:2222,475,1,0
BRDA:2223,476,0,0
BRDA:2223,476,1,0
BRDA:2224,477,0,0
BRDA:2224,477,1,0
BRDA:2225,478,0,0
BRDA:2225,478,1,0
BRDA:2226,479,0,0
BRDA:2226,479,1,0
BRDA:2227,480,0,0
BRDA:2227,480,1,0
BRDA:2228,481,0,0
BRDA:2228,481,1,0
BRDA:2229,482,0,0
BRDA:2229,482,1,0
BRDA:2230,483,0,0
BRDA:2230,483,1,0
BRDA:2231,484,0,0
BRDA:2231,484,1,0
BRDA:2232,485,0,0
BRDA:2232,485,1,0
BRDA:2233,486,0,0
BRDA:2233,486,1,0
BRDA:2234,487,0,0
BRDA:2234,487,1,0
BRDA:2235,488,0,0
BRDA:2235,488,1,0
BRDA:2236,489,0,0
BRDA:2236,489,1,0
BRDA:2237,490,0,0
BRDA:2237,490,1,0
BRDA:2238,491,0,0
BRDA:2238,491,1,0
BRDA:2239,492,0,0
BRDA:2239,492,1,0
BRDA:2240,493,0,0
BRDA:2240,493,1,0
BRDA:2241,494,0,0
BRDA:2241,494,1,0
BRDA:2242,495,0,0
BRDA:2242,495,1,0
BRDA:2243,496,0,0
BRDA:2243,496,1,0
BRDA:2244,497,0,0
BRDA:2244,497,1,0
BRDA:2245,498,0,0
BRDA:2245,498,1,0
BRDA:2246,499,0,0
BRDA:2246,499,1,0
BRDA:2247,500,0,0
BRDA:2247,500,1,0
BRDA:2248,501,0,0
BRDA:2248,501,1,0
BRDA:2249,502,0,0
BRDA:2249,502,1,0
BRDA:2250,503,0,0
BRDA:2250,503,1,0
BRDA:2251,504,0,0
BRDA:2251,504,1,0
BRDA:2252,505,0,0
BRDA:2252,505,1,0
BRDA:2253,506,0,0
BRDA:2253,506,1,0
BRDA:2254,507,0,0
BRDA:2254,507,1,0
BRDA:2255,508,0,0
BRDA:2255,508,1,0
BRDA:2256,509,0,0
BRDA:2256,509,1,0
BRDA:2257,510,0,0
BRDA:2257,510,1,0
BRDA:2258,511,0,0
BRDA:2258,511,1,0
BRDA:2259,512,0,0
BRDA:2259,512,1,0
BRDA:2260,513,0,0
BRDA:2260,513,1,0
BRDA:2261,514,0,0
BRDA:2261,514,1,0
BRDA:2262,515,0,0
BRDA:2262,515,1,0
BRDA:2263,516,0,0
BRDA:2263,516,1,0
BRDA:2264,517,0,0
BRDA:2264,517,1,0
BRDA:2265,518,0,0
BRDA:2265,518,1,0
BRDA:2266,519,0,0
BRDA:2266,519,1,0
BRDA:2267,520,0,0
BRDA:2267,520,1,0
BRDA:2268,521,0,0
BRDA:2268,521,1,0
BRDA:2269,522,0,0
BRDA:2269,522,1,0
BRDA:2270,523,0,0
BRDA:2270,523,1,0
BRDA:2271,524,0,0
BRDA:2271,524,1,0
BRDA:2272,525,0,0
BRDA:2272,525,1,0
BRDA:2273,526,0,0
BRDA:2273,526,1,0
BRDA:2274,527,0,0
BRDA:2274,527,1,0
BRDA:2275,528,0,0
BRDA:2275,528,1,0
BRDA:2276,529,0,0
BRDA:2276,529,1,0
BRDA:2277,530,0,0
BRDA:2277,530,1,0
BRDA:2278,531,0,0
BRDA:2278,531,1,0
BRDA:2279,532,0,0
BRDA:2279,532,1,0
BRDA:2280,533,0,0
BRDA:2280,533,1,0
BRDA:2281,534,0,0
BRDA:2281,534,1,0
BRDA:2282,535,0,0
BRDA:2282,535,1,0
BRDA:2283,536,0,0
BRDA:2283,536,1,0
BRDA:2284,537,0,0
BRDA:2284,537,1,0
BRDA:2285,538,0,0
BRDA:2285,538,1,0
BRDA:2286,539,0,0
BRDA:2286,539,1,0
BRDA:2287,540,0,0
BRDA:2287,540,1,0
BRDA:2328,541,0,0
BRDA:2328,541,1,0
BRDA:2330,542,0,0
BRDA:2330,542,1,0
BRDA:2331,543,0,0
BRDA:2331,543,1,0
BRDA:2332,544,0,0
BRDA:2332,544,1,0
BRDA:2333,545,0,0
BRDA:2333,545,1,0
BRDA:2334,546,0,0
BRDA:2334,546,1,0
BRDA:2335,547,0,0
BRDA:2335,547,1,0
BRDA:2336,548,0,0
BRDA:2336,548,1,0
BRDA:2337,549,0,0
BRDA:2337,549,1,0
BRDA:2338,550,0,0
BRDA:2338,550,1,0
BRDA:2339,551,0,0
BRDA:2339,551,1,0
BRDA:2340,552,0,0
BRDA:2340,552,1,0
BRDA:2341,553,0,0
BRDA:2341,553,1,0
BRDA:2342,554,0,0
BRDA:2342,554,1,0
BRDA:2343,555,0,0
BRDA:2343,555,1,0
BRDA:2344,556,0,0
BRDA:2344,556,1,0
BRDA:2345,557,0,0
BRDA:2345,557,1,0
BRDA:2346,558,0,0
BRDA:2346,558,1,0
BRDA:2347,559,0,0
BRDA:2347,559,1,0
BRDA:2348,560,0,0
BRDA:2348,560,1,0
BRDA:2349,561,0,0
BRDA:2349,561,1,0
BRDA:2350,562,0,0
BRDA:2350,562,1,0
BRDA:2351,563,0,0
BRDA:2351,563,1,0
BRDA:2418,564,0,0
BRDA:2418,564,1,0
BRDA:2419,565,0,0
BRDA:2419,565,1,0
BRDA:2420,566,0,0
BRDA:2420,566,1,0
BRDA:2421,567,0,0
BRDA:2421,567,1,0
BRDA:2422,568,0,0
BRDA:2422,568,1,0
BRDA:2423,569,0,0
BRDA:2423,569,1,0
BRDA:2424,570,0,0
BRDA:2424,570,1,0
BRDA:2425,571,0,0
BRDA:2425,571,1,0
BRDA:2426,572,0,0
BRDA:2426,572,1,0
BRDA:2427,573,0,0
BRDA:2427,573,1,0
BRDA:2428,574,0,0
BRDA:2428,574,1,0
BRDA:2429,575,0,0
BRDA:2429,575,1,0
BRDA:2430,576,0,0
BRDA:2430,576,1,0
BRDA:2431,577,0,0
BRDA:2431,577,1,0
BRDA:2432,578,0,0
BRDA:2432,578,1,0
BRDA:2433,579,0,0
BRDA:2433,579,1,0
BRDA:2434,580,0,0
BRDA:2434,580,1,0
BRDA:2435,581,0,0
BRDA:2435,581,1,0
BRDA:2436,582,0,0
BRDA:2436,582,1,0
BRDA:2437,583,0,0
BRDA:2437,583,1,0
BRDA:2438,584,0,0
BRDA:2438,584,1,0
BRDA:2439,585,0,0
BRDA:2439,585,1,0
BRDA:2440,586,0,0
BRDA:2440,586,1,0
BRDA:2441,587,0,0
BRDA:2441,587,1,0
BRDA:2442,588,0,0
BRDA:2442,588,1,0
BRDA:2443,589,0,0
BRDA:2443,589,1,0
BRDA:2444,590,0,0
BRDA:2444,590,1,0
BRDA:2445,591,0,0
BRDA:2445,591,1,0
BRDA:2446,592,0,0
BRDA:2446,592,1,0
BRDA:2447,593,0,0
BRDA:2447,593,1,0
BRDA:2448,594,0,0
BRDA:2448,594,1,0
BRDA:2449,595,0,0
BRDA:2449,595,1,0
BRDA:2450,596,0,0
BRDA:2450,596,1,0
BRDA:2451,597,0,0
BRDA:2451,597,1,0
BRDA:2452,598,0,0
BRDA:2452,598,1,0
BRDA:2453,599,0,0
BRDA:2453,599,1,0
BRDA:2454,600,0,0
BRDA:2454,600,1,0
BRDA:2455,601,0,0
BRDA:2455,601,1,0
BRDA:2456,602,0,0
BRDA:2456,602,1,0
BRDA:2457,603,0,0
BRDA:2457,603,1,0
BRDA:2458,604,0,0
BRDA:2458,604,1,0
BRDA:2459,605,0,0
BRDA:2459,605,1,0
BRDA:2460,606,0,0
BRDA:2460,606,1,0
BRDA:2461,607,0,0
BRDA:2461,607,1,0
BRDA:2462,608,0,0
BRDA:2462,608,1,0
BRDA:2463,609,0,0
BRDA:2463,609,1,0
BRDA:2464,610,0,0
BRDA:2464,610,1,0
BRDA:2492,611,0,0
BRDA:2492,611,1,0
BRDA:2494,612,0,0
BRDA:2494,612,1,0
BRDA:2495,613,0,0
BRDA:2495,613,1,0
BRDA:2496,614,0,0
BRDA:2496,614,1,0
BRDA:2497,615,0,0
BRDA:2497,615,1,0
BRDA:2498,616,0,0
BRDA:2498,616,1,0
BRDA:2499,617,0,0
BRDA:2499,617,1,0
BRDA:2500,618,0,0
BRDA:2500,618,1,0
BRDA:2501,619,0,0
BRDA:2501,619,1,0
BRDA:2502,620,0,0
BRDA:2502,620,1,0
BRDA:2539,621,0,0
BRDA:2539,621,1,0
BRDA:2550,622,0,0
BRDA:2550,622,1,0
BRDA:2560,623,0,0
BRDA:2586,624,0,0
BRDA:2586,624,1,0
BRDA:2641,625,0,0
BRDA:2650,626,0,0
BRDA:2650,626,1,0
BRDA:2674,627,0,0
BRDA:2689,628,0,0
BRDA:2689,628,1,0
BRDA:2690,629,0,0
BRDA:2690,629,1,0
BRDA:2691,630,0,0
BRDA:2691,630,1,0
BRDA:2724,631,0,0
BRDA:2724,631,1,0
BRDA:2725,632,0,0
BRDA:2725,632,1,0
BRDA:2728,633,0,0
BRDA:2728,633,1,0
BRF:1206
BRH:0
end_of_record
TN:
SF:src/modules/questionnaires/dto/save-epworth.dto.ts
FNF:0
FNH:0
DA:1,0
DA:2,0
DA:4,0
DA:10,0
DA:17,0
DA:24,0
DA:31,0
DA:38,0
DA:45,0
DA:52,0
DA:59,0
DA:66,0
LF:12
LH:0
BRF:0
BRH:0
end_of_record
TN:
SF:src/modules/questionnaires/dto/save-fogq.dto.ts
FNF:0
FNH:0
DA:1,0
DA:2,0
DA:4,0
DA:5,0
DA:7,0
DA:13,0
DA:20,0
DA:27,0
DA:34,0
DA:41,0
DA:48,0
DA:55,0
LF:12
LH:0
BRF:0
BRH:0
end_of_record
TN:
SF:src/modules/questionnaires/dto/save-meem.dto.ts
FN:19,(anonymous_2)
FN:27,(anonymous_3)
FN:35,(anonymous_4)
FN:43,(anonymous_5)
FN:51,(anonymous_6)
FN:59,(anonymous_7)
FN:67,(anonymous_8)
FN:75,(anonymous_9)
FN:83,(anonymous_10)
FN:91,(anonymous_11)
FN:100,(anonymous_12)
FN:108,(anonymous_13)
FN:116,(anonymous_14)
FN:125,(anonymous_15)
FN:133,(anonymous_16)
FN:141,(anonymous_17)
FN:149,(anonymous_18)
FN:157,(anonymous_19)
FN:166,(anonymous_20)
FN:174,(anonymous_21)
FN:182,(anonymous_22)
FN:191,(anonymous_23)
FN:199,(anonymous_24)
FN:207,(anonymous_25)
FN:215,(anonymous_26)
FN:223,(anonymous_27)
FN:231,(anonymous_28)
FN:239,(anonymous_29)
FN:247,(anonymous_30)
FN:255,(anonymous_31)
FNF:30
FNH:0
FNDA:0,(anonymous_2)
FNDA:0,(anonymous_3)
FNDA:0,(anonymous_4)
FNDA:0,(anonymous_5)
FNDA:0,(anonymous_6)
FNDA:0,(anonymous_7)
FNDA:0,(anonymous_8)
FNDA:0,(anonymous_9)
FNDA:0,(anonymous_10)
FNDA:0,(anonymous_11)
FNDA:0,(anonymous_12)
FNDA:0,(anonymous_13)
FNDA:0,(anonymous_14)
FNDA:0,(anonymous_15)
FNDA:0,(anonymous_16)
FNDA:0,(anonymous_17)
FNDA:0,(anonymous_18)
FNDA:0,(anonymous_19)
FNDA:0,(anonymous_20)
FNDA:0,(anonymous_21)
FNDA:0,(anonymous_22)
FNDA:0,(anonymous_23)
FNDA:0,(anonymous_24)
FNDA:0,(anonymous_25)
FNDA:0,(anonymous_26)
FNDA:0,(anonymous_27)
FNDA:0,(anonymous_28)
FNDA:0,(anonymous_29)
FNDA:0,(anonymous_30)
FNDA:0,(anonymous_31)
DA:1,0
DA:2,0
DA:3,0
DA:5,0
DA:6,0
DA:8,0
DA:14,0
DA:19,0
DA:23,0
DA:27,0
DA:31,0
DA:35,0
DA:39,0
DA:43,0
DA:47,0
DA:51,0
DA:55,0
DA:59,0
DA:63,0
DA:67,0
DA:71,0
DA:75,0
DA:79,0
DA:83,0
DA:87,0
DA:91,0
DA:95,0
DA:100,0
DA:104,0
DA:108,0
DA:112,0
DA:116,0
DA:120,0
DA:125,0
DA:129,0
DA:133,0
DA:137,0
DA:141,0
DA:145,0
DA:149,0
DA:153,0
DA:157,0
DA:161,0
DA:166,0
DA:170,0
DA:174,0
DA:178,0
DA:182,0
DA:186,0
DA:191,0
DA:195,0
DA:199,0
DA:203,0
DA:207,0
DA:211,0
DA:215,0
DA:219,0
DA:223,0
DA:227,0
DA:231,0
DA:235,0
DA:239,0
DA:243,0
DA:247,0
DA:251,0
DA:255,0
DA:259,0
LF:67
LH:0
BRF:0
BRH:0
end_of_record
TN:
SF:src/modules/questionnaires/dto/save-pdss2.dto.ts
FNF:0
FNH:0
DA:1,0
DA:2,0
DA:4,0
DA:5,0
DA:7,0
DA:13,0
DA:20,0
DA:27,0
DA:34,0
DA:41,0
DA:48,0
DA:55,0
DA:62,0
DA:69,0
DA:76,0
DA:83,0
DA:90,0
DA:97,0
DA:104,0
DA:111,0
DA:118,0
LF:21
LH:0
BRF:0
BRH:0
end_of_record
TN:
SF:src/modules/questionnaires/dto/save-rbdsq.dto.ts
FNF:0
FNH:0
DA:1,0
DA:2,0
DA:4,0
DA:10,0
DA:15,0
DA:20,0
DA:25,0
DA:30,0
DA:35,0
DA:40,0
DA:45,0
DA:50,0
DA:55,0
DA:60,0
LF:14
LH:0
BRF:0
BRH:0
end_of_record
TN:
SF:src/modules/questionnaires/dto/save-step1.dto.ts
FN:88,(anonymous_2)
FNF:1
FNH:0
FNDA:0,(anonymous_2)
DA:1,0
DA:2,0
DA:15,0
DA:23,0
DA:29,0
DA:34,0
DA:39,0
DA:44,0
DA:49,0
DA:54,0
DA:59,0
DA:64,0
DA:69,0
DA:74,0
DA:79,0
DA:84,0
DA:88,0
DA:90,0
DA:95,0
DA:100,0
DA:105,0
DA:110,0
DA:115,0
DA:120,0
DA:125,0
DA:130,0
DA:135,0
DA:140,0
DA:145,0
LF:29
LH:0
BRDA:88,0,0,0
BRDA:88,0,1,0
BRDA:88,0,2,0
BRF:3
BRH:0
end_of_record
TN:
SF:src/modules/questionnaires/dto/save-step2.dto.ts
FNF:0
FNH:0
DA:1,0
DA:2,0
DA:11,0
DA:18,0
DA:24,0
DA:30,0
DA:36,0
DA:42,0
DA:48,0
LF:9
LH:0
BRF:0
BRH:0
end_of_record
TN:
SF:src/modules/questionnaires/dto/save-step3.dto.ts
FN:95,(anonymous_2)
FNF:1
FNH:0
FNDA:0,(anonymous_2)
DA:1,0
DA:2,0
DA:13,0
DA:15,0
DA:19,0
DA:24,0
DA:29,0
DA:34,0
DA:37,0
DA:44,0
DA:49,0
DA:54,0
DA:59,0
DA:64,0
DA:69,0
DA:74,0
DA:79,0
DA:84,0
DA:89,0
DA:95,0
DA:96,0
DA:101,0
DA:106,0
DA:111,0
DA:116,0
DA:121,0
DA:126,0
DA:131,0
DA:136,0
DA:141,0
DA:146,0
DA:151,0
DA:156,0
DA:161,0
DA:166,0
DA:171,0
DA:176,0
DA:181,0
DA:186,0
DA:191,0
LF:40
LH:0
BRF:0
BRH:0
end_of_record
TN:
SF:src/modules/questionnaires/dto/save-stopbang.dto.ts
FNF:0
FNH:0
DA:1,0
DA:2,0
DA:4,0
DA:10,0
DA:15,0
DA:20,0
DA:25,0
DA:30,0
DA:35,0
DA:40,0
DA:45,0
DA:50,0
LF:12
LH:0
BRF:0
BRH:0
end_of_record
TN:
SF:src/modules/questionnaires/dto/save-udysrs.dto.ts
FN:19,(anonymous_2)
FN:28,(anonymous_3)
FN:36,(anonymous_4)
FN:44,(anonymous_5)
FN:52,(anonymous_6)
FN:60,(anonymous_7)
FN:68,(anonymous_8)
FN:76,(anonymous_9)
FN:84,(anonymous_10)
FN:92,(anonymous_11)
FN:100,(anonymous_12)
FN:109,(anonymous_13)
FN:118,(anonymous_14)
FN:126,(anonymous_15)
FN:134,(anonymous_16)
FN:143,(anonymous_17)
FN:151,(anonymous_18)
FN:159,(anonymous_19)
FN:167,(anonymous_20)
FN:175,(anonymous_21)
FN:183,(anonymous_22)
FN:191,(anonymous_23)
FN:200,(anonymous_24)
FN:208,(anonymous_25)
FN:216,(anonymous_26)
FN:224,(anonymous_27)
FNF:26
FNH:0
FNDA:0,(anonymous_2)
FNDA:0,(anonymous_3)
FNDA:0,(anonymous_4)
FNDA:0,(anonymous_5)
FNDA:0,(anonymous_6)
FNDA:0,(anonymous_7)
FNDA:0,(anonymous_8)
FNDA:0,(anonymous_9)
FNDA:0,(anonymous_10)
FNDA:0,(anonymous_11)
FNDA:0,(anonymous_12)
FNDA:0,(anonymous_13)
FNDA:0,(anonymous_14)
FNDA:0,(anonymous_15)
FNDA:0,(anonymous_16)
FNDA:0,(anonymous_17)
FNDA:0,(anonymous_18)
FNDA:0,(anonymous_19)
FNDA:0,(anonymous_20)
FNDA:0,(anonymous_21)
FNDA:0,(anonymous_22)
FNDA:0,(anonymous_23)
FNDA:0,(anonymous_24)
FNDA:0,(anonymous_25)
FNDA:0,(anonymous_26)
FNDA:0,(anonymous_27)
DA:1,0
DA:2,0
DA:3,0
DA:5,0
DA:6,0
DA:8,0
DA:14,0
DA:19,0
DA:23,0
DA:28,0
DA:32,0
DA:36,0
DA:40,0
DA:44,0
DA:48,0
DA:52,0
DA:56,0
DA:60,0
DA:64,0
DA:68,0
DA:72,0
DA:76,0
DA:80,0
DA:84,0
DA:88,0
DA:92,0
DA:96,0
DA:100,0
DA:104,0
DA:109,0
DA:113,0
DA:118,0
DA:122,0
DA:126,0
DA:130,0
DA:134,0
DA:138,0
DA:143,0
DA:147,0
DA:151,0
DA:155,0
DA:159,0
DA:163,0
DA:167,0
DA:171,0
DA:175,0
DA:179,0
DA:183,0
DA:187,0
DA:191,0
DA:195,0
DA:200,0
DA:204,0
DA:208,0
DA:212,0
DA:216,0
DA:220,0
DA:224,0
DA:228,0
LF:59
LH:0
BRF:0
BRH:0
end_of_record
TN:
SF:src/modules/questionnaires/dto/save-updrs3.dto.ts
FN:18,(anonymous_2)
FN:26,(anonymous_3)
FN:34,(anonymous_4)
FN:42,(anonymous_5)
FN:50,(anonymous_6)
FN:58,(anonymous_7)
FN:66,(anonymous_8)
FN:74,(anonymous_9)
FN:82,(anonymous_10)
FN:90,(anonymous_11)
FN:98,(anonymous_12)
FN:106,(anonymous_13)
FN:114,(anonymous_14)
FN:122,(anonymous_15)
FN:130,(anonymous_16)
FN:138,(anonymous_17)
FN:146,(anonymous_18)
FN:154,(anonymous_19)
FN:162,(anonymous_20)
FN:170,(anonymous_21)
FN:178,(anonymous_22)
FN:186,(anonymous_23)
FN:194,(anonymous_24)
FN:202,(anonymous_25)
FN:210,(anonymous_26)
FN:218,(anonymous_27)
FN:226,(anonymous_28)
FN:234,(anonymous_29)
FN:242,(anonymous_30)
FN:250,(anonymous_31)
FN:258,(anonymous_32)
FN:266,(anonymous_33)
FN:274,(anonymous_34)
FNF:33
FNH:0
FNDA:0,(anonymous_2)
FNDA:0,(anonymous_3)
FNDA:0,(anonymous_4)
FNDA:0,(anonymous_5)
FNDA:0,(anonymous_6)
FNDA:0,(anonymous_7)
FNDA:0,(anonymous_8)
FNDA:0,(anonymous_9)
FNDA:0,(anonymous_10)
FNDA:0,(anonymous_11)
FNDA:0,(anonymous_12)
FNDA:0,(anonymous_13)
FNDA:0,(anonymous_14)
FNDA:0,(anonymous_15)
FNDA:0,(anonymous_16)
FNDA:0,(anonymous_17)
FNDA:0,(anonymous_18)
FNDA:0,(anonymous_19)
FNDA:0,(anonymous_20)
FNDA:0,(anonymous_21)
FNDA:0,(anonymous_22)
FNDA:0,(anonymous_23)
FNDA:0,(anonymous_24)
FNDA:0,(anonymous_25)
FNDA:0,(anonymous_26)
FNDA:0,(anonymous_27)
FNDA:0,(anonymous_28)
FNDA:0,(anonymous_29)
FNDA:0,(anonymous_30)
FNDA:0,(anonymous_31)
FNDA:0,(anonymous_32)
FNDA:0,(anonymous_33)
FNDA:0,(anonymous_34)
DA:1,0
DA:2,0
DA:3,0
DA:5,0
DA:6,0
DA:8,0
DA:14,0
DA:18,0
DA:22,0
DA:26,0
DA:30,0
DA:34,0
DA:38,0
DA:42,0
DA:46,0
DA:50,0
DA:54,0
DA:58,0
DA:62,0
DA:66,0
DA:70,0
DA:74,0
DA:78,0
DA:82,0
DA:86,0
DA:90,0
DA:94,0
DA:98,0
DA:102,0
DA:106,0
DA:110,0
DA:114,0
DA:118,0
DA:122,0
DA:126,0
DA:130,0
DA:134,0
DA:138,0
DA:142,0
DA:146,0
DA:150,0
DA:154,0
DA:158,0
DA:162,0
DA:166,0
DA:170,0
DA:174,0
DA:178,0
DA:182,0
DA:186,0
DA:190,0
DA:194,0
DA:198,0
DA:202,0
DA:206,0
DA:210,0
DA:214,0
DA:218,0
DA:222,0
DA:226,0
DA:230,0
DA:234,0
DA:238,0
DA:242,0
DA:246,0
DA:250,0
DA:254,0
DA:258,0
DA:262,0
DA:266,0
DA:270,0
DA:274,0
DA:278,0
DA:283,0
DA:288,0
LF:75
LH:0
BRF:0
BRH:0
end_of_record
TN:
SF:src/modules/system/system.controller.ts
FN:13,(anonymous_2)
FN:28,(anonymous_3)
FNF:2
FNH:0
FNDA:0,(anonymous_2)
FNDA:0,(anonymous_3)
DA:1,0
DA:2,0
DA:7,0
DA:8,0
DA:12,0
DA:13,0
DA:28,0
DA:29,0
LF:8
LH:0
BRF:0
BRH:0
end_of_record
TN:
SF:src/modules/system/system.module.ts
FNF:0
FNH:0
DA:1,0
DA:2,0
DA:3,0
DA:10,0
LF:4
LH:0
BRF:0
BRH:0
end_of_record
TN:
SF:src/modules/system/system.service.ts
FN:7,(anonymous_1)
FNF:1
FNH:0
FNDA:0,(anonymous_1)
DA:1,0
DA:2,0
DA:3,0
DA:6,0
DA:8,0
DA:9,0
DA:10,0
DA:12,0
DA:17,0
DA:18,0
LF:10
LH:0
BRDA:13,0,0,0
BRDA:13,0,1,0
BRDA:14,1,0,0
BRDA:14,1,1,0
BRF:4
BRH:0
end_of_record
TN:
SF:src/modules/tasks/tasks.controller.ts
FN:21,(anonymous_4)
FN:27,(anonymous_5)
FN:34,(anonymous_6)
FN:42,(anonymous_7)
FN:50,(anonymous_8)
FN:58,(anonymous_9)
FN:69,(anonymous_10)
FNF:7
FNH:0
FNDA:0,(anonymous_4)
FNDA:0,(anonymous_5)
FNDA:0,(anonymous_6)
FNDA:0,(anonymous_7)
FNDA:0,(anonymous_8)
FNDA:0,(anonymous_9)
FNDA:0,(anonymous_10)
DA:1,0
DA:11,0
DA:12,0
DA:13,0
DA:14,0
DA:15,0
DA:20,0
DA:21,0
DA:27,0
DA:28,0
DA:34,0
DA:35,0
DA:42,0
DA:43,0
DA:50,0
DA:51,0
DA:58,0
DA:62,0
DA:69,0
DA:70,0
LF:20
LH:0
BRF:0
BRH:0
end_of_record
TN:
SF:src/modules/tasks/tasks.module.ts
FNF:0
FNH:0
DA:1,0
DA:2,0
DA:3,0
DA:4,0
DA:5,0
DA:13,0
LF:6
LH:0
BRF:0
BRH:0
end_of_record
TN:
SF:src/modules/tasks/tasks.service.ts
FN:10,(anonymous_4)
FN:15,(anonymous_5)
FN:20,(anonymous_6)
FN:26,(anonymous_7)
FN:38,(anonymous_8)
FN:50,(anonymous_9)
FN:56,(anonymous_10)
FNF:7
FNH:0
FNDA:0,(anonymous_4)
FNDA:0,(anonymous_5)
FNDA:0,(anonymous_6)
FNDA:0,(anonymous_7)
FNDA:0,(anonymous_8)
FNDA:0,(anonymous_9)
FNDA:0,(anonymous_10)
DA:1,0
DA:2,0
DA:3,0
DA:4,0
DA:9,0
DA:12,0
DA:16,0
DA:17,0
DA:21,0
DA:27,0
DA:31,0
DA:32,0
DA:35,0
DA:39,0
DA:43,0
DA:44,0
DA:47,0
DA:51,0
DA:52,0
DA:53,0
DA:57,0
DA:58,0
LF:22
LH:0
BRDA:31,0,0,0
BRDA:43,1,0,0
BRF:2
BRH:0
end_of_record
TN:
SF:src/modules/tasks/dto/create-task.dto.ts
FNF:0
FNH:0
DA:1,0
DA:2,0
DA:13,0
DA:15,0
DA:24,0
DA:34,0
DA:43,0
DA:52,0
DA:65,0
DA:73,0
DA:81,0
DA:91,0
LF:12
LH:0
BRF:0
BRH:0
end_of_record
TN:
SF:src/modules/tasks/dto/update-task.dto.ts
FNF:0
FNH:0
DA:1,0
DA:2,0
DA:4,0
LF:3
LH:0
BRF:0
BRH:0
end_of_record
TN:
SF:src/modules/users/users.controller.ts
FN:33,(anonymous_4)
FN:43,(anonymous_5)
FN:59,(anonymous_6)
FN:62,(anonymous_7)
FN:64,(anonymous_8)
FN:77,(anonymous_9)
FN:89,(anonymous_10)
FN:103,(anonymous_11)
FN:119,(anonymous_12)
FNF:9
FNH:0
FNDA:0,(anonymous_4)
FNDA:0,(anonymous_5)
FNDA:0,(anonymous_6)
FNDA:0,(anonymous_7)
FNDA:0,(anonymous_8)
FNDA:0,(anonymous_9)
FNDA:0,(anonymous_10)
FNDA:0,(anonymous_11)
FNDA:0,(anonymous_12)
DA:1,0
DA:14,0
DA:23,0
DA:24,0
DA:25,0
DA:26,0
DA:27,0
DA:32,0
DA:33,0
DA:43,0
DA:44,0
DA:59,0
DA:60,0
DA:61,0
DA:62,0
DA:63,0
DA:65,0
DA:67,0
DA:77,0
DA:78,0
DA:89,0
DA:90,0
DA:103,0
DA:107,0
DA:119,0
DA:120,0
LF:26
LH:0
BRDA:60,0,0,0
BRDA:60,0,1,0
BRF:2
BRH:0
end_of_record
TN:
SF:src/modules/users/users.module.ts
FNF:0
FNH:0
DA:1,0
DA:2,0
DA:3,0
DA:4,0
DA:5,0
DA:13,0
LF:6
LH:0
BRF:0
BRH:0
end_of_record
TN:
SF:src/modules/users/users.service.ts
FN:15,(anonymous_4)
FN:20,(anonymous_5)
FN:50,(anonymous_6)
FN:58,(anonymous_7)
FN:70,(anonymous_8)
FN:76,(anonymous_9)
FN:94,(anonymous_10)
FN:99,(anonymous_11)
FN:106,(anonymous_12)
FNF:9
FNH:9
FNDA:17,(anonymous_4)
FNDA:6,(anonymous_5)
FNDA:2,(anonymous_6)
FNDA:8,(anonymous_7)
FNDA:2,(anonymous_8)
FNDA:3,(anonymous_9)
FNDA:1,(anonymous_10)
FNDA:1,(anonymous_11)
FNDA:1,(anonymous_12)
DA:1,3
DA:6,3
DA:7,3
DA:8,3
DA:9,3
DA:14,3
DA:17,17
DA:22,6
DA:23,6
DA:27,6
DA:28,2
DA:33,4
DA:34,4
DA:35,3
DA:36,3
DA:37,3
DA:40,4
DA:47,4
DA:51,2
DA:52,2
DA:59,8
DA:63,8
DA:64,2
DA:67,6
DA:71,2
DA:77,3
DA:80,3
DA:81,1
DA:85,1
DA:86,1
DA:90,2
DA:91,2
DA:95,1
DA:96,1
DA:100,1
DA:107,1
DA:108,1
DA:109,1
DA:110,1
LF:39
LH:39
BRDA:22,0,0,6
BRDA:27,1,0,2
BRDA:34,2,0,3
BRDA:43,3,0,4
BRDA:43,3,1,1
BRDA:44,4,0,0
BRDA:44,4,1,4
BRDA:51,5,0,1
BRDA:51,5,1,1
BRDA:63,6,0,2
BRDA:80,7,0,1
BRDA:80,8,0,3
BRDA:80,8,1,2
BRDA:85,9,0,1
BRDA:106,10,0,0
BRF:15
BRH:13
end_of_record
TN:
SF:src/modules/users/dto/create-user.dto.ts
FNF:0
FNH:0
DA:1,0
DA:2,0
DA:11,0
DA:13,0
DA:22,0
DA:32,0
DA:43,0
DA:53,0
DA:64,0
DA:75,0
DA:86,0
DA:96,0
DA:106,0
LF:13
LH:0
BRF:0
BRH:0
end_of_record
TN:
SF:src/modules/users/dto/update-user.dto.ts
FNF:0
FNH:0
DA:1,0
DA:2,0
DA:4,0
LF:3
LH:0
BRF:0
BRH:0
end_of_record
TN:
SF:src/utils/crypto.util.ts
FN:11,(anonymous_0)
FN:20,(anonymous_1)
FN:45,(anonymous_2)
FNF:3
FNH:3
FNDA:15,(anonymous_0)
FNDA:12,(anonymous_1)
FNDA:10,(anonymous_2)
DA:1,1
DA:8,1
DA:12,15
DA:21,12
DA:22,0
DA:25,12
DA:26,12
DA:27,0
DA:31,12
DA:34,12
DA:35,12
DA:37,12
DA:46,10
DA:47,10
LF:14
LH:12
BRDA:21,0,0,0
BRDA:26,1,0,0
BRDA:47,2,0,10
BRDA:47,2,1,7
BRF:4
BRH:2
end_of_record
